
    Original test result:
    Initialized empty Git repository in /mnt/data/bias_validation_2021/patch_explorer_Bears/bears_opentracing-contrib-java-p6spy_390188323-431527545/bears_opentracing-contrib-java-p6spy_390188323-431527545/.git/
Apache Maven 3.3.9
Maven home: /usr/share/maven
Java version: 1.8.0_202, vendor: Oracle Corporation
Java home: /home/jiayu/env/jdk1.8.0_202/jre
Default locale: en_US, platform encoding: UTF8
OS name: "linux", version: "4.4.0-210-generic", arch: "amd64", family: "unix"
[INFO] Scanning for projects...
[INFO]                                                                         
[INFO] ------------------------------------------------------------------------
[INFO] Building io.opentracing.contrib:opentracing-p6spy 0.2.1-SNAPSHOT
[INFO] ------------------------------------------------------------------------
[INFO] 
[INFO] --- jacoco-maven-plugin:0.8.1:prepare-agent (prepare-agent) @ opentracing-p6spy ---
[INFO] Skipping JaCoCo execution because property jacoco.skip is set.
[INFO] argLine set to empty
[INFO] 
[INFO] --- maven-resources-plugin:2.6:resources (default-resources) @ opentracing-p6spy ---
[INFO] Using 'UTF-8' encoding to copy filtered resources.
[INFO] skip non existing resourceDirectory /mnt/data/bias_validation_2021/patch_explorer_Bears/bears_opentracing-contrib-java-p6spy_390188323-431527545/bears_opentracing-contrib-java-p6spy_390188323-431527545/src/main/resources
[INFO] 
[INFO] --- maven-compiler-plugin:3.7.0:compile (default-compile) @ opentracing-p6spy ---
[INFO] Nothing to compile - all classes are up to date
[INFO] 
[INFO] --- license-maven-plugin:3.0:check (default) @ opentracing-p6spy ---
[INFO] 
[INFO] --- maven-resources-plugin:2.6:testResources (default-testResources) @ opentracing-p6spy ---
[INFO] Using 'UTF-8' encoding to copy filtered resources.
[INFO] Copying 4 resources
[INFO] 
[INFO] --- maven-compiler-plugin:3.7.0:testCompile (default-testCompile) @ opentracing-p6spy ---
[INFO] Nothing to compile - all classes are up to date
[INFO] 
[INFO] --- maven-surefire-plugin:2.20.1:test (default-test) @ opentracing-p6spy ---
[INFO] 
[INFO] -------------------------------------------------------
[INFO]  T E S T S
[INFO] -------------------------------------------------------
[INFO] Running io.opentracing.contrib.p6spy.SpringTest
[INFO] Tests run: 3, Failures: 0, Errors: 0, Skipped: 0, Time elapsed: 1.056 s - in io.opentracing.contrib.p6spy.SpringTest
[INFO] Running io.opentracing.contrib.p6spy.HibernateTest
Hibernate: drop table Employee if exists
Hibernate: drop sequence if exists hibernate_sequence
Hibernate: create sequence hibernate_sequence start with 1 increment by 1
Hibernate: create table Employee (id bigint not null, primary key (id))
Hibernate: call next value for hibernate_sequence
Hibernate: insert into Employee (id) values (?)
Hibernate: drop table Employee if exists
Hibernate: drop sequence if exists hibernate_sequence
Hibernate: drop table Employee if exists
Hibernate: drop sequence if exists hibernate_sequence
Hibernate: create sequence hibernate_sequence start with 1 increment by 1
Hibernate: create table Employee (id bigint not null, primary key (id))
Hibernate: call next value for hibernate_sequence
Hibernate: insert into Employee (id) values (?)
Hibernate: drop table Employee if exists
Hibernate: drop sequence if exists hibernate_sequence
Hibernate: drop table Employee if exists
Hibernate: drop sequence if exists hibernate_sequence
Hibernate: create sequence hibernate_sequence start with 1 increment by 1
Hibernate: create table Employee (id bigint not null, primary key (id))
Hibernate: call next value for hibernate_sequence
Hibernate: insert into Employee (id) values (?)
Hibernate: drop table Employee if exists
Hibernate: drop sequence if exists hibernate_sequence
Hibernate: drop table Employee if exists
Hibernate: drop sequence if exists hibernate_sequence
Hibernate: create sequence hibernate_sequence start with 1 increment by 1
Hibernate: create table Employee (id bigint not null, primary key (id))
Hibernate: call next value for hibernate_sequence
Hibernate: insert into Employee (id) values (?)
Hibernate: drop table Employee if exists
Hibernate: drop sequence if exists hibernate_sequence
Hibernate: drop table Employee if exists
Hibernate: drop sequence if exists hibernate_sequence
Hibernate: create sequence hibernate_sequence start with 1 increment by 1
Hibernate: create table Employee (id bigint not null, primary key (id))
Hibernate: call next value for hibernate_sequence
Hibernate: insert into Employee (id) values (?)
Hibernate: drop table Employee if exists
Hibernate: drop sequence if exists hibernate_sequence
Hibernate: drop table Employee if exists
Hibernate: drop sequence if exists hibernate_sequence
Hibernate: create sequence hibernate_sequence start with 1 increment by 1
Hibernate: create table Employee (id bigint not null, primary key (id))
Hibernate: call next value for hibernate_sequence
Hibernate: insert into Employee (id) values (?)
Hibernate: drop table Employee if exists
Hibernate: drop sequence if exists hibernate_sequence
Hibernate: drop table Employee if exists
Hibernate: drop sequence if exists hibernate_sequence
Hibernate: create sequence hibernate_sequence start with 1 increment by 1
Hibernate: create table Employee (id bigint not null, primary key (id))
Hibernate: call next value for hibernate_sequence
Hibernate: insert into Employee (id) values (?)
Hibernate: drop table Employee if exists
Hibernate: drop sequence if exists hibernate_sequence
Hibernate: drop table Employee if exists
Hibernate: drop sequence if exists hibernate_sequence
Hibernate: create sequence hibernate_sequence start with 1 increment by 1
Hibernate: create table Employee (id bigint not null, primary key (id))
Hibernate: call next value for hibernate_sequence
Hibernate: insert into Employee (id) values (?)
Hibernate: drop table Employee if exists
Hibernate: drop sequence if exists hibernate_sequence
[INFO] Tests run: 11, Failures: 0, Errors: 0, Skipped: 0, Time elapsed: 4.262 s - in io.opentracing.contrib.p6spy.HibernateTest
[INFO] Running io.opentracing.contrib.p6spy.JdbcTest
[ERROR] Tests run: 5, Failures: 0, Errors: 1, Skipped: 0, Time elapsed: 2.737 s <<< FAILURE! - in io.opentracing.contrib.p6spy.JdbcTest
[ERROR] should_report_one_span_with_null_url(io.opentracing.contrib.p6spy.JdbcTest)  Time elapsed: 0.016 s  <<< ERROR!
java.lang.NullPointerException
	at io.opentracing.contrib.p6spy.JdbcTest.simulateExecuteQuery(JdbcTest.java:118)
	at io.opentracing.contrib.p6spy.JdbcTest.should_report_one_span_with_null_url(JdbcTest.java:67)

[INFO] 
[INFO] Results:
[INFO] 
[ERROR] Errors: 
[ERROR]   JdbcTest.should_report_one_span_with_null_url:67->simulateExecuteQuery:118 Â» NullPointer
[INFO] 
[ERROR] Tests run: 19, Failures: 0, Errors: 1, Skipped: 0
[INFO] 
[INFO] ------------------------------------------------------------------------
[INFO] BUILD FAILURE
[INFO] ------------------------------------------------------------------------
[INFO] Total time: 14.497 s
[INFO] Finished at: 2022-04-22T21:16:58+08:00
[INFO] Final Memory: 16M/297M
[INFO] ------------------------------------------------------------------------
[ERROR] Failed to execute goal org.apache.maven.plugins:maven-surefire-plugin:2.20.1:test (default-test) on project opentracing-p6spy: There are test failures.
[ERROR] 
[ERROR] Please refer to /mnt/data/bias_validation_2021/patch_explorer_Bears/bears_opentracing-contrib-java-p6spy_390188323-431527545/bears_opentracing-contrib-java-p6spy_390188323-431527545/target/surefire-reports for the individual test results.
[ERROR] Please refer to dump files (if any exist) [date]-jvmRun[N].dump, [date].dumpstream and [date]-jvmRun[N].dumpstream.
[ERROR] -> [Help 1]
[ERROR] 
[ERROR] To see the full stack trace of the errors, re-run Maven with the -e switch.
[ERROR] Re-run Maven using the -X switch to enable full debug logging.
[ERROR] 
[ERROR] For more information about the errors and possible solutions, please read the following articles:
[ERROR] [Help 1] http://cwiki.apache.org/confluence/display/MAVEN/MojoFailureException

    Applying patch result:
    patching file src/main/java/io/opentracing/contrib/p6spy/TracingP6SpyListener.java

    Test result after patching:
    Initialized empty Git repository in /mnt/data/bias_validation_2021/patch_explorer_Bears/bears_opentracing-contrib-java-p6spy_390188323-431527545/bears_opentracing-contrib-java-p6spy_390188323-431527545/.git/
Apache Maven 3.3.9
Maven home: /usr/share/maven
Java version: 1.8.0_202, vendor: Oracle Corporation
Java home: /home/jiayu/env/jdk1.8.0_202/jre
Default locale: en_US, platform encoding: UTF8
OS name: "linux", version: "4.4.0-210-generic", arch: "amd64", family: "unix"
[INFO] Scanning for projects...
[INFO]                                                                         
[INFO] ------------------------------------------------------------------------
[INFO] Building io.opentracing.contrib:opentracing-p6spy 0.2.1-SNAPSHOT
[INFO] ------------------------------------------------------------------------
[INFO] 
[INFO] --- jacoco-maven-plugin:0.8.1:prepare-agent (prepare-agent) @ opentracing-p6spy ---
[INFO] Skipping JaCoCo execution because property jacoco.skip is set.
[INFO] argLine set to empty
[INFO] 
[INFO] --- maven-resources-plugin:2.6:resources (default-resources) @ opentracing-p6spy ---
[INFO] Using 'UTF-8' encoding to copy filtered resources.
[INFO] skip non existing resourceDirectory /mnt/data/bias_validation_2021/patch_explorer_Bears/bears_opentracing-contrib-java-p6spy_390188323-431527545/bears_opentracing-contrib-java-p6spy_390188323-431527545/src/main/resources
[INFO] 
[INFO] --- maven-compiler-plugin:3.7.0:compile (default-compile) @ opentracing-p6spy ---
[INFO] Nothing to compile - all classes are up to date
[INFO] 
[INFO] --- license-maven-plugin:3.0:check (default) @ opentracing-p6spy ---
[INFO] 
[INFO] --- maven-resources-plugin:2.6:testResources (default-testResources) @ opentracing-p6spy ---
[INFO] Using 'UTF-8' encoding to copy filtered resources.
[INFO] Copying 4 resources
[INFO] 
[INFO] --- maven-compiler-plugin:3.7.0:testCompile (default-testCompile) @ opentracing-p6spy ---
[INFO] Nothing to compile - all classes are up to date
[INFO] 
[INFO] --- maven-surefire-plugin:2.20.1:test (default-test) @ opentracing-p6spy ---
[INFO] 
[INFO] -------------------------------------------------------
[INFO]  T E S T S
[INFO] -------------------------------------------------------
[INFO] Running io.opentracing.contrib.p6spy.SpringTest
[ERROR] Tests run: 3, Failures: 1, Errors: 0, Skipped: 0, Time elapsed: 0.921 s <<< FAILURE! - in io.opentracing.contrib.p6spy.SpringTest
[ERROR] test(io.opentracing.contrib.p6spy.SpringTest)  Time elapsed: 0.012 s  <<< FAILURE!
java.lang.AssertionError: expected:<java-p6spy> but was:<null>
	at io.opentracing.contrib.p6spy.SpringTest.test(SpringTest.java:60)

[INFO] Running io.opentracing.contrib.p6spy.HibernateTest
Hibernate: drop table Employee if exists
Hibernate: drop sequence if exists hibernate_sequence
Hibernate: create sequence hibernate_sequence start with 1 increment by 1
Hibernate: create table Employee (id bigint not null, primary key (id))
Hibernate: call next value for hibernate_sequence
Hibernate: insert into Employee (id) values (?)
Hibernate: drop table Employee if exists
Hibernate: drop sequence if exists hibernate_sequence
Hibernate: drop table Employee if exists
Hibernate: drop sequence if exists hibernate_sequence
Hibernate: create sequence hibernate_sequence start with 1 increment by 1
Hibernate: create table Employee (id bigint not null, primary key (id))
Hibernate: call next value for hibernate_sequence
Hibernate: insert into Employee (id) values (?)
Hibernate: drop table Employee if exists
Hibernate: drop sequence if exists hibernate_sequence
Hibernate: drop table Employee if exists
Hibernate: drop sequence if exists hibernate_sequence
Hibernate: create sequence hibernate_sequence start with 1 increment by 1
Hibernate: create table Employee (id bigint not null, primary key (id))
Hibernate: call next value for hibernate_sequence
Hibernate: insert into Employee (id) values (?)
Hibernate: drop table Employee if exists
Hibernate: drop sequence if exists hibernate_sequence
Hibernate: drop table Employee if exists
Hibernate: drop sequence if exists hibernate_sequence
Hibernate: create sequence hibernate_sequence start with 1 increment by 1
Hibernate: create table Employee (id bigint not null, primary key (id))
Hibernate: call next value for hibernate_sequence
Hibernate: insert into Employee (id) values (?)
Hibernate: drop table Employee if exists
Hibernate: drop sequence if exists hibernate_sequence
Hibernate: drop table Employee if exists
Hibernate: drop sequence if exists hibernate_sequence
Hibernate: create sequence hibernate_sequence start with 1 increment by 1
Hibernate: create table Employee (id bigint not null, primary key (id))
Hibernate: call next value for hibernate_sequence
Hibernate: insert into Employee (id) values (?)
Hibernate: drop table Employee if exists
Hibernate: drop sequence if exists hibernate_sequence
Hibernate: drop table Employee if exists
Hibernate: drop sequence if exists hibernate_sequence
Hibernate: create sequence hibernate_sequence start with 1 increment by 1
Hibernate: create table Employee (id bigint not null, primary key (id))
Hibernate: call next value for hibernate_sequence
Hibernate: insert into Employee (id) values (?)
Hibernate: drop table Employee if exists
Hibernate: drop sequence if exists hibernate_sequence
Hibernate: drop table Employee if exists
Hibernate: drop sequence if exists hibernate_sequence
Hibernate: create sequence hibernate_sequence start with 1 increment by 1
Hibernate: create table Employee (id bigint not null, primary key (id))
Hibernate: call next value for hibernate_sequence
Hibernate: insert into Employee (id) values (?)
Hibernate: drop table Employee if exists
Hibernate: drop sequence if exists hibernate_sequence
Hibernate: drop table Employee if exists
Hibernate: drop sequence if exists hibernate_sequence
Hibernate: create sequence hibernate_sequence start with 1 increment by 1
Hibernate: create table Employee (id bigint not null, primary key (id))
Hibernate: call next value for hibernate_sequence
Hibernate: insert into Employee (id) values (?)
Hibernate: drop table Employee if exists
Hibernate: drop sequence if exists hibernate_sequence
[ERROR] Tests run: 11, Failures: 3, Errors: 0, Skipped: 0, Time elapsed: 4.894 s <<< FAILURE! - in io.opentracing.contrib.p6spy.HibernateTest
[ERROR] hibernate(io.opentracing.contrib.p6spy.HibernateTest)  Time elapsed: 0.108 s  <<< FAILURE!
java.lang.AssertionError: expected:<java-p6spy> but was:<null>
	at io.opentracing.contrib.p6spy.HibernateTest.hibernate(HibernateTest.java:140)

[ERROR] jpa(io.opentracing.contrib.p6spy.HibernateTest)  Time elapsed: 0.621 s  <<< FAILURE!
java.lang.AssertionError: expected:<java-p6spy> but was:<null>
	at io.opentracing.contrib.p6spy.HibernateTest.jpa(HibernateTest.java:78)

[ERROR] withPeerNameInUrl(io.opentracing.contrib.p6spy.HibernateTest)  Time elapsed: 0.091 s  <<< FAILURE!
java.lang.AssertionError: expected:<java-p6spy> but was:<null>
	at io.opentracing.contrib.p6spy.HibernateTest.withPeerNameInUrl(HibernateTest.java:159)

[INFO] Running io.opentracing.contrib.p6spy.JdbcTest
[ERROR] Tests run: 5, Failures: 1, Errors: 0, Skipped: 0, Time elapsed: 2.254 s <<< FAILURE! - in io.opentracing.contrib.p6spy.JdbcTest
[ERROR] should_not_report_span_with_sql_exception(io.opentracing.contrib.p6spy.JdbcTest)  Time elapsed: 2.129 s  <<< FAILURE!
java.lang.AssertionError: expected:<0> but was:<1>
	at io.opentracing.contrib.p6spy.JdbcTest.should_not_report_span_with_sql_exception(JdbcTest.java:107)

[INFO] 
[INFO] Results:
[INFO] 
[ERROR] Failures: 
[ERROR]   HibernateTest.hibernate:140 expected:<java-p6spy> but was:<null>
[ERROR]   HibernateTest.jpa:78 expected:<java-p6spy> but was:<null>
[ERROR]   HibernateTest.withPeerNameInUrl:159 expected:<java-p6spy> but was:<null>
[ERROR]   JdbcTest.should_not_report_span_with_sql_exception:107 expected:<0> but was:<1>
[ERROR]   SpringTest.test:60 expected:<java-p6spy> but was:<null>
[INFO] 
[ERROR] Tests run: 19, Failures: 5, Errors: 0, Skipped: 0
[INFO] 
[INFO] ------------------------------------------------------------------------
[INFO] BUILD FAILURE
[INFO] ------------------------------------------------------------------------
[INFO] Total time: 13.748 s
[INFO] Finished at: 2022-04-22T21:17:31+08:00
[INFO] Final Memory: 17M/359M
[INFO] ------------------------------------------------------------------------
[ERROR] Failed to execute goal org.apache.maven.plugins:maven-surefire-plugin:2.20.1:test (default-test) on project opentracing-p6spy: There are test failures.
[ERROR] 
[ERROR] Please refer to /mnt/data/bias_validation_2021/patch_explorer_Bears/bears_opentracing-contrib-java-p6spy_390188323-431527545/bears_opentracing-contrib-java-p6spy_390188323-431527545/target/surefire-reports for the individual test results.
[ERROR] Please refer to dump files (if any exist) [date]-jvmRun[N].dump, [date].dumpstream and [date]-jvmRun[N].dumpstream.
[ERROR] -> [Help 1]
[ERROR] 
[ERROR] To see the full stack trace of the errors, re-run Maven with the -e switch.
[ERROR] Re-run Maven using the -X switch to enable full debug logging.
[ERROR] 
[ERROR] For more information about the errors and possible solutions, please read the following articles:
[ERROR] [Help 1] http://cwiki.apache.org/confluence/display/MAVEN/MojoFailureException

    