
    Original test result:
    Initialized empty Git repository in /mnt/data/bias_validation_2021/patch_explorer_Bears/bears_traccar-traccar_255051210-255052458/bears_traccar-traccar_255051210-255052458/.git/
Apache Maven 3.3.9
Maven home: /usr/share/maven
Java version: 1.8.0_202, vendor: Oracle Corporation
Java home: /home/jiayu/env/jdk1.8.0_202/jre
Default locale: en_US, platform encoding: UTF8
OS name: "linux", version: "4.4.0-210-generic", arch: "amd64", family: "unix"
[INFO] Scanning for projects...
[INFO]                                                                         
[INFO] ------------------------------------------------------------------------
[INFO] Building traccar 3.12-SNAPSHOT
[INFO] ------------------------------------------------------------------------
[INFO] 
[INFO] --- maven-checkstyle-plugin:2.17:check (checkstyle) @ traccar ---
[INFO] 
[INFO] --- maven-enforcer-plugin:1.4.1:enforce (enforce-bytecode-version) @ traccar ---
[INFO] Skipping Rule Enforcement.
[INFO] 
[INFO] --- maven-resources-plugin:2.6:resources (default-resources) @ traccar ---
[INFO] Using 'UTF-8' encoding to copy filtered resources.
[INFO] Copying 0 resource
[INFO] 
[INFO] --- maven-compiler-plugin:3.6.1:compile (default-compile) @ traccar ---
[INFO] Nothing to compile - all classes are up to date
[INFO] 
[INFO] --- maven-resources-plugin:2.6:testResources (default-testResources) @ traccar ---
[INFO] Using 'UTF-8' encoding to copy filtered resources.
[INFO] skip non existing resourceDirectory /mnt/data/bias_validation_2021/patch_explorer_Bears/bears_traccar-traccar_255051210-255052458/bears_traccar-traccar_255051210-255052458/src/test/resources
[INFO] 
[INFO] --- maven-compiler-plugin:3.6.1:testCompile (default-testCompile) @ traccar ---
[INFO] Nothing to compile - all classes are up to date
[INFO] 
[INFO] --- maven-surefire-plugin:2.17:test (default-test) @ traccar ---
[INFO] Surefire report directory: /mnt/data/bias_validation_2021/patch_explorer_Bears/bears_traccar-traccar_255051210-255052458/bears_traccar-traccar_255051210-255052458/target/surefire-reports

-------------------------------------------------------
 T E S T S
-------------------------------------------------------
Picked up JAVA_TOOL_OPTIONS: -Dfile.encoding=UTF8
Picked up _JAVA_OPTIONS: -Djdk.net.URLClassPath.disableClassPathURLCheck=true
Running org.traccar.web.WebServerTest
Tests run: 1, Failures: 0, Errors: 0, Skipped: 0, Time elapsed: 0.241 sec - in org.traccar.web.WebServerTest
Running org.traccar.geocoder.GeocoderTest
Tests run: 1, Failures: 0, Errors: 0, Skipped: 1, Time elapsed: 0 sec - in org.traccar.geocoder.GeocoderTest
Running org.traccar.geocoder.AddressFormatTest
Tests run: 1, Failures: 0, Errors: 0, Skipped: 0, Time elapsed: 0.006 sec - in org.traccar.geocoder.AddressFormatTest
Running org.traccar.events.MotionEventHandlerTest
Tests run: 1, Failures: 0, Errors: 0, Skipped: 0, Time elapsed: 0.922 sec - in org.traccar.events.MotionEventHandlerTest
Running org.traccar.events.AlertEventHandlerTest
Tests run: 1, Failures: 0, Errors: 0, Skipped: 0, Time elapsed: 0 sec - in org.traccar.events.AlertEventHandlerTest
Running org.traccar.events.CommandResultEventHandlerTest
Tests run: 1, Failures: 0, Errors: 0, Skipped: 0, Time elapsed: 0.003 sec - in org.traccar.events.CommandResultEventHandlerTest
Running org.traccar.events.IgnitionEventHandlerTest
Tests run: 1, Failures: 0, Errors: 0, Skipped: 0, Time elapsed: 0.002 sec - in org.traccar.events.IgnitionEventHandlerTest
Running org.traccar.geofence.GeofencePolygonTest
Tests run: 4, Failures: 0, Errors: 0, Skipped: 0, Time elapsed: 0.025 sec - in org.traccar.geofence.GeofencePolygonTest
Running org.traccar.geofence.GeofenceCircleTest
Tests run: 2, Failures: 0, Errors: 0, Skipped: 0, Time elapsed: 0.016 sec - in org.traccar.geofence.GeofenceCircleTest
Running org.traccar.geofence.GeofencePolylineTest
Tests run: 4, Failures: 0, Errors: 0, Skipped: 0, Time elapsed: 0.022 sec - in org.traccar.geofence.GeofencePolylineTest
Running org.traccar.protocol.MeitrackProtocolDecoderTest
Tests run: 1, Failures: 0, Errors: 1, Skipped: 0, Time elapsed: 0.105 sec <<< FAILURE! - in org.traccar.protocol.MeitrackProtocolDecoderTest
testDecode(org.traccar.protocol.MeitrackProtocolDecoderTest)  Time elapsed: 0.099 sec  <<< ERROR!
java.lang.NullPointerException: null
	at org.traccar.BaseProtocolDecoder.getDeviceSession(BaseProtocolDecoder.java:109)
	at org.traccar.protocol.MeitrackProtocolDecoder.decodeRegularMessage(MeitrackProtocolDecoder.java:122)
	at org.traccar.protocol.MeitrackProtocolDecoder.decode(MeitrackProtocolDecoder.java:326)
	at org.traccar.ProtocolTest.verifyNotNull(ProtocolTest.java:82)
	at org.traccar.protocol.MeitrackProtocolDecoderTest.testDecode(MeitrackProtocolDecoderTest.java:14)

Running org.traccar.protocol.WondexProtocolEncoderTest
Tests run: 1, Failures: 0, Errors: 0, Skipped: 0, Time elapsed: 0.002 sec - in org.traccar.protocol.WondexProtocolEncoderTest
Running org.traccar.protocol.MeitrackFrameDecoderTest
Tests run: 1, Failures: 0, Errors: 0, Skipped: 0, Time elapsed: 0.006 sec - in org.traccar.protocol.MeitrackFrameDecoderTest
Running org.traccar.protocol.CellocatorProtocolEncoderTest
Tests run: 1, Failures: 0, Errors: 0, Skipped: 1, Time elapsed: 0.001 sec - in org.traccar.protocol.CellocatorProtocolEncoderTest
Running org.traccar.protocol.Pt3000ProtocolDecoderTest
Tests run: 1, Failures: 0, Errors: 1, Skipped: 0, Time elapsed: 0.009 sec <<< FAILURE! - in org.traccar.protocol.Pt3000ProtocolDecoderTest
testDecode(org.traccar.protocol.Pt3000ProtocolDecoderTest)  Time elapsed: 0.008 sec  <<< ERROR!
java.lang.NullPointerException: null
	at org.traccar.BaseProtocolDecoder.getDeviceSession(BaseProtocolDecoder.java:109)
	at org.traccar.protocol.Pt3000ProtocolDecoder.decode(Pt3000ProtocolDecoder.java:62)
	at org.traccar.ProtocolTest.verifyPosition(ProtocolTest.java:102)
	at org.traccar.protocol.Pt3000ProtocolDecoderTest.testDecode(Pt3000ProtocolDecoderTest.java:13)

Running org.traccar.protocol.NavigilProtocolDecoderTest
Tests run: 1, Failures: 0, Errors: 1, Skipped: 0, Time elapsed: 0.03 sec <<< FAILURE! - in org.traccar.protocol.NavigilProtocolDecoderTest
testDecode(org.traccar.protocol.NavigilProtocolDecoderTest)  Time elapsed: 0.001 sec  <<< ERROR!
java.lang.NullPointerException: null
	at org.traccar.BaseProtocolDecoder.getDeviceSession(BaseProtocolDecoder.java:109)
	at org.traccar.protocol.NavigilProtocolDecoder.decode(NavigilProtocolDecoder.java:285)
	at org.traccar.ProtocolTest.verifyNull(ProtocolTest.java:86)
	at org.traccar.protocol.NavigilProtocolDecoderTest.testDecode(NavigilProtocolDecoderTest.java:15)

Running org.traccar.protocol.HuabaoFrameDecoderTest
Tests run: 1, Failures: 0, Errors: 0, Skipped: 0, Time elapsed: 0.009 sec - in org.traccar.protocol.HuabaoFrameDecoderTest
Running org.traccar.protocol.TrakMateProtocolDecoderTest
Tests run: 1, Failures: 0, Errors: 1, Skipped: 0, Time elapsed: 0.012 sec <<< FAILURE! - in org.traccar.protocol.TrakMateProtocolDecoderTest
testDecode(org.traccar.protocol.TrakMateProtocolDecoderTest)  Time elapsed: 0.003 sec  <<< ERROR!
java.lang.NullPointerException: null
	at org.traccar.BaseProtocolDecoder.getDeviceSession(BaseProtocolDecoder.java:109)
	at org.traccar.protocol.TrakMateProtocolDecoder.decodePer(TrakMateProtocolDecoder.java:168)
	at org.traccar.protocol.TrakMateProtocolDecoder.decode(TrakMateProtocolDecoder.java:220)
	at org.traccar.ProtocolTest.verifyPosition(ProtocolTest.java:98)
	at org.traccar.protocol.TrakMateProtocolDecoderTest.testDecode(TrakMateProtocolDecoderTest.java:13)

Running org.traccar.protocol.SupermateProtocolDecoderTest
Tests run: 1, Failures: 0, Errors: 1, Skipped: 0, Time elapsed: 0.009 sec <<< FAILURE! - in org.traccar.protocol.SupermateProtocolDecoderTest
testDecode(org.traccar.protocol.SupermateProtocolDecoderTest)  Time elapsed: 0.005 sec  <<< ERROR!
java.lang.NullPointerException: null
	at org.traccar.BaseProtocolDecoder.getDeviceSession(BaseProtocolDecoder.java:109)
	at org.traccar.protocol.SupermateProtocolDecoder.decode(SupermateProtocolDecoder.java:72)
	at org.traccar.ProtocolTest.verifyPosition(ProtocolTest.java:98)
	at org.traccar.protocol.SupermateProtocolDecoderTest.testDecode(SupermateProtocolDecoderTest.java:13)

Running org.traccar.protocol.GalileoProtocolDecoderTest
Tests run: 1, Failures: 0, Errors: 1, Skipped: 0, Time elapsed: 0.006 sec <<< FAILURE! - in org.traccar.protocol.GalileoProtocolDecoderTest
testDecode(org.traccar.protocol.GalileoProtocolDecoderTest)  Time elapsed: 0.002 sec  <<< ERROR!
java.lang.NullPointerException: null
	at org.traccar.BaseProtocolDecoder.getDeviceSession(BaseProtocolDecoder.java:109)
	at org.traccar.protocol.GalileoProtocolDecoder.decode(GalileoProtocolDecoder.java:268)
	at org.traccar.ProtocolTest.verifyPositions(ProtocolTest.java:110)
	at org.traccar.protocol.GalileoProtocolDecoderTest.testDecode(GalileoProtocolDecoderTest.java:15)

Running org.traccar.protocol.LaipacProtocolDecoderTest
Tests run: 1, Failures: 0, Errors: 1, Skipped: 0, Time elapsed: 0.004 sec <<< FAILURE! - in org.traccar.protocol.LaipacProtocolDecoderTest
testDecode(org.traccar.protocol.LaipacProtocolDecoderTest)  Time elapsed: 0.001 sec  <<< ERROR!
java.lang.NullPointerException: null
	at org.traccar.BaseProtocolDecoder.getDeviceSession(BaseProtocolDecoder.java:109)
	at org.traccar.protocol.LaipacProtocolDecoder.decode(LaipacProtocolDecoder.java:69)
	at org.traccar.ProtocolTest.verifyPosition(ProtocolTest.java:98)
	at org.traccar.protocol.LaipacProtocolDecoderTest.testDecode(LaipacProtocolDecoderTest.java:13)

Running org.traccar.protocol.KenjiProtocolDecoderTest
Tests run: 1, Failures: 0, Errors: 1, Skipped: 0, Time elapsed: 0.014 sec <<< FAILURE! - in org.traccar.protocol.KenjiProtocolDecoderTest
testDecode(org.traccar.protocol.KenjiProtocolDecoderTest)  Time elapsed: 0.014 sec  <<< ERROR!
java.lang.NullPointerException: null
	at org.traccar.BaseProtocolDecoder.getDeviceSession(BaseProtocolDecoder.java:109)
	at org.traccar.protocol.KenjiProtocolDecoder.decode(KenjiProtocolDecoder.java:82)
	at org.traccar.ProtocolTest.verifyPosition(ProtocolTest.java:102)
	at org.traccar.protocol.KenjiProtocolDecoderTest.testDecode(KenjiProtocolDecoderTest.java:13)

Running org.traccar.protocol.TrvProtocolDecoderTest
Tests run: 1, Failures: 0, Errors: 1, Skipped: 0, Time elapsed: 0.018 sec <<< FAILURE! - in org.traccar.protocol.TrvProtocolDecoderTest
testDecode(org.traccar.protocol.TrvProtocolDecoderTest)  Time elapsed: 0.002 sec  <<< ERROR!
java.lang.NullPointerException: null
	at org.traccar.BaseProtocolDecoder.getDeviceSession(BaseProtocolDecoder.java:109)
	at org.traccar.protocol.TrvProtocolDecoder.decode(TrvProtocolDecoder.java:96)
	at org.traccar.ProtocolTest.verifyNull(ProtocolTest.java:86)
	at org.traccar.protocol.TrvProtocolDecoderTest.testDecode(TrvProtocolDecoderTest.java:13)

Running org.traccar.protocol.T800xProtocolDecoderTest
Tests run: 1, Failures: 0, Errors: 1, Skipped: 0, Time elapsed: 0.002 sec <<< FAILURE! - in org.traccar.protocol.T800xProtocolDecoderTest
testDecode(org.traccar.protocol.T800xProtocolDecoderTest)  Time elapsed: 0.001 sec  <<< ERROR!
java.lang.NullPointerException: null
	at org.traccar.BaseProtocolDecoder.getDeviceSession(BaseProtocolDecoder.java:109)
	at org.traccar.protocol.T800xProtocolDecoder.decode(T800xProtocolDecoder.java:96)
	at org.traccar.ProtocolTest.verifyNull(ProtocolTest.java:86)
	at org.traccar.protocol.T800xProtocolDecoderTest.testDecode(T800xProtocolDecoderTest.java:13)

Running org.traccar.protocol.EnforaProtocolDecoderTest
Tests run: 1, Failures: 0, Errors: 1, Skipped: 0, Time elapsed: 0.002 sec <<< FAILURE! - in org.traccar.protocol.EnforaProtocolDecoderTest
testDecode(org.traccar.protocol.EnforaProtocolDecoderTest)  Time elapsed: 0.001 sec  <<< ERROR!
java.lang.NullPointerException: null
	at org.traccar.BaseProtocolDecoder.getDeviceSession(BaseProtocolDecoder.java:109)
	at org.traccar.protocol.EnforaProtocolDecoder.decode(EnforaProtocolDecoder.java:81)
	at org.traccar.ProtocolTest.verifyNull(ProtocolTest.java:86)
	at org.traccar.protocol.EnforaProtocolDecoderTest.testDecode(EnforaProtocolDecoderTest.java:13)

Running org.traccar.protocol.BceProtocolDecoderTest
Tests run: 1, Failures: 0, Errors: 1, Skipped: 0, Time elapsed: 0.001 sec <<< FAILURE! - in org.traccar.protocol.BceProtocolDecoderTest
testDecode(org.traccar.protocol.BceProtocolDecoderTest)  Time elapsed: 0.001 sec  <<< ERROR!
java.lang.NullPointerException: null
	at org.traccar.BaseProtocolDecoder.getDeviceSession(BaseProtocolDecoder.java:109)
	at org.traccar.protocol.BceProtocolDecoder.decode(BceProtocolDecoder.java:55)
	at org.traccar.ProtocolTest.verifyPositions(ProtocolTest.java:106)
	at org.traccar.protocol.BceProtocolDecoderTest.testDecode(BceProtocolDecoderTest.java:15)

Running org.traccar.protocol.Gt06FrameDecoderTest
Tests run: 1, Failures: 0, Errors: 0, Skipped: 0, Time elapsed: 0.004 sec - in org.traccar.protocol.Gt06FrameDecoderTest
Running org.traccar.protocol.Gl200TextProtocolDecoderTest
Tests run: 1, Failures: 0, Errors: 1, Skipped: 0, Time elapsed: 0.031 sec <<< FAILURE! - in org.traccar.protocol.Gl200TextProtocolDecoderTest
testDecode(org.traccar.protocol.Gl200TextProtocolDecoderTest)  Time elapsed: 0.006 sec  <<< ERROR!
java.lang.NullPointerException: null
	at org.traccar.BaseProtocolDecoder.getDeviceSession(BaseProtocolDecoder.java:109)
	at org.traccar.protocol.Gl200TextProtocolDecoder.initPosition(Gl200TextProtocolDecoder.java:369)
	at org.traccar.protocol.Gl200TextProtocolDecoder.decodeBasic(Gl200TextProtocolDecoder.java:744)
	at org.traccar.protocol.Gl200TextProtocolDecoder.decode(Gl200TextProtocolDecoder.java:863)
	at org.traccar.ProtocolTest.verifyPosition(ProtocolTest.java:98)
	at org.traccar.protocol.Gl200TextProtocolDecoderTest.testDecode(Gl200TextProtocolDecoderTest.java:13)

Running org.traccar.protocol.RitiProtocolDecoderTest
Tests run: 1, Failures: 0, Errors: 1, Skipped: 0, Time elapsed: 0.003 sec <<< FAILURE! - in org.traccar.protocol.RitiProtocolDecoderTest
testDecode(org.traccar.protocol.RitiProtocolDecoderTest)  Time elapsed: 0.002 sec  <<< ERROR!
java.lang.NullPointerException: null
	at org.traccar.BaseProtocolDecoder.getDeviceSession(BaseProtocolDecoder.java:109)
	at org.traccar.protocol.RitiProtocolDecoder.decode(RitiProtocolDecoder.java:62)
	at org.traccar.ProtocolTest.verifyPosition(ProtocolTest.java:98)
	at org.traccar.protocol.RitiProtocolDecoderTest.testDecode(RitiProtocolDecoderTest.java:15)

Running org.traccar.protocol.GalileoFrameDecoderTest
Tests run: 1, Failures: 0, Errors: 0, Skipped: 0, Time elapsed: 0.002 sec - in org.traccar.protocol.GalileoFrameDecoderTest
Running org.traccar.protocol.IdplProtocolDecoderTest
Tests run: 1, Failures: 0, Errors: 1, Skipped: 0, Time elapsed: 0.02 sec <<< FAILURE! - in org.traccar.protocol.IdplProtocolDecoderTest
testDecode(org.traccar.protocol.IdplProtocolDecoderTest)  Time elapsed: 0.005 sec  <<< ERROR!
java.lang.NullPointerException: null
	at org.traccar.BaseProtocolDecoder.getDeviceSession(BaseProtocolDecoder.java:109)
	at org.traccar.protocol.IdplProtocolDecoder.decode(IdplProtocolDecoder.java:77)
	at org.traccar.ProtocolTest.verifyPosition(ProtocolTest.java:102)
	at org.traccar.protocol.IdplProtocolDecoderTest.testDecode(IdplProtocolDecoderTest.java:13)

Running org.traccar.protocol.Avl301ProtocolDecoderTest
Tests run: 1, Failures: 0, Errors: 1, Skipped: 0, Time elapsed: 0.003 sec <<< FAILURE! - in org.traccar.protocol.Avl301ProtocolDecoderTest
testDecode(org.traccar.protocol.Avl301ProtocolDecoderTest)  Time elapsed: 0.001 sec  <<< ERROR!
java.lang.NullPointerException: null
	at org.traccar.BaseProtocolDecoder.getDeviceSession(BaseProtocolDecoder.java:109)
	at org.traccar.protocol.Avl301ProtocolDecoder.decode(Avl301ProtocolDecoder.java:75)
	at org.traccar.ProtocolTest.verifyNull(ProtocolTest.java:86)
	at org.traccar.protocol.Avl301ProtocolDecoderTest.testDecode(Avl301ProtocolDecoderTest.java:14)

Running org.traccar.protocol.CguardProtocolDecoderTest
Tests run: 1, Failures: 0, Errors: 1, Skipped: 0, Time elapsed: 0.002 sec <<< FAILURE! - in org.traccar.protocol.CguardProtocolDecoderTest
testDecode(org.traccar.protocol.CguardProtocolDecoderTest)  Time elapsed: 0.002 sec  <<< ERROR!
java.lang.NullPointerException: null
	at org.traccar.BaseProtocolDecoder.getDeviceSession(BaseProtocolDecoder.java:109)
	at org.traccar.protocol.CguardProtocolDecoder.decode(CguardProtocolDecoder.java:126)
	at org.traccar.ProtocolTest.verifyNull(ProtocolTest.java:86)
	at org.traccar.protocol.CguardProtocolDecoderTest.testDecode(CguardProtocolDecoderTest.java:13)

Running org.traccar.protocol.EelinkProtocolEncoderTest
Tests run: 1, Failures: 0, Errors: 0, Skipped: 0, Time elapsed: 0.002 sec - in org.traccar.protocol.EelinkProtocolEncoderTest
Running org.traccar.protocol.UlbotechProtocolDecoderTest
Tests run: 1, Failures: 0, Errors: 1, Skipped: 0, Time elapsed: 0.002 sec <<< FAILURE! - in org.traccar.protocol.UlbotechProtocolDecoderTest
testDecode(org.traccar.protocol.UlbotechProtocolDecoderTest)  Time elapsed: 0.002 sec  <<< ERROR!
java.lang.NullPointerException: null
	at org.traccar.BaseProtocolDecoder.getDeviceSession(BaseProtocolDecoder.java:109)
	at org.traccar.protocol.UlbotechProtocolDecoder.decodeText(UlbotechProtocolDecoder.java:186)
	at org.traccar.protocol.UlbotechProtocolDecoder.decode(UlbotechProtocolDecoder.java:366)
	at org.traccar.ProtocolTest.verifyAttributes(ProtocolTest.java:94)
	at org.traccar.protocol.UlbotechProtocolDecoderTest.testDecode(UlbotechProtocolDecoderTest.java:16)

Running org.traccar.protocol.BoxProtocolDecoderTest
Tests run: 1, Failures: 0, Errors: 1, Skipped: 0, Time elapsed: 0.017 sec <<< FAILURE! - in org.traccar.protocol.BoxProtocolDecoderTest
testDecode(org.traccar.protocol.BoxProtocolDecoderTest)  Time elapsed: 0.001 sec  <<< ERROR!
java.lang.NullPointerException: null
	at org.traccar.BaseProtocolDecoder.getDeviceSession(BaseProtocolDecoder.java:109)
	at org.traccar.protocol.BoxProtocolDecoder.decode(BoxProtocolDecoder.java:60)
	at org.traccar.ProtocolTest.verifyNull(ProtocolTest.java:86)
	at org.traccar.protocol.BoxProtocolDecoderTest.testDecode(BoxProtocolDecoderTest.java:14)

Running org.traccar.protocol.OsmAndProtocolDecoderTest
Tests run: 1, Failures: 0, Errors: 1, Skipped: 0, Time elapsed: 0.051 sec <<< FAILURE! - in org.traccar.protocol.OsmAndProtocolDecoderTest
testDecode(org.traccar.protocol.OsmAndProtocolDecoderTest)  Time elapsed: 0.037 sec  <<< ERROR!
java.lang.NullPointerException: null
	at org.traccar.BaseProtocolDecoder.getDeviceSession(BaseProtocolDecoder.java:109)
	at org.traccar.protocol.OsmAndProtocolDecoder.decode(OsmAndProtocolDecoder.java:74)
	at org.traccar.ProtocolTest.verifyPosition(ProtocolTest.java:98)
	at org.traccar.protocol.OsmAndProtocolDecoderTest.testDecode(OsmAndProtocolDecoderTest.java:16)

Running org.traccar.protocol.TrackboxProtocolDecoderTest
Tests run: 1, Failures: 0, Errors: 1, Skipped: 0, Time elapsed: 0.01 sec <<< FAILURE! - in org.traccar.protocol.TrackboxProtocolDecoderTest
testDecode(org.traccar.protocol.TrackboxProtocolDecoderTest)  Time elapsed: 0.009 sec  <<< ERROR!
java.lang.NullPointerException: null
	at org.traccar.BaseProtocolDecoder.getDeviceSession(BaseProtocolDecoder.java:109)
	at org.traccar.protocol.TrackboxProtocolDecoder.decode(TrackboxProtocolDecoder.java:63)
	at org.traccar.ProtocolTest.verifyNull(ProtocolTest.java:86)
	at org.traccar.protocol.TrackboxProtocolDecoderTest.testDecode(TrackboxProtocolDecoderTest.java:13)

Running org.traccar.protocol.MiniFinderProtocolEncoderTest
Tests run: 1, Failures: 0, Errors: 0, Skipped: 0, Time elapsed: 0.002 sec - in org.traccar.protocol.MiniFinderProtocolEncoderTest
Running org.traccar.protocol.StarLinkProtocolDecoderTest
Tests run: 1, Failures: 0, Errors: 1, Skipped: 0, Time elapsed: 0.002 sec <<< FAILURE! - in org.traccar.protocol.StarLinkProtocolDecoderTest
testDecode(org.traccar.protocol.StarLinkProtocolDecoderTest)  Time elapsed: 0.001 sec  <<< ERROR!
java.lang.NullPointerException: null
	at org.traccar.BaseProtocolDecoder.getDeviceSession(BaseProtocolDecoder.java:109)
	at org.traccar.protocol.StarLinkProtocolDecoder.decode(StarLinkProtocolDecoder.java:81)
	at org.traccar.ProtocolTest.verifyAttributes(ProtocolTest.java:94)
	at org.traccar.protocol.StarLinkProtocolDecoderTest.testDecode(StarLinkProtocolDecoderTest.java:13)

Running org.traccar.protocol.Jt600FrameDecoderTest
Tests run: 1, Failures: 0, Errors: 0, Skipped: 0, Time elapsed: 0.005 sec - in org.traccar.protocol.Jt600FrameDecoderTest
Running org.traccar.protocol.ExtremTracProtocolDecoderTest
Tests run: 1, Failures: 0, Errors: 1, Skipped: 0, Time elapsed: 0.031 sec <<< FAILURE! - in org.traccar.protocol.ExtremTracProtocolDecoderTest
testDecode(org.traccar.protocol.ExtremTracProtocolDecoderTest)  Time elapsed: 0.021 sec  <<< ERROR!
java.lang.NullPointerException: null
	at org.traccar.BaseProtocolDecoder.getDeviceSession(BaseProtocolDecoder.java:109)
	at org.traccar.protocol.ExtremTracProtocolDecoder.decode(ExtremTracProtocolDecoder.java:59)
	at org.traccar.ProtocolTest.verifyPosition(ProtocolTest.java:98)
	at org.traccar.protocol.ExtremTracProtocolDecoderTest.testDecode(ExtremTracProtocolDecoderTest.java:13)

Running org.traccar.protocol.NoranProtocolEncoderTest
Tests run: 1, Failures: 0, Errors: 0, Skipped: 0, Time elapsed: 0.014 sec - in org.traccar.protocol.NoranProtocolEncoderTest
Running org.traccar.protocol.GoSafeProtocolDecoderTest
Tests run: 1, Failures: 0, Errors: 1, Skipped: 0, Time elapsed: 0.033 sec <<< FAILURE! - in org.traccar.protocol.GoSafeProtocolDecoderTest
testDecode(org.traccar.protocol.GoSafeProtocolDecoderTest)  Time elapsed: 0.024 sec  <<< ERROR!
java.lang.NullPointerException: null
	at org.traccar.BaseProtocolDecoder.getDeviceSession(BaseProtocolDecoder.java:109)
	at org.traccar.protocol.GoSafeProtocolDecoder.decode(GoSafeProtocolDecoder.java:214)
	at org.traccar.ProtocolTest.verifyPositions(ProtocolTest.java:106)
	at org.traccar.protocol.GoSafeProtocolDecoderTest.testDecode(GoSafeProtocolDecoderTest.java:13)

Running org.traccar.protocol.MaestroProtocolDecoderTest
Tests run: 1, Failures: 0, Errors: 1, Skipped: 0, Time elapsed: 0.006 sec <<< FAILURE! - in org.traccar.protocol.MaestroProtocolDecoderTest
testDecode(org.traccar.protocol.MaestroProtocolDecoderTest)  Time elapsed: 0.001 sec  <<< ERROR!
java.lang.NullPointerException: null
	at org.traccar.BaseProtocolDecoder.getDeviceSession(BaseProtocolDecoder.java:109)
	at org.traccar.protocol.MaestroProtocolDecoder.decode(MaestroProtocolDecoder.java:68)
	at org.traccar.ProtocolTest.verifyPosition(ProtocolTest.java:98)
	at org.traccar.protocol.MaestroProtocolDecoderTest.testDecode(MaestroProtocolDecoderTest.java:13)

Running org.traccar.protocol.DishaProtocolDecoderTest
Tests run: 1, Failures: 0, Errors: 1, Skipped: 0, Time elapsed: 0.004 sec <<< FAILURE! - in org.traccar.protocol.DishaProtocolDecoderTest
testDecode(org.traccar.protocol.DishaProtocolDecoderTest)  Time elapsed: 0.002 sec  <<< ERROR!
java.lang.NullPointerException: null
	at org.traccar.BaseProtocolDecoder.getDeviceSession(BaseProtocolDecoder.java:109)
	at org.traccar.protocol.DishaProtocolDecoder.decode(DishaProtocolDecoder.java:71)
	at org.traccar.ProtocolTest.verifyPosition(ProtocolTest.java:98)
	at org.traccar.protocol.DishaProtocolDecoderTest.testDecode(DishaProtocolDecoderTest.java:13)

Running org.traccar.protocol.SkypatrolProtocolDecoderTest
Tests run: 1, Failures: 0, Errors: 1, Skipped: 0, Time elapsed: 0.003 sec <<< FAILURE! - in org.traccar.protocol.SkypatrolProtocolDecoderTest
testDecode(org.traccar.protocol.SkypatrolProtocolDecoderTest)  Time elapsed: 0.002 sec  <<< ERROR!
java.lang.NullPointerException: null
	at org.traccar.BaseProtocolDecoder.getDeviceSession(BaseProtocolDecoder.java:109)
	at org.traccar.protocol.SkypatrolProtocolDecoder.decode(SkypatrolProtocolDecoder.java:88)
	at org.traccar.ProtocolTest.verifyPosition(ProtocolTest.java:98)
	at org.traccar.protocol.SkypatrolProtocolDecoderTest.testDecode(SkypatrolProtocolDecoderTest.java:19)

Running org.traccar.protocol.GpsmtaProtocolDecoderTest
Tests run: 1, Failures: 0, Errors: 1, Skipped: 0, Time elapsed: 0.01 sec <<< FAILURE! - in org.traccar.protocol.GpsmtaProtocolDecoderTest
testDecode(org.traccar.protocol.GpsmtaProtocolDecoderTest)  Time elapsed: 0.009 sec  <<< ERROR!
java.lang.NullPointerException: null
	at org.traccar.BaseProtocolDecoder.getDeviceSession(BaseProtocolDecoder.java:109)
	at org.traccar.protocol.GpsmtaProtocolDecoder.decode(GpsmtaProtocolDecoder.java:63)
	at org.traccar.ProtocolTest.verifyPosition(ProtocolTest.java:98)
	at org.traccar.protocol.GpsmtaProtocolDecoderTest.testDecode(GpsmtaProtocolDecoderTest.java:13)

Running org.traccar.protocol.BlackKiteProtocolDecoderTest
Tests run: 1, Failures: 0, Errors: 1, Skipped: 0, Time elapsed: 0.001 sec <<< FAILURE! - in org.traccar.protocol.BlackKiteProtocolDecoderTest
testDecode(org.traccar.protocol.BlackKiteProtocolDecoderTest)  Time elapsed: 0.001 sec  <<< ERROR!
java.lang.NullPointerException: null
	at org.traccar.BaseProtocolDecoder.getDeviceSession(BaseProtocolDecoder.java:109)
	at org.traccar.protocol.BlackKiteProtocolDecoder.decode(BlackKiteProtocolDecoder.java:99)
	at org.traccar.ProtocolTest.verifyNull(ProtocolTest.java:86)
	at org.traccar.protocol.BlackKiteProtocolDecoderTest.testDecode(BlackKiteProtocolDecoderTest.java:15)

Running org.traccar.protocol.KhdProtocolEncoderTest
Tests run: 1, Failures: 0, Errors: 0, Skipped: 0, Time elapsed: 0.002 sec - in org.traccar.protocol.KhdProtocolEncoderTest
Running org.traccar.protocol.XexunFrameDecoderTest
Tests run: 1, Failures: 0, Errors: 0, Skipped: 0, Time elapsed: 0 sec - in org.traccar.protocol.XexunFrameDecoderTest
Running org.traccar.protocol.PricolProtocolDecoderTest
Tests run: 1, Failures: 0, Errors: 1, Skipped: 0, Time elapsed: 0.001 sec <<< FAILURE! - in org.traccar.protocol.PricolProtocolDecoderTest
testDecode(org.traccar.protocol.PricolProtocolDecoderTest)  Time elapsed: 0 sec  <<< ERROR!
java.lang.NullPointerException: null
	at org.traccar.BaseProtocolDecoder.getDeviceSession(BaseProtocolDecoder.java:109)
	at org.traccar.protocol.PricolProtocolDecoder.decode(PricolProtocolDecoder.java:44)
	at org.traccar.ProtocolTest.verifyPosition(ProtocolTest.java:98)
	at org.traccar.protocol.PricolProtocolDecoderTest.testDecode(PricolProtocolDecoderTest.java:13)

Running org.traccar.protocol.MiniFinderProtocolDecoderTest
Tests run: 1, Failures: 0, Errors: 1, Skipped: 0, Time elapsed: 0.001 sec <<< FAILURE! - in org.traccar.protocol.MiniFinderProtocolDecoderTest
testDecode(org.traccar.protocol.MiniFinderProtocolDecoderTest)  Time elapsed: 0.001 sec  <<< ERROR!
java.lang.NullPointerException: null
	at org.traccar.BaseProtocolDecoder.getDeviceSession(BaseProtocolDecoder.java:109)
	at org.traccar.protocol.MiniFinderProtocolDecoder.decode(MiniFinderProtocolDecoder.java:136)
	at org.traccar.ProtocolTest.verifyNull(ProtocolTest.java:86)
	at org.traccar.protocol.MiniFinderProtocolDecoderTest.testDecode(MiniFinderProtocolDecoderTest.java:13)

Running org.traccar.protocol.HomtecsProtocolDecoderTest
Tests run: 1, Failures: 0, Errors: 1, Skipped: 0, Time elapsed: 0.001 sec <<< FAILURE! - in org.traccar.protocol.HomtecsProtocolDecoderTest
testDecode(org.traccar.protocol.HomtecsProtocolDecoderTest)  Time elapsed: 0.001 sec  <<< ERROR!
java.lang.NullPointerException: null
	at org.traccar.BaseProtocolDecoder.getDeviceSession(BaseProtocolDecoder.java:109)
	at org.traccar.protocol.HomtecsProtocolDecoder.decode(HomtecsProtocolDecoder.java:64)
	at org.traccar.ProtocolTest.verifyPosition(ProtocolTest.java:98)
	at org.traccar.protocol.HomtecsProtocolDecoderTest.testDecode(HomtecsProtocolDecoderTest.java:16)

Running org.traccar.protocol.GalileoProtocolEncoderTest
Tests run: 1, Failures: 0, Errors: 0, Skipped: 0, Time elapsed: 0.001 sec - in org.traccar.protocol.GalileoProtocolEncoderTest
Running org.traccar.protocol.H02FrameDecoderTest
Tests run: 3, Failures: 0, Errors: 0, Skipped: 0, Time elapsed: 0 sec - in org.traccar.protocol.H02FrameDecoderTest
Running org.traccar.protocol.IntellitracProtocolDecoderTest
Tests run: 1, Failures: 0, Errors: 1, Skipped: 0, Time elapsed: 0 sec <<< FAILURE! - in org.traccar.protocol.IntellitracProtocolDecoderTest
testDecode(org.traccar.protocol.IntellitracProtocolDecoderTest)  Time elapsed: 0 sec  <<< ERROR!
java.lang.NullPointerException: null
	at org.traccar.BaseProtocolDecoder.getDeviceSession(BaseProtocolDecoder.java:109)
	at org.traccar.protocol.IntellitracProtocolDecoder.decode(IntellitracProtocolDecoder.java:78)
	at org.traccar.ProtocolTest.verifyPosition(ProtocolTest.java:102)
	at org.traccar.protocol.IntellitracProtocolDecoderTest.testDecode(IntellitracProtocolDecoderTest.java:16)

Running org.traccar.protocol.GlobalSatProtocolDecoderTest
Tests run: 1, Failures: 0, Errors: 1, Skipped: 0, Time elapsed: 0.015 sec <<< FAILURE! - in org.traccar.protocol.GlobalSatProtocolDecoderTest
testDecode(org.traccar.protocol.GlobalSatProtocolDecoderTest)  Time elapsed: 0.015 sec  <<< ERROR!
java.lang.NullPointerException: null
	at org.traccar.BaseProtocolDecoder.getDeviceSession(BaseProtocolDecoder.java:109)
	at org.traccar.protocol.GlobalSatProtocolDecoder.decodeOriginal(GlobalSatProtocolDecoder.java:88)
	at org.traccar.protocol.GlobalSatProtocolDecoder.decode(GlobalSatProtocolDecoder.java:240)
	at org.traccar.ProtocolTest.verifyPosition(ProtocolTest.java:98)
	at org.traccar.protocol.GlobalSatProtocolDecoderTest.testDecode(GlobalSatProtocolDecoderTest.java:18)

Running org.traccar.protocol.AutoGradeProtocolDecoderTest
Tests run: 1, Failures: 0, Errors: 1, Skipped: 0, Time elapsed: 0 sec <<< FAILURE! - in org.traccar.protocol.AutoGradeProtocolDecoderTest
testDecode(org.traccar.protocol.AutoGradeProtocolDecoderTest)  Time elapsed: 0 sec  <<< ERROR!
java.lang.NullPointerException: null
	at org.traccar.BaseProtocolDecoder.getDeviceSession(BaseProtocolDecoder.java:109)
	at org.traccar.protocol.AutoGradeProtocolDecoder.decode(AutoGradeProtocolDecoder.java:70)
	at org.traccar.ProtocolTest.verifyPosition(ProtocolTest.java:98)
	at org.traccar.protocol.AutoGradeProtocolDecoderTest.testDecode(AutoGradeProtocolDecoderTest.java:13)

Running org.traccar.protocol.OigoProtocolDecoderTest
Tests run: 1, Failures: 0, Errors: 1, Skipped: 0, Time elapsed: 0.001 sec <<< FAILURE! - in org.traccar.protocol.OigoProtocolDecoderTest
testDecode(org.traccar.protocol.OigoProtocolDecoderTest)  Time elapsed: 0 sec  <<< ERROR!
java.lang.NullPointerException: null
	at org.traccar.BaseProtocolDecoder.getDeviceSession(BaseProtocolDecoder.java:109)
	at org.traccar.protocol.OigoProtocolDecoder.decodeMgMessage(OigoProtocolDecoder.java:174)
	at org.traccar.protocol.OigoProtocolDecoder.decode(OigoProtocolDecoder.java:235)
	at org.traccar.ProtocolTest.verifyPosition(ProtocolTest.java:98)
	at org.traccar.protocol.OigoProtocolDecoderTest.testDecode(OigoProtocolDecoderTest.java:13)

Running org.traccar.protocol.GnxProtocolDecoderTest
Tests run: 1, Failures: 0, Errors: 1, Skipped: 0, Time elapsed: 0 sec <<< FAILURE! - in org.traccar.protocol.GnxProtocolDecoderTest
testDecode(org.traccar.protocol.GnxProtocolDecoderTest)  Time elapsed: 0 sec  <<< ERROR!
java.lang.NullPointerException: null
	at org.traccar.BaseProtocolDecoder.getDeviceSession(BaseProtocolDecoder.java:109)
	at org.traccar.protocol.GnxProtocolDecoder.decode(GnxProtocolDecoder.java:86)
	at org.traccar.ProtocolTest.verifyPosition(ProtocolTest.java:98)
	at org.traccar.protocol.GnxProtocolDecoderTest.testDecode(GnxProtocolDecoderTest.java:13)

Running org.traccar.protocol.RuptelaProtocolDecoderTest
Tests run: 1, Failures: 0, Errors: 1, Skipped: 0, Time elapsed: 0 sec <<< FAILURE! - in org.traccar.protocol.RuptelaProtocolDecoderTest
testDecode(org.traccar.protocol.RuptelaProtocolDecoderTest)  Time elapsed: 0 sec  <<< ERROR!
java.lang.NullPointerException: null
	at org.traccar.BaseProtocolDecoder.getDeviceSession(BaseProtocolDecoder.java:109)
	at org.traccar.protocol.RuptelaProtocolDecoder.decode(RuptelaProtocolDecoder.java:86)
	at org.traccar.ProtocolTest.verifyNull(ProtocolTest.java:86)
	at org.traccar.protocol.RuptelaProtocolDecoderTest.testDecode(RuptelaProtocolDecoderTest.java:13)

Running org.traccar.protocol.GranitProtocolDecoderTest
Tests run: 1, Failures: 0, Errors: 1, Skipped: 0, Time elapsed: 0 sec <<< FAILURE! - in org.traccar.protocol.GranitProtocolDecoderTest
testDecode(org.traccar.protocol.GranitProtocolDecoderTest)  Time elapsed: 0 sec  <<< ERROR!
java.lang.NullPointerException: null
	at org.traccar.BaseProtocolDecoder.getDeviceSession(BaseProtocolDecoder.java:109)
	at org.traccar.protocol.GranitProtocolDecoder.decode(GranitProtocolDecoder.java:157)
	at org.traccar.ProtocolTest.verifyPositions(ProtocolTest.java:106)
	at org.traccar.protocol.GranitProtocolDecoderTest.testDecode(GranitProtocolDecoderTest.java:15)

Running org.traccar.protocol.AlematicsProtocolDecoderTest
Tests run: 1, Failures: 0, Errors: 1, Skipped: 0, Time elapsed: 0 sec <<< FAILURE! - in org.traccar.protocol.AlematicsProtocolDecoderTest
testDecode(org.traccar.protocol.AlematicsProtocolDecoderTest)  Time elapsed: 0 sec  <<< ERROR!
java.lang.NullPointerException: null
	at org.traccar.BaseProtocolDecoder.getDeviceSession(BaseProtocolDecoder.java:109)
	at org.traccar.protocol.AlematicsProtocolDecoder.decode(AlematicsProtocolDecoder.java:122)
	at org.traccar.ProtocolTest.verifyPosition(ProtocolTest.java:98)
	at org.traccar.protocol.AlematicsProtocolDecoderTest.testDecode(AlematicsProtocolDecoderTest.java:13)

Running org.traccar.protocol.Tlt2hProtocolDecoderTest
Tests run: 1, Failures: 0, Errors: 1, Skipped: 0, Time elapsed: 0 sec <<< FAILURE! - in org.traccar.protocol.Tlt2hProtocolDecoderTest
testDecode(org.traccar.protocol.Tlt2hProtocolDecoderTest)  Time elapsed: 0 sec  <<< ERROR!
java.lang.NullPointerException: null
	at org.traccar.BaseProtocolDecoder.getDeviceSession(BaseProtocolDecoder.java:109)
	at org.traccar.protocol.Tlt2hProtocolDecoder.decode(Tlt2hProtocolDecoder.java:73)
	at org.traccar.ProtocolTest.verifyPositions(ProtocolTest.java:106)
	at org.traccar.protocol.Tlt2hProtocolDecoderTest.testDecode(Tlt2hProtocolDecoderTest.java:13)

Running org.traccar.protocol.EasyTrackProtocolDecoderTest
Tests run: 1, Failures: 0, Errors: 1, Skipped: 0, Time elapsed: 0.001 sec <<< FAILURE! - in org.traccar.protocol.EasyTrackProtocolDecoderTest
testDecode(org.traccar.protocol.EasyTrackProtocolDecoderTest)  Time elapsed: 0.001 sec  <<< ERROR!
java.lang.NullPointerException: null
	at org.traccar.BaseProtocolDecoder.getDeviceSession(BaseProtocolDecoder.java:109)
	at org.traccar.protocol.EasyTrackProtocolDecoder.decode(EasyTrackProtocolDecoder.java:68)
	at org.traccar.ProtocolTest.verifyPosition(ProtocolTest.java:98)
	at org.traccar.protocol.EasyTrackProtocolDecoderTest.testDecode(EasyTrackProtocolDecoderTest.java:13)

Running org.traccar.protocol.MeitrackProtocolEncoderTest
Tests run: 1, Failures: 0, Errors: 0, Skipped: 0, Time elapsed: 0.003 sec - in org.traccar.protocol.MeitrackProtocolEncoderTest
Running org.traccar.protocol.GatorProtocolDecoderTest
Tests run: 2, Failures: 0, Errors: 1, Skipped: 0, Time elapsed: 0.008 sec <<< FAILURE! - in org.traccar.protocol.GatorProtocolDecoderTest
testDecode(org.traccar.protocol.GatorProtocolDecoderTest)  Time elapsed: 0.004 sec  <<< ERROR!
java.lang.NullPointerException: null
	at org.traccar.BaseProtocolDecoder.getDeviceSession(BaseProtocolDecoder.java:109)
	at org.traccar.protocol.GatorProtocolDecoder.decode(GatorProtocolDecoder.java:96)
	at org.traccar.ProtocolTest.verifyAttributes(ProtocolTest.java:94)
	at org.traccar.protocol.GatorProtocolDecoderTest.testDecode(GatorProtocolDecoderTest.java:21)

Running org.traccar.protocol.HaicomProtocolDecoderTest
Tests run: 1, Failures: 0, Errors: 1, Skipped: 0, Time elapsed: 0.003 sec <<< FAILURE! - in org.traccar.protocol.HaicomProtocolDecoderTest
testDecode(org.traccar.protocol.HaicomProtocolDecoderTest)  Time elapsed: 0.001 sec  <<< ERROR!
java.lang.NullPointerException: null
	at org.traccar.BaseProtocolDecoder.getDeviceSession(BaseProtocolDecoder.java:109)
	at org.traccar.protocol.HaicomProtocolDecoder.decode(HaicomProtocolDecoder.java:68)
	at org.traccar.ProtocolTest.verifyPosition(ProtocolTest.java:102)
	at org.traccar.protocol.HaicomProtocolDecoderTest.testDecode(HaicomProtocolDecoderTest.java:13)

Running org.traccar.protocol.SmokeyProtocolDecoderTest
Tests run: 1, Failures: 0, Errors: 1, Skipped: 0, Time elapsed: 0.004 sec <<< FAILURE! - in org.traccar.protocol.SmokeyProtocolDecoderTest
testDecode(org.traccar.protocol.SmokeyProtocolDecoderTest)  Time elapsed: 0.002 sec  <<< ERROR!
java.lang.NullPointerException: null
	at org.traccar.BaseProtocolDecoder.getDeviceSession(BaseProtocolDecoder.java:109)
	at org.traccar.protocol.SmokeyProtocolDecoder.decode(SmokeyProtocolDecoder.java:80)
	at org.traccar.ProtocolTest.verifyAttributes(ProtocolTest.java:94)
	at org.traccar.protocol.SmokeyProtocolDecoderTest.testDecode(SmokeyProtocolDecoderTest.java:13)

Running org.traccar.protocol.Tt8850ProtocolDecoderTest
Tests run: 1, Failures: 0, Errors: 1, Skipped: 0, Time elapsed: 0.006 sec <<< FAILURE! - in org.traccar.protocol.Tt8850ProtocolDecoderTest
testDecode(org.traccar.protocol.Tt8850ProtocolDecoderTest)  Time elapsed: 0.003 sec  <<< ERROR!
java.lang.NullPointerException: null
	at org.traccar.BaseProtocolDecoder.getDeviceSession(BaseProtocolDecoder.java:109)
	at org.traccar.protocol.Tt8850ProtocolDecoder.decode(Tt8850ProtocolDecoder.java:75)
	at org.traccar.ProtocolTest.verifyPosition(ProtocolTest.java:98)
	at org.traccar.protocol.Tt8850ProtocolDecoderTest.testDecode(Tt8850ProtocolDecoderTest.java:13)

Running org.traccar.protocol.FifotrackProtocolDecoderTest
Tests run: 1, Failures: 0, Errors: 1, Skipped: 0, Time elapsed: 0.02 sec <<< FAILURE! - in org.traccar.protocol.FifotrackProtocolDecoderTest
testDecode(org.traccar.protocol.FifotrackProtocolDecoderTest)  Time elapsed: 0.005 sec  <<< ERROR!
java.lang.NullPointerException: null
	at org.traccar.BaseProtocolDecoder.getDeviceSession(BaseProtocolDecoder.java:109)
	at org.traccar.protocol.FifotrackProtocolDecoder.decode(FifotrackProtocolDecoder.java:76)
	at org.traccar.ProtocolTest.verifyPosition(ProtocolTest.java:98)
	at org.traccar.protocol.FifotrackProtocolDecoderTest.testDecode(FifotrackProtocolDecoderTest.java:13)

Running org.traccar.protocol.Tk102ProtocolDecoderTest
Tests run: 1, Failures: 0, Errors: 1, Skipped: 0, Time elapsed: 0.004 sec <<< FAILURE! - in org.traccar.protocol.Tk102ProtocolDecoderTest
testDecode(org.traccar.protocol.Tk102ProtocolDecoderTest)  Time elapsed: 0.001 sec  <<< ERROR!
java.lang.NullPointerException: null
	at org.traccar.BaseProtocolDecoder.getDeviceSession(BaseProtocolDecoder.java:109)
	at org.traccar.protocol.Tk102ProtocolDecoder.decode(Tk102ProtocolDecoder.java:97)
	at org.traccar.ProtocolTest.verifyNull(ProtocolTest.java:86)
	at org.traccar.protocol.Tk102ProtocolDecoderTest.testDecode(Tk102ProtocolDecoderTest.java:13)

Running org.traccar.protocol.Pt502FrameDecoderTest
Tests run: 1, Failures: 0, Errors: 0, Skipped: 0, Time elapsed: 0.01 sec - in org.traccar.protocol.Pt502FrameDecoderTest
Running org.traccar.protocol.OwnTracksProtocolDecoderTest
Tests run: 1, Failures: 0, Errors: 1, Skipped: 0, Time elapsed: 0.068 sec <<< FAILURE! - in org.traccar.protocol.OwnTracksProtocolDecoderTest
testDecode(org.traccar.protocol.OwnTracksProtocolDecoderTest)  Time elapsed: 0.06 sec  <<< ERROR!
java.lang.NullPointerException: null
	at org.traccar.BaseProtocolDecoder.getDeviceSession(BaseProtocolDecoder.java:109)
	at org.traccar.protocol.OwnTracksProtocolDecoder.decode(OwnTracksProtocolDecoder.java:105)
	at org.traccar.ProtocolTest.verifyPosition(ProtocolTest.java:98)
	at org.traccar.protocol.OwnTracksProtocolDecoderTest.testDecode(OwnTracksProtocolDecoderTest.java:14)

Running org.traccar.protocol.MxtProtocolDecoderTest
Tests run: 1, Failures: 0, Errors: 1, Skipped: 0, Time elapsed: 0.002 sec <<< FAILURE! - in org.traccar.protocol.MxtProtocolDecoderTest
testDecode(org.traccar.protocol.MxtProtocolDecoderTest)  Time elapsed: 0.001 sec  <<< ERROR!
java.lang.NullPointerException: null
	at org.traccar.BaseProtocolDecoder.getDeviceSession(BaseProtocolDecoder.java:109)
	at org.traccar.protocol.MxtProtocolDecoder.decode(MxtProtocolDecoder.java:78)
	at org.traccar.ProtocolTest.verifyPosition(ProtocolTest.java:98)
	at org.traccar.protocol.MxtProtocolDecoderTest.testDecode(MxtProtocolDecoderTest.java:15)

Running org.traccar.protocol.TytanProtocolDecoderTest
Tests run: 1, Failures: 0, Errors: 1, Skipped: 0, Time elapsed: 0.011 sec <<< FAILURE! - in org.traccar.protocol.TytanProtocolDecoderTest
testDecode(org.traccar.protocol.TytanProtocolDecoderTest)  Time elapsed: 0.001 sec  <<< ERROR!
java.lang.NullPointerException: null
	at org.traccar.BaseProtocolDecoder.getDeviceSession(BaseProtocolDecoder.java:109)
	at org.traccar.protocol.TytanProtocolDecoder.decode(TytanProtocolDecoder.java:140)
	at org.traccar.ProtocolTest.verifyPositions(ProtocolTest.java:106)
	at org.traccar.protocol.TytanProtocolDecoderTest.testDecode(TytanProtocolDecoderTest.java:13)

Running org.traccar.protocol.FlextrackProtocolDecoderTest
Tests run: 1, Failures: 0, Errors: 1, Skipped: 0, Time elapsed: 0.003 sec <<< FAILURE! - in org.traccar.protocol.FlextrackProtocolDecoderTest
testDecode(org.traccar.protocol.FlextrackProtocolDecoderTest)  Time elapsed: 0.002 sec  <<< ERROR!
java.lang.NullPointerException: null
	at org.traccar.BaseProtocolDecoder.getDeviceSession(BaseProtocolDecoder.java:109)
	at org.traccar.protocol.FlextrackProtocolDecoder.decode(FlextrackProtocolDecoder.java:92)
	at org.traccar.ProtocolTest.verifyNull(ProtocolTest.java:86)
	at org.traccar.protocol.FlextrackProtocolDecoderTest.testDecode(FlextrackProtocolDecoderTest.java:14)

Running org.traccar.protocol.ApelProtocolDecoderTest
Tests run: 1, Failures: 0, Errors: 0, Skipped: 0, Time elapsed: 0.002 sec - in org.traccar.protocol.ApelProtocolDecoderTest
Running org.traccar.protocol.EelinkProtocolDecoderTest
Tests run: 1, Failures: 0, Errors: 1, Skipped: 0, Time elapsed: 0.006 sec <<< FAILURE! - in org.traccar.protocol.EelinkProtocolDecoderTest
testDecode(org.traccar.protocol.EelinkProtocolDecoderTest)  Time elapsed: 0.004 sec  <<< ERROR!
java.lang.NullPointerException: null
	at org.traccar.BaseProtocolDecoder.getDeviceSession(BaseProtocolDecoder.java:109)
	at org.traccar.protocol.EelinkProtocolDecoder.decode(EelinkProtocolDecoder.java:223)
	at org.traccar.ProtocolTest.verifyNull(ProtocolTest.java:86)
	at org.traccar.protocol.EelinkProtocolDecoderTest.testDecode(EelinkProtocolDecoderTest.java:13)

Running org.traccar.protocol.UlbotechFrameDecoderTest
Tests run: 1, Failures: 0, Errors: 0, Skipped: 0, Time elapsed: 0.014 sec - in org.traccar.protocol.UlbotechFrameDecoderTest
Running org.traccar.protocol.AstraProtocolDecoderTest
Tests run: 1, Failures: 0, Errors: 1, Skipped: 0, Time elapsed: 0.006 sec <<< FAILURE! - in org.traccar.protocol.AstraProtocolDecoderTest
testDecode(org.traccar.protocol.AstraProtocolDecoderTest)  Time elapsed: 0.005 sec  <<< ERROR!
java.lang.NullPointerException: null
	at org.traccar.BaseProtocolDecoder.getDeviceSession(BaseProtocolDecoder.java:109)
	at org.traccar.protocol.AstraProtocolDecoder.decode(AstraProtocolDecoder.java:57)
	at org.traccar.ProtocolTest.verifyPositions(ProtocolTest.java:106)
	at org.traccar.protocol.AstraProtocolDecoderTest.testDecode(AstraProtocolDecoderTest.java:13)

Running org.traccar.protocol.Gt02ProtocolDecoderTest
Tests run: 1, Failures: 0, Errors: 1, Skipped: 0, Time elapsed: 0.001 sec <<< FAILURE! - in org.traccar.protocol.Gt02ProtocolDecoderTest
testDecode(org.traccar.protocol.Gt02ProtocolDecoderTest)  Time elapsed: 0 sec  <<< ERROR!
java.lang.NullPointerException: null
	at org.traccar.BaseProtocolDecoder.getDeviceSession(BaseProtocolDecoder.java:109)
	at org.traccar.protocol.Gt02ProtocolDecoder.decode(Gt02ProtocolDecoder.java:58)
	at org.traccar.ProtocolTest.verifyAttributes(ProtocolTest.java:94)
	at org.traccar.protocol.Gt02ProtocolDecoderTest.testDecode(Gt02ProtocolDecoderTest.java:13)

Running org.traccar.protocol.NoranProtocolDecoderTest
Tests run: 1, Failures: 0, Errors: 1, Skipped: 0, Time elapsed: 0.008 sec <<< FAILURE! - in org.traccar.protocol.NoranProtocolDecoderTest
testDecode(org.traccar.protocol.NoranProtocolDecoderTest)  Time elapsed: 0.001 sec  <<< ERROR!
java.lang.NullPointerException: null
	at org.traccar.BaseProtocolDecoder.getDeviceSession(BaseProtocolDecoder.java:109)
	at org.traccar.protocol.NoranProtocolDecoder.decode(NoranProtocolDecoder.java:140)
	at org.traccar.ProtocolTest.verifyPosition(ProtocolTest.java:98)
	at org.traccar.protocol.NoranProtocolDecoderTest.testDecode(NoranProtocolDecoderTest.java:18)

Running org.traccar.protocol.V680ProtocolDecoderTest
Tests run: 1, Failures: 0, Errors: 1, Skipped: 0, Time elapsed: 0.013 sec <<< FAILURE! - in org.traccar.protocol.V680ProtocolDecoderTest
testDecode(org.traccar.protocol.V680ProtocolDecoderTest)  Time elapsed: 0.001 sec  <<< ERROR!
java.lang.NullPointerException: null
	at org.traccar.BaseProtocolDecoder.getDeviceSession(BaseProtocolDecoder.java:109)
	at org.traccar.protocol.V680ProtocolDecoder.decode(V680ProtocolDecoder.java:78)
	at org.traccar.ProtocolTest.verifyPosition(ProtocolTest.java:102)
	at org.traccar.protocol.V680ProtocolDecoderTest.testDecode(V680ProtocolDecoderTest.java:13)

Running org.traccar.protocol.WondexFrameDecoderTest
Tests run: 1, Failures: 0, Errors: 0, Skipped: 0, Time elapsed: 0.015 sec - in org.traccar.protocol.WondexFrameDecoderTest
Running org.traccar.protocol.AplicomProtocolDecoderTest
Tests run: 1, Failures: 0, Errors: 1, Skipped: 0, Time elapsed: 0.011 sec <<< FAILURE! - in org.traccar.protocol.AplicomProtocolDecoderTest
testDecode(org.traccar.protocol.AplicomProtocolDecoderTest)  Time elapsed: 0.001 sec  <<< ERROR!
java.lang.NullPointerException: null
	at org.traccar.BaseProtocolDecoder.getDeviceSession(BaseProtocolDecoder.java:109)
	at org.traccar.protocol.AplicomProtocolDecoder.decode(AplicomProtocolDecoder.java:600)
	at org.traccar.ProtocolTest.verifyAttributes(ProtocolTest.java:94)
	at org.traccar.protocol.AplicomProtocolDecoderTest.testDecode(AplicomProtocolDecoderTest.java:13)

Running org.traccar.protocol.VtfmsFrameDecoderTest
Tests run: 1, Failures: 0, Errors: 0, Skipped: 0, Time elapsed: 0.01 sec - in org.traccar.protocol.VtfmsFrameDecoderTest
Running org.traccar.protocol.WatchFrameDecoderTest
Tests run: 1, Failures: 0, Errors: 0, Skipped: 0, Time elapsed: 0.003 sec - in org.traccar.protocol.WatchFrameDecoderTest
Running org.traccar.protocol.Gps103ProtocolEncoderTest
Tests run: 2, Failures: 0, Errors: 0, Skipped: 0, Time elapsed: 0.006 sec - in org.traccar.protocol.Gps103ProtocolEncoderTest
Running org.traccar.protocol.TotemProtocolDecoderTest
Tests run: 1, Failures: 0, Errors: 1, Skipped: 0, Time elapsed: 0.037 sec <<< FAILURE! - in org.traccar.protocol.TotemProtocolDecoderTest
testDecode(org.traccar.protocol.TotemProtocolDecoderTest)  Time elapsed: 0.01 sec  <<< ERROR!
java.lang.NullPointerException: null
	at org.traccar.BaseProtocolDecoder.getDeviceSession(BaseProtocolDecoder.java:109)
	at org.traccar.protocol.TotemProtocolDecoder.decode(TotemProtocolDecoder.java:210)
	at org.traccar.ProtocolTest.verifyPosition(ProtocolTest.java:98)
	at org.traccar.protocol.TotemProtocolDecoderTest.testDecode(TotemProtocolDecoderTest.java:13)

Running org.traccar.protocol.WatchProtocolEncoderTest
Tests run: 1, Failures: 0, Errors: 0, Skipped: 0, Time elapsed: 0.02 sec - in org.traccar.protocol.WatchProtocolEncoderTest
Running org.traccar.protocol.WondexProtocolDecoderTest
Tests run: 1, Failures: 0, Errors: 1, Skipped: 0, Time elapsed: 0.015 sec <<< FAILURE! - in org.traccar.protocol.WondexProtocolDecoderTest
testDecode(org.traccar.protocol.WondexProtocolDecoderTest)  Time elapsed: 0.015 sec  <<< ERROR!
java.lang.NullPointerException: null
	at org.traccar.BaseProtocolDecoder.getDeviceSession(BaseProtocolDecoder.java:109)
	at org.traccar.protocol.WondexProtocolDecoder.decode(WondexProtocolDecoder.java:94)
	at org.traccar.ProtocolTest.verifyPosition(ProtocolTest.java:102)
	at org.traccar.protocol.WondexProtocolDecoderTest.testDecode(WondexProtocolDecoderTest.java:13)

Running org.traccar.protocol.GpsGateProtocolDecoderTest
Tests run: 1, Failures: 0, Errors: 1, Skipped: 0, Time elapsed: 0.007 sec <<< FAILURE! - in org.traccar.protocol.GpsGateProtocolDecoderTest
testDecode(org.traccar.protocol.GpsGateProtocolDecoderTest)  Time elapsed: 0.001 sec  <<< ERROR!
java.lang.NullPointerException: null
	at org.traccar.BaseProtocolDecoder.getDeviceSession(BaseProtocolDecoder.java:109)
	at org.traccar.protocol.GpsGateProtocolDecoder.decode(GpsGateProtocolDecoder.java:149)
	at org.traccar.ProtocolTest.verifyPosition(ProtocolTest.java:98)
	at org.traccar.protocol.GpsGateProtocolDecoderTest.testDecode(GpsGateProtocolDecoderTest.java:13)

Running org.traccar.protocol.YwtProtocolDecoderTest
Tests run: 1, Failures: 0, Errors: 1, Skipped: 0, Time elapsed: 0.01 sec <<< FAILURE! - in org.traccar.protocol.YwtProtocolDecoderTest
testDecode(org.traccar.protocol.YwtProtocolDecoderTest)  Time elapsed: 0.005 sec  <<< ERROR!
java.lang.NullPointerException: null
	at org.traccar.BaseProtocolDecoder.getDeviceSession(BaseProtocolDecoder.java:109)
	at org.traccar.protocol.YwtProtocolDecoder.decode(YwtProtocolDecoder.java:84)
	at org.traccar.ProtocolTest.verifyPosition(ProtocolTest.java:98)
	at org.traccar.protocol.YwtProtocolDecoderTest.testDecode(YwtProtocolDecoderTest.java:13)

Running org.traccar.protocol.TzoneProtocolDecoderTest
Tests run: 1, Failures: 0, Errors: 1, Skipped: 0, Time elapsed: 0.005 sec <<< FAILURE! - in org.traccar.protocol.TzoneProtocolDecoderTest
testDecode(org.traccar.protocol.TzoneProtocolDecoderTest)  Time elapsed: 0.004 sec  <<< ERROR!
java.lang.NullPointerException: null
	at org.traccar.BaseProtocolDecoder.getDeviceSession(BaseProtocolDecoder.java:109)
	at org.traccar.protocol.TzoneProtocolDecoder.decode(TzoneProtocolDecoder.java:126)
	at org.traccar.ProtocolTest.verifyPosition(ProtocolTest.java:98)
	at org.traccar.protocol.TzoneProtocolDecoderTest.testDecode(TzoneProtocolDecoderTest.java:14)

Running org.traccar.protocol.AppelloProtocolDecoderTest
Tests run: 1, Failures: 0, Errors: 1, Skipped: 0, Time elapsed: 0.006 sec <<< FAILURE! - in org.traccar.protocol.AppelloProtocolDecoderTest
testDecode(org.traccar.protocol.AppelloProtocolDecoderTest)  Time elapsed: 0.001 sec  <<< ERROR!
java.lang.NullPointerException: null
	at org.traccar.BaseProtocolDecoder.getDeviceSession(BaseProtocolDecoder.java:109)
	at org.traccar.protocol.AppelloProtocolDecoder.decode(AppelloProtocolDecoder.java:63)
	at org.traccar.ProtocolTest.verifyAttributes(ProtocolTest.java:94)
	at org.traccar.protocol.AppelloProtocolDecoderTest.testDecode(AppelloProtocolDecoderTest.java:13)

Running org.traccar.protocol.CarTrackProtocolDecoderTest
Tests run: 1, Failures: 0, Errors: 1, Skipped: 0, Time elapsed: 0.012 sec <<< FAILURE! - in org.traccar.protocol.CarTrackProtocolDecoderTest
testDecode(org.traccar.protocol.CarTrackProtocolDecoderTest)  Time elapsed: 0.012 sec  <<< ERROR!
java.lang.NullPointerException: null
	at org.traccar.BaseProtocolDecoder.getDeviceSession(BaseProtocolDecoder.java:109)
	at org.traccar.protocol.CarTrackProtocolDecoder.decode(CarTrackProtocolDecoder.java:71)
	at org.traccar.ProtocolTest.verifyPosition(ProtocolTest.java:98)
	at org.traccar.protocol.CarTrackProtocolDecoderTest.testDecode(CarTrackProtocolDecoderTest.java:16)

Running org.traccar.protocol.CastelProtocolDecoderTest
Tests run: 1, Failures: 0, Errors: 1, Skipped: 0, Time elapsed: 0.01 sec <<< FAILURE! - in org.traccar.protocol.CastelProtocolDecoderTest
testDecode(org.traccar.protocol.CastelProtocolDecoderTest)  Time elapsed: 0.006 sec  <<< ERROR!
java.lang.NullPointerException: null
	at org.traccar.BaseProtocolDecoder.getDeviceSession(BaseProtocolDecoder.java:109)
	at org.traccar.protocol.CastelProtocolDecoder.decode(CastelProtocolDecoder.java:423)
	at org.traccar.ProtocolTest.verifyAttributes(ProtocolTest.java:94)
	at org.traccar.protocol.CastelProtocolDecoderTest.testDecode(CastelProtocolDecoderTest.java:15)

Running org.traccar.protocol.HuaShengFrameDecoderTest
Tests run: 1, Failures: 0, Errors: 0, Skipped: 0, Time elapsed: 0.005 sec - in org.traccar.protocol.HuaShengFrameDecoderTest
Running org.traccar.protocol.WatchProtocolDecoderTest
Tests run: 1, Failures: 0, Errors: 1, Skipped: 0, Time elapsed: 0.005 sec <<< FAILURE! - in org.traccar.protocol.WatchProtocolDecoderTest
testDecode(org.traccar.protocol.WatchProtocolDecoderTest)  Time elapsed: 0.004 sec  <<< ERROR!
java.lang.NullPointerException: null
	at org.traccar.BaseProtocolDecoder.getDeviceSession(BaseProtocolDecoder.java:109)
	at org.traccar.protocol.WatchProtocolDecoder.decode(WatchProtocolDecoder.java:140)
	at org.traccar.ProtocolTest.verifyPosition(ProtocolTest.java:98)
	at org.traccar.protocol.WatchProtocolDecoderTest.testDecode(WatchProtocolDecoderTest.java:13)

Running org.traccar.protocol.WialonProtocolDecoderTest
Tests run: 1, Failures: 0, Errors: 1, Skipped: 0, Time elapsed: 0.009 sec <<< FAILURE! - in org.traccar.protocol.WialonProtocolDecoderTest
testDecode(org.traccar.protocol.WialonProtocolDecoderTest)  Time elapsed: 0.005 sec  <<< ERROR!
java.lang.NullPointerException: null
	at org.traccar.BaseProtocolDecoder.getDeviceSession(BaseProtocolDecoder.java:109)
	at org.traccar.protocol.WialonProtocolDecoder.decode(WialonProtocolDecoder.java:142)
	at org.traccar.ProtocolTest.verifyNull(ProtocolTest.java:86)
	at org.traccar.protocol.WialonProtocolDecoderTest.testDecode(WialonProtocolDecoderTest.java:13)

Running org.traccar.protocol.DmtHttpProtocolDecoderTest
Tests run: 1, Failures: 0, Errors: 1, Skipped: 0, Time elapsed: 0.036 sec <<< FAILURE! - in org.traccar.protocol.DmtHttpProtocolDecoderTest
testDecode(org.traccar.protocol.DmtHttpProtocolDecoderTest)  Time elapsed: 0.033 sec  <<< ERROR!
java.lang.NullPointerException: null
	at org.traccar.BaseProtocolDecoder.getDeviceSession(BaseProtocolDecoder.java:109)
	at org.traccar.protocol.DmtHttpProtocolDecoder.decode(DmtHttpProtocolDecoder.java:68)
	at org.traccar.ProtocolTest.verifyPositions(ProtocolTest.java:106)
	at org.traccar.protocol.DmtHttpProtocolDecoderTest.testDecode(DmtHttpProtocolDecoderTest.java:14)

Running org.traccar.protocol.KhdProtocolDecoderTest
Tests run: 1, Failures: 0, Errors: 1, Skipped: 0, Time elapsed: 0.004 sec <<< FAILURE! - in org.traccar.protocol.KhdProtocolDecoderTest
testDecode(org.traccar.protocol.KhdProtocolDecoderTest)  Time elapsed: 0.001 sec  <<< ERROR!
java.lang.NullPointerException: null
	at org.traccar.BaseProtocolDecoder.getDeviceSession(BaseProtocolDecoder.java:109)
	at org.traccar.protocol.KhdProtocolDecoder.decode(KhdProtocolDecoder.java:77)
	at org.traccar.ProtocolTest.verifyPosition(ProtocolTest.java:98)
	at org.traccar.protocol.KhdProtocolDecoderTest.testDecode(KhdProtocolDecoderTest.java:16)

Running org.traccar.protocol.VtfmsProtocolDecoderTest
Tests run: 1, Failures: 0, Errors: 1, Skipped: 0, Time elapsed: 0.004 sec <<< FAILURE! - in org.traccar.protocol.VtfmsProtocolDecoderTest
testDecode(org.traccar.protocol.VtfmsProtocolDecoderTest)  Time elapsed: 0.002 sec  <<< ERROR!
java.lang.NullPointerException: null
	at org.traccar.BaseProtocolDecoder.getDeviceSession(BaseProtocolDecoder.java:109)
	at org.traccar.protocol.VtfmsProtocolDecoder.decode(VtfmsProtocolDecoder.java:104)
	at org.traccar.ProtocolTest.verifyPosition(ProtocolTest.java:98)
	at org.traccar.protocol.VtfmsProtocolDecoderTest.testDecode(VtfmsProtocolDecoderTest.java:13)

Running org.traccar.protocol.MegastekFrameDecoderTest
Tests run: 1, Failures: 0, Errors: 0, Skipped: 0, Time elapsed: 0.003 sec - in org.traccar.protocol.MegastekFrameDecoderTest
Running org.traccar.protocol.TopflytechProtocolDecoderTest
Tests run: 1, Failures: 0, Errors: 1, Skipped: 0, Time elapsed: 0 sec <<< FAILURE! - in org.traccar.protocol.TopflytechProtocolDecoderTest
testDecode(org.traccar.protocol.TopflytechProtocolDecoderTest)  Time elapsed: 0 sec  <<< ERROR!
java.lang.NullPointerException: null
	at org.traccar.BaseProtocolDecoder.getDeviceSession(BaseProtocolDecoder.java:109)
	at org.traccar.protocol.TopflytechProtocolDecoder.decode(TopflytechProtocolDecoder.java:59)
	at org.traccar.ProtocolTest.verifyPosition(ProtocolTest.java:98)
	at org.traccar.protocol.TopflytechProtocolDecoderTest.testDecode(TopflytechProtocolDecoderTest.java:13)

Running org.traccar.protocol.GotopProtocolDecoderTest
Tests run: 1, Failures: 0, Errors: 1, Skipped: 0, Time elapsed: 0.005 sec <<< FAILURE! - in org.traccar.protocol.GotopProtocolDecoderTest
testDecode(org.traccar.protocol.GotopProtocolDecoderTest)  Time elapsed: 0.005 sec  <<< ERROR!
java.lang.NullPointerException: null
	at org.traccar.BaseProtocolDecoder.getDeviceSession(BaseProtocolDecoder.java:109)
	at org.traccar.protocol.GotopProtocolDecoder.decode(GotopProtocolDecoder.java:61)
	at org.traccar.ProtocolTest.verifyPosition(ProtocolTest.java:98)
	at org.traccar.protocol.GotopProtocolDecoderTest.testDecode(GotopProtocolDecoderTest.java:19)

Running org.traccar.protocol.SuntechProtocolDecoderTest
Tests run: 1, Failures: 0, Errors: 1, Skipped: 0, Time elapsed: 0.007 sec <<< FAILURE! - in org.traccar.protocol.SuntechProtocolDecoderTest
testDecode(org.traccar.protocol.SuntechProtocolDecoderTest)  Time elapsed: 0.004 sec  <<< ERROR!
java.lang.NullPointerException: null
	at org.traccar.BaseProtocolDecoder.getDeviceSession(BaseProtocolDecoder.java:109)
	at org.traccar.protocol.SuntechProtocolDecoder.decode9(SuntechProtocolDecoder.java:64)
	at org.traccar.protocol.SuntechProtocolDecoder.decode(SuntechProtocolDecoder.java:175)
	at org.traccar.ProtocolTest.verifyPosition(ProtocolTest.java:98)
	at org.traccar.protocol.SuntechProtocolDecoderTest.testDecode(SuntechProtocolDecoderTest.java:13)

Running org.traccar.protocol.TeltonikaProtocolDecoderTest
Tests run: 2, Failures: 0, Errors: 1, Skipped: 1, Time elapsed: 0.006 sec <<< FAILURE! - in org.traccar.protocol.TeltonikaProtocolDecoderTest
testDecode(org.traccar.protocol.TeltonikaProtocolDecoderTest)  Time elapsed: 0.006 sec  <<< ERROR!
java.lang.NullPointerException: null
	at org.traccar.BaseProtocolDecoder.getDeviceSession(BaseProtocolDecoder.java:109)
	at org.traccar.protocol.TeltonikaProtocolDecoder.parseIdentification(TeltonikaProtocolDecoder.java:55)
	at org.traccar.protocol.TeltonikaProtocolDecoder.decodeTcp(TeltonikaProtocolDecoder.java:331)
	at org.traccar.protocol.TeltonikaProtocolDecoder.decode(TeltonikaProtocolDecoder.java:324)
	at org.traccar.ProtocolTest.verifyNull(ProtocolTest.java:86)
	at org.traccar.protocol.TeltonikaProtocolDecoderTest.testDecode(TeltonikaProtocolDecoderTest.java:14)

Running org.traccar.protocol.FreedomProtocolDecoderTest
Tests run: 1, Failures: 0, Errors: 1, Skipped: 0, Time elapsed: 0.009 sec <<< FAILURE! - in org.traccar.protocol.FreedomProtocolDecoderTest
testDecode(org.traccar.protocol.FreedomProtocolDecoderTest)  Time elapsed: 0.009 sec  <<< ERROR!
java.lang.NullPointerException: null
	at org.traccar.BaseProtocolDecoder.getDeviceSession(BaseProtocolDecoder.java:109)
	at org.traccar.protocol.FreedomProtocolDecoder.decode(FreedomProtocolDecoder.java:59)
	at org.traccar.ProtocolTest.verifyPosition(ProtocolTest.java:102)
	at org.traccar.protocol.FreedomProtocolDecoderTest.testDecode(FreedomProtocolDecoderTest.java:13)

Running org.traccar.protocol.AtrackFrameDecoderTest
Tests run: 1, Failures: 0, Errors: 0, Skipped: 0, Time elapsed: 0.002 sec - in org.traccar.protocol.AtrackFrameDecoderTest
Running org.traccar.protocol.AplicomFrameDecoderTest
Tests run: 1, Failures: 0, Errors: 0, Skipped: 0, Time elapsed: 0.002 sec - in org.traccar.protocol.AplicomFrameDecoderTest
Running org.traccar.protocol.MtxProtocolDecoderTest
Tests run: 1, Failures: 0, Errors: 1, Skipped: 0, Time elapsed: 0.004 sec <<< FAILURE! - in org.traccar.protocol.MtxProtocolDecoderTest
testDecode(org.traccar.protocol.MtxProtocolDecoderTest)  Time elapsed: 0.004 sec  <<< ERROR!
java.lang.NullPointerException: null
	at org.traccar.BaseProtocolDecoder.getDeviceSession(BaseProtocolDecoder.java:109)
	at org.traccar.protocol.MtxProtocolDecoder.decode(MtxProtocolDecoder.java:74)
	at org.traccar.ProtocolTest.verifyPosition(ProtocolTest.java:98)
	at org.traccar.protocol.MtxProtocolDecoderTest.testDecode(MtxProtocolDecoderTest.java:13)

Running org.traccar.protocol.Gl200FrameDecoderTest
Tests run: 1, Failures: 0, Errors: 0, Skipped: 0, Time elapsed: 0.006 sec - in org.traccar.protocol.Gl200FrameDecoderTest
Running org.traccar.protocol.SanavProtocolDecoderTest
Tests run: 1, Failures: 0, Errors: 1, Skipped: 0, Time elapsed: 0.006 sec <<< FAILURE! - in org.traccar.protocol.SanavProtocolDecoderTest
testDecode(org.traccar.protocol.SanavProtocolDecoderTest)  Time elapsed: 0.001 sec  <<< ERROR!
java.lang.NullPointerException: null
	at org.traccar.BaseProtocolDecoder.getDeviceSession(BaseProtocolDecoder.java:109)
	at org.traccar.protocol.SanavProtocolDecoder.decode(SanavProtocolDecoder.java:65)
	at org.traccar.ProtocolTest.verifyPosition(ProtocolTest.java:98)
	at org.traccar.protocol.SanavProtocolDecoderTest.testDecode(SanavProtocolDecoderTest.java:13)

Running org.traccar.protocol.Tk103ProtocolDecoderTest
Tests run: 1, Failures: 0, Errors: 1, Skipped: 0, Time elapsed: 0.005 sec <<< FAILURE! - in org.traccar.protocol.Tk103ProtocolDecoderTest
testDecode(org.traccar.protocol.Tk103ProtocolDecoderTest)  Time elapsed: 0.004 sec  <<< ERROR!
java.lang.NullPointerException: null
	at org.traccar.BaseProtocolDecoder.getDeviceSession(BaseProtocolDecoder.java:109)
	at org.traccar.protocol.Tk103ProtocolDecoder.decode(Tk103ProtocolDecoder.java:222)
	at org.traccar.ProtocolTest.verifyPosition(ProtocolTest.java:98)
	at org.traccar.protocol.Tk103ProtocolDecoderTest.testDecode(Tk103ProtocolDecoderTest.java:16)

Running org.traccar.protocol.Xt013ProtocolDecoderTest
Tests run: 1, Failures: 0, Errors: 1, Skipped: 0, Time elapsed: 0.008 sec <<< FAILURE! - in org.traccar.protocol.Xt013ProtocolDecoderTest
testDecode(org.traccar.protocol.Xt013ProtocolDecoderTest)  Time elapsed: 0.006 sec  <<< ERROR!
java.lang.NullPointerException: null
	at org.traccar.BaseProtocolDecoder.getDeviceSession(BaseProtocolDecoder.java:109)
	at org.traccar.protocol.Xt013ProtocolDecoder.decode(Xt013ProtocolDecoder.java:71)
	at org.traccar.ProtocolTest.verifyPosition(ProtocolTest.java:102)
	at org.traccar.protocol.Xt013ProtocolDecoderTest.testDecode(Xt013ProtocolDecoderTest.java:13)

Running org.traccar.protocol.Gl100ProtocolDecoderTest
Tests run: 1, Failures: 0, Errors: 1, Skipped: 0, Time elapsed: 0.004 sec <<< FAILURE! - in org.traccar.protocol.Gl100ProtocolDecoderTest
testDecode(org.traccar.protocol.Gl100ProtocolDecoderTest)  Time elapsed: 0.001 sec  <<< ERROR!
java.lang.NullPointerException: null
	at org.traccar.BaseProtocolDecoder.getDeviceSession(BaseProtocolDecoder.java:109)
	at org.traccar.protocol.Gl100ProtocolDecoder.decode(Gl100ProtocolDecoder.java:78)
	at org.traccar.ProtocolTest.verifyPosition(ProtocolTest.java:98)
	at org.traccar.protocol.Gl100ProtocolDecoderTest.testDecode(Gl100ProtocolDecoderTest.java:14)

Running org.traccar.protocol.HuaShengProtocolDecoderTest
Tests run: 1, Failures: 0, Errors: 1, Skipped: 0, Time elapsed: 0.002 sec <<< FAILURE! - in org.traccar.protocol.HuaShengProtocolDecoderTest
testDecode(org.traccar.protocol.HuaShengProtocolDecoderTest)  Time elapsed: 0.001 sec  <<< ERROR!
java.lang.NullPointerException: null
	at org.traccar.BaseProtocolDecoder.getDeviceSession(BaseProtocolDecoder.java:109)
	at org.traccar.protocol.HuaShengProtocolDecoder.decode(HuaShengProtocolDecoder.java:80)
	at org.traccar.ProtocolTest.verifyNull(ProtocolTest.java:86)
	at org.traccar.protocol.HuaShengProtocolDecoderTest.testDecode(HuaShengProtocolDecoderTest.java:13)

Running org.traccar.protocol.SiwiProtocolDecoderTest
Tests run: 1, Failures: 0, Errors: 1, Skipped: 0, Time elapsed: 0.004 sec <<< FAILURE! - in org.traccar.protocol.SiwiProtocolDecoderTest
testDecode(org.traccar.protocol.SiwiProtocolDecoderTest)  Time elapsed: 0.001 sec  <<< ERROR!
java.lang.NullPointerException: null
	at org.traccar.BaseProtocolDecoder.getDeviceSession(BaseProtocolDecoder.java:109)
	at org.traccar.protocol.SiwiProtocolDecoder.decode(SiwiProtocolDecoder.java:68)
	at org.traccar.ProtocolTest.verifyPosition(ProtocolTest.java:98)
	at org.traccar.protocol.SiwiProtocolDecoderTest.testDecode(SiwiProtocolDecoderTest.java:13)

Running org.traccar.protocol.TaipProtocolDecoderTest
Tests run: 1, Failures: 0, Errors: 1, Skipped: 0, Time elapsed: 0.013 sec <<< FAILURE! - in org.traccar.protocol.TaipProtocolDecoderTest
testDecode(org.traccar.protocol.TaipProtocolDecoderTest)  Time elapsed: 0.012 sec  <<< ERROR!
java.lang.NullPointerException: null
	at org.traccar.BaseProtocolDecoder.getDeviceSession(BaseProtocolDecoder.java:109)
	at org.traccar.protocol.TaipProtocolDecoder.decodeAttributes(TaipProtocolDecoder.java:196)
	at org.traccar.protocol.TaipProtocolDecoder.decode(TaipProtocolDecoder.java:177)
	at org.traccar.ProtocolTest.verifyPosition(ProtocolTest.java:98)
	at org.traccar.protocol.TaipProtocolDecoderTest.testDecode(TaipProtocolDecoderTest.java:13)

Running org.traccar.protocol.MeiligaoFrameDecoderTest
Tests run: 1, Failures: 0, Errors: 0, Skipped: 0, Time elapsed: 0.005 sec - in org.traccar.protocol.MeiligaoFrameDecoderTest
Running org.traccar.protocol.PiligrimProtocolDecoderTest
Tests run: 1, Failures: 0, Errors: 1, Skipped: 0, Time elapsed: 0.004 sec <<< FAILURE! - in org.traccar.protocol.PiligrimProtocolDecoderTest
testDecode(org.traccar.protocol.PiligrimProtocolDecoderTest)  Time elapsed: 0.002 sec  <<< ERROR!
java.lang.NullPointerException: null
	at org.traccar.BaseProtocolDecoder.getDeviceSession(BaseProtocolDecoder.java:109)
	at org.traccar.protocol.PiligrimProtocolDecoder.decode(PiligrimProtocolDecoder.java:83)
	at org.traccar.ProtocolTest.verifyPositions(ProtocolTest.java:106)
	at org.traccar.protocol.PiligrimProtocolDecoderTest.testDecode(PiligrimProtocolDecoderTest.java:15)

Running org.traccar.protocol.PretraceProtocolDecoderTest
Tests run: 1, Failures: 0, Errors: 1, Skipped: 0, Time elapsed: 0.006 sec <<< FAILURE! - in org.traccar.protocol.PretraceProtocolDecoderTest
testDecode(org.traccar.protocol.PretraceProtocolDecoderTest)  Time elapsed: 0.006 sec  <<< ERROR!
java.lang.NullPointerException: null
	at org.traccar.BaseProtocolDecoder.getDeviceSession(BaseProtocolDecoder.java:109)
	at org.traccar.protocol.PretraceProtocolDecoder.decode(PretraceProtocolDecoder.java:69)
	at org.traccar.ProtocolTest.verifyPosition(ProtocolTest.java:98)
	at org.traccar.protocol.PretraceProtocolDecoderTest.testDecode(PretraceProtocolDecoderTest.java:13)

Running org.traccar.protocol.L100FrameDecoderTest
Tests run: 1, Failures: 0, Errors: 0, Skipped: 0, Time elapsed: 0.003 sec - in org.traccar.protocol.L100FrameDecoderTest
Running org.traccar.protocol.TotemFrameDecoderTest
Tests run: 1, Failures: 0, Errors: 0, Skipped: 0, Time elapsed: 0.003 sec - in org.traccar.protocol.TotemFrameDecoderTest
Running org.traccar.protocol.OrionProtocolDecoderTest
Tests run: 1, Failures: 0, Errors: 1, Skipped: 0, Time elapsed: 0.008 sec <<< FAILURE! - in org.traccar.protocol.OrionProtocolDecoderTest
testDecode(org.traccar.protocol.OrionProtocolDecoderTest)  Time elapsed: 0.003 sec  <<< ERROR!
java.lang.NullPointerException: null
	at org.traccar.BaseProtocolDecoder.getDeviceSession(BaseProtocolDecoder.java:109)
	at org.traccar.protocol.OrionProtocolDecoder.decode(OrionProtocolDecoder.java:72)
	at org.traccar.ProtocolTest.verifyPositions(ProtocolTest.java:106)
	at org.traccar.protocol.OrionProtocolDecoderTest.testDecode(OrionProtocolDecoderTest.java:15)

Running org.traccar.protocol.At2000ProtocolDecoderTest
Tests run: 1, Failures: 0, Errors: 0, Skipped: 1, Time elapsed: 0.021 sec - in org.traccar.protocol.At2000ProtocolDecoderTest
Running org.traccar.protocol.Pt502ProtocolEncoderTest
Tests run: 3, Failures: 0, Errors: 0, Skipped: 0, Time elapsed: 0.006 sec - in org.traccar.protocol.Pt502ProtocolEncoderTest
Running org.traccar.protocol.FlexCommProtocolDecoderTest
Tests run: 1, Failures: 0, Errors: 1, Skipped: 0, Time elapsed: 0.006 sec <<< FAILURE! - in org.traccar.protocol.FlexCommProtocolDecoderTest
testDecode(org.traccar.protocol.FlexCommProtocolDecoderTest)  Time elapsed: 0.006 sec  <<< ERROR!
java.lang.NullPointerException: null
	at org.traccar.BaseProtocolDecoder.getDeviceSession(BaseProtocolDecoder.java:109)
	at org.traccar.protocol.FlexCommProtocolDecoder.decode(FlexCommProtocolDecoder.java:86)
	at org.traccar.ProtocolTest.verifyPosition(ProtocolTest.java:98)
	at org.traccar.protocol.FlexCommProtocolDecoderTest.testDecode(FlexCommProtocolDecoderTest.java:13)

Running org.traccar.protocol.AtrackProtocolDecoderTest
Tests run: 1, Failures: 0, Errors: 1, Skipped: 0, Time elapsed: 0.008 sec <<< FAILURE! - in org.traccar.protocol.AtrackProtocolDecoderTest
testDecode(org.traccar.protocol.AtrackProtocolDecoderTest)  Time elapsed: 0.006 sec  <<< ERROR!
java.lang.NullPointerException: null
	at org.traccar.BaseProtocolDecoder.getDeviceSession(BaseProtocolDecoder.java:109)
	at org.traccar.protocol.AtrackProtocolDecoder.decodeString(AtrackProtocolDecoder.java:234)
	at org.traccar.protocol.AtrackProtocolDecoder.decode(AtrackProtocolDecoder.java:271)
	at org.traccar.ProtocolTest.verifyAttributes(ProtocolTest.java:94)
	at org.traccar.protocol.AtrackProtocolDecoderTest.testDecode(AtrackProtocolDecoderTest.java:13)

Running org.traccar.protocol.VisiontekProtocolDecoderTest
Tests run: 1, Failures: 0, Errors: 1, Skipped: 0, Time elapsed: 0.006 sec <<< FAILURE! - in org.traccar.protocol.VisiontekProtocolDecoderTest
testDecode(org.traccar.protocol.VisiontekProtocolDecoderTest)  Time elapsed: 0.003 sec  <<< ERROR!
java.lang.NullPointerException: null
	at org.traccar.BaseProtocolDecoder.getDeviceSession(BaseProtocolDecoder.java:109)
	at org.traccar.protocol.VisiontekProtocolDecoder.decode(VisiontekProtocolDecoder.java:87)
	at org.traccar.ProtocolTest.verifyPosition(ProtocolTest.java:98)
	at org.traccar.protocol.VisiontekProtocolDecoderTest.testDecode(VisiontekProtocolDecoderTest.java:13)

Running org.traccar.protocol.Gps056FrameDecoderTest
Tests run: 1, Failures: 0, Errors: 0, Skipped: 0, Time elapsed: 0.006 sec - in org.traccar.protocol.Gps056FrameDecoderTest
Running org.traccar.protocol.MeiligaoProtocolDecoderTest
Tests run: 1, Failures: 0, Errors: 1, Skipped: 0, Time elapsed: 0.015 sec <<< FAILURE! - in org.traccar.protocol.MeiligaoProtocolDecoderTest
testDecode(org.traccar.protocol.MeiligaoProtocolDecoderTest)  Time elapsed: 0.01 sec  <<< ERROR!
java.lang.NullPointerException: null
	at org.traccar.BaseProtocolDecoder.getDeviceSession(BaseProtocolDecoder.java:109)
	at org.traccar.protocol.MeiligaoProtocolDecoder.identify(MeiligaoProtocolDecoder.java:151)
	at org.traccar.protocol.MeiligaoProtocolDecoder.decode(MeiligaoProtocolDecoder.java:361)
	at org.traccar.ProtocolTest.verifyPosition(ProtocolTest.java:98)
	at org.traccar.protocol.MeiligaoProtocolDecoderTest.testDecode(MeiligaoProtocolDecoderTest.java:13)

Running org.traccar.protocol.Jt600ProtocolEncoderTest
Tests run: 4, Failures: 0, Errors: 0, Skipped: 0, Time elapsed: 0.006 sec - in org.traccar.protocol.Jt600ProtocolEncoderTest
Running org.traccar.protocol.TelicProtocolDecoderTest
Tests run: 1, Failures: 0, Errors: 1, Skipped: 0, Time elapsed: 0.009 sec <<< FAILURE! - in org.traccar.protocol.TelicProtocolDecoderTest
testDecode(org.traccar.protocol.TelicProtocolDecoderTest)  Time elapsed: 0.007 sec  <<< ERROR!
java.lang.NullPointerException: null
	at org.traccar.BaseProtocolDecoder.getDeviceSession(BaseProtocolDecoder.java:109)
	at org.traccar.protocol.TelicProtocolDecoder.decode(TelicProtocolDecoder.java:93)
	at org.traccar.ProtocolTest.verifyPosition(ProtocolTest.java:98)
	at org.traccar.protocol.TelicProtocolDecoderTest.testDecode(TelicProtocolDecoderTest.java:13)

Running org.traccar.protocol.AuroProtocolDecoderTest
Tests run: 1, Failures: 0, Errors: 1, Skipped: 0, Time elapsed: 0.009 sec <<< FAILURE! - in org.traccar.protocol.AuroProtocolDecoderTest
testDecode(org.traccar.protocol.AuroProtocolDecoderTest)  Time elapsed: 0.001 sec  <<< ERROR!
java.lang.NullPointerException: null
	at org.traccar.BaseProtocolDecoder.getDeviceSession(BaseProtocolDecoder.java:109)
	at org.traccar.protocol.AuroProtocolDecoder.decode(AuroProtocolDecoder.java:70)
	at org.traccar.ProtocolTest.verifyPosition(ProtocolTest.java:98)
	at org.traccar.protocol.AuroProtocolDecoderTest.testDecode(AuroProtocolDecoderTest.java:13)

Running org.traccar.protocol.GpsMarkerProtocolDecoderTest
Tests run: 1, Failures: 0, Errors: 1, Skipped: 0, Time elapsed: 0.007 sec <<< FAILURE! - in org.traccar.protocol.GpsMarkerProtocolDecoderTest
testDecode(org.traccar.protocol.GpsMarkerProtocolDecoderTest)  Time elapsed: 0.002 sec  <<< ERROR!
java.lang.NullPointerException: null
	at org.traccar.BaseProtocolDecoder.getDeviceSession(BaseProtocolDecoder.java:109)
	at org.traccar.protocol.GpsMarkerProtocolDecoder.decode(GpsMarkerProtocolDecoder.java:67)
	at org.traccar.ProtocolTest.verifyPosition(ProtocolTest.java:98)
	at org.traccar.protocol.GpsMarkerProtocolDecoderTest.testDecode(GpsMarkerProtocolDecoderTest.java:14)

Running org.traccar.protocol.CellocatorProtocolDecoderTest
Tests run: 1, Failures: 0, Errors: 1, Skipped: 0, Time elapsed: 0.013 sec <<< FAILURE! - in org.traccar.protocol.CellocatorProtocolDecoderTest
testDecode(org.traccar.protocol.CellocatorProtocolDecoderTest)  Time elapsed: 0.009 sec  <<< ERROR!
java.lang.NullPointerException: null
	at org.traccar.BaseProtocolDecoder.getDeviceSession(BaseProtocolDecoder.java:109)
	at org.traccar.protocol.CellocatorProtocolDecoder.decode(CellocatorProtocolDecoder.java:106)
	at org.traccar.ProtocolTest.verifyPosition(ProtocolTest.java:98)
	at org.traccar.protocol.CellocatorProtocolDecoderTest.testDecode(CellocatorProtocolDecoderTest.java:15)

Running org.traccar.protocol.H02ProtocolEncoderTest
Tests run: 5, Failures: 0, Errors: 0, Skipped: 0, Time elapsed: 0.161 sec - in org.traccar.protocol.H02ProtocolEncoderTest
Running org.traccar.protocol.ArknavProtocolDecoderTest
Tests run: 1, Failures: 0, Errors: 1, Skipped: 0, Time elapsed: 0.006 sec <<< FAILURE! - in org.traccar.protocol.ArknavProtocolDecoderTest
testDecode(org.traccar.protocol.ArknavProtocolDecoderTest)  Time elapsed: 0.006 sec  <<< ERROR!
java.lang.NullPointerException: null
	at org.traccar.BaseProtocolDecoder.getDeviceSession(BaseProtocolDecoder.java:109)
	at org.traccar.protocol.ArknavProtocolDecoder.decode(ArknavProtocolDecoder.java:64)
	at org.traccar.ProtocolTest.verifyPosition(ProtocolTest.java:102)
	at org.traccar.protocol.ArknavProtocolDecoderTest.testDecode(ArknavProtocolDecoderTest.java:13)

Running org.traccar.protocol.Gt06ProtocolDecoderTest
Tests run: 1, Failures: 0, Errors: 1, Skipped: 0, Time elapsed: 0.001 sec <<< FAILURE! - in org.traccar.protocol.Gt06ProtocolDecoderTest
testDecode(org.traccar.protocol.Gt06ProtocolDecoderTest)  Time elapsed: 0.001 sec  <<< ERROR!
java.lang.NullPointerException: null
	at org.traccar.BaseProtocolDecoder.getDeviceSession(BaseProtocolDecoder.java:109)
	at org.traccar.protocol.Gt06ProtocolDecoder.decodeBasic(Gt06ProtocolDecoder.java:328)
	at org.traccar.protocol.Gt06ProtocolDecoder.decode(Gt06ProtocolDecoder.java:598)
	at org.traccar.ProtocolTest.verifyNull(ProtocolTest.java:86)
	at org.traccar.protocol.Gt06ProtocolDecoderTest.testDecode(Gt06ProtocolDecoderTest.java:13)

Running org.traccar.protocol.JpKorjarProtocolDecoderTest
Tests run: 1, Failures: 0, Errors: 1, Skipped: 0, Time elapsed: 0 sec <<< FAILURE! - in org.traccar.protocol.JpKorjarProtocolDecoderTest
testDecode(org.traccar.protocol.JpKorjarProtocolDecoderTest)  Time elapsed: 0 sec  <<< ERROR!
java.lang.NullPointerException: null
	at org.traccar.BaseProtocolDecoder.getDeviceSession(BaseProtocolDecoder.java:109)
	at org.traccar.protocol.JpKorjarProtocolDecoder.decode(JpKorjarProtocolDecoder.java:66)
	at org.traccar.ProtocolTest.verifyPosition(ProtocolTest.java:98)
	at org.traccar.protocol.JpKorjarProtocolDecoderTest.testDecode(JpKorjarProtocolDecoderTest.java:13)

Running org.traccar.protocol.Gt30ProtocolDecoderTest
Tests run: 1, Failures: 0, Errors: 1, Skipped: 0, Time elapsed: 0 sec <<< FAILURE! - in org.traccar.protocol.Gt30ProtocolDecoderTest
testDecode(org.traccar.protocol.Gt30ProtocolDecoderTest)  Time elapsed: 0 sec  <<< ERROR!
java.lang.NullPointerException: null
	at org.traccar.BaseProtocolDecoder.getDeviceSession(BaseProtocolDecoder.java:109)
	at org.traccar.protocol.Gt30ProtocolDecoder.decode(Gt30ProtocolDecoder.java:82)
	at org.traccar.ProtocolTest.verifyPosition(ProtocolTest.java:98)
	at org.traccar.protocol.Gt30ProtocolDecoderTest.testDecode(Gt30ProtocolDecoderTest.java:13)

Running org.traccar.protocol.TramigoProtocolDecoderTest
Tests run: 1, Failures: 0, Errors: 1, Skipped: 0, Time elapsed: 0.013 sec <<< FAILURE! - in org.traccar.protocol.TramigoProtocolDecoderTest
testDecode(org.traccar.protocol.TramigoProtocolDecoderTest)  Time elapsed: 0.001 sec  <<< ERROR!
java.lang.NullPointerException: null
	at org.traccar.BaseProtocolDecoder.getDeviceSession(BaseProtocolDecoder.java:109)
	at org.traccar.protocol.TramigoProtocolDecoder.decode(TramigoProtocolDecoder.java:69)
	at org.traccar.ProtocolTest.verifyNull(ProtocolTest.java:86)
	at org.traccar.protocol.TramigoProtocolDecoderTest.testDecode(TramigoProtocolDecoderTest.java:15)

Running org.traccar.protocol.PathAwayProtocolDecoderTest
Tests run: 1, Failures: 0, Errors: 1, Skipped: 0, Time elapsed: 0.001 sec <<< FAILURE! - in org.traccar.protocol.PathAwayProtocolDecoderTest
testDecode(org.traccar.protocol.PathAwayProtocolDecoderTest)  Time elapsed: 0.001 sec  <<< ERROR!
java.lang.NullPointerException: null
	at org.traccar.BaseProtocolDecoder.getDeviceSession(BaseProtocolDecoder.java:109)
	at org.traccar.protocol.PathAwayProtocolDecoder.decode(PathAwayProtocolDecoder.java:64)
	at org.traccar.ProtocolTest.verifyPosition(ProtocolTest.java:98)
	at org.traccar.protocol.PathAwayProtocolDecoderTest.testDecode(PathAwayProtocolDecoderTest.java:13)

Running org.traccar.protocol.ProgressProtocolDecoderTest
Tests run: 1, Failures: 0, Errors: 1, Skipped: 0, Time elapsed: 0.002 sec <<< FAILURE! - in org.traccar.protocol.ProgressProtocolDecoderTest
testDecode(org.traccar.protocol.ProgressProtocolDecoderTest)  Time elapsed: 0.001 sec  <<< ERROR!
java.lang.NullPointerException: null
	at org.traccar.BaseProtocolDecoder.getDeviceSession(BaseProtocolDecoder.java:109)
	at org.traccar.protocol.ProgressProtocolDecoder.decode(ProgressProtocolDecoder.java:82)
	at org.traccar.ProtocolTest.verifyNull(ProtocolTest.java:86)
	at org.traccar.protocol.ProgressProtocolDecoderTest.testDecode(ProgressProtocolDecoderTest.java:16)

Running org.traccar.protocol.Pt502ProtocolDecoderTest
Tests run: 1, Failures: 0, Errors: 1, Skipped: 0, Time elapsed: 0.007 sec <<< FAILURE! - in org.traccar.protocol.Pt502ProtocolDecoderTest
testDecode(org.traccar.protocol.Pt502ProtocolDecoderTest)  Time elapsed: 0.002 sec  <<< ERROR!
java.lang.NullPointerException: null
	at org.traccar.BaseProtocolDecoder.getDeviceSession(BaseProtocolDecoder.java:109)
	at org.traccar.protocol.Pt502ProtocolDecoder.decode(Pt502ProtocolDecoder.java:103)
	at org.traccar.ProtocolTest.verifyPosition(ProtocolTest.java:98)
	at org.traccar.protocol.Pt502ProtocolDecoderTest.testDecode(Pt502ProtocolDecoderTest.java:13)

Running org.traccar.protocol.Tr900ProtocolDecoderTest
Tests run: 1, Failures: 0, Errors: 1, Skipped: 0, Time elapsed: 0.004 sec <<< FAILURE! - in org.traccar.protocol.Tr900ProtocolDecoderTest
testDecode(org.traccar.protocol.Tr900ProtocolDecoderTest)  Time elapsed: 0.004 sec  <<< ERROR!
java.lang.NullPointerException: null
	at org.traccar.BaseProtocolDecoder.getDeviceSession(BaseProtocolDecoder.java:109)
	at org.traccar.protocol.Tr900ProtocolDecoder.decode(Tr900ProtocolDecoder.java:69)
	at org.traccar.ProtocolTest.verifyPosition(ProtocolTest.java:102)
	at org.traccar.protocol.Tr900ProtocolDecoderTest.testDecode(Tr900ProtocolDecoderTest.java:13)

Running org.traccar.protocol.TmgProtocolDecoderTest
Tests run: 1, Failures: 0, Errors: 1, Skipped: 0, Time elapsed: 0.002 sec <<< FAILURE! - in org.traccar.protocol.TmgProtocolDecoderTest
testDecode(org.traccar.protocol.TmgProtocolDecoderTest)  Time elapsed: 0.001 sec  <<< ERROR!
java.lang.NullPointerException: null
	at org.traccar.BaseProtocolDecoder.getDeviceSession(BaseProtocolDecoder.java:109)
	at org.traccar.protocol.TmgProtocolDecoder.decode(TmgProtocolDecoder.java:82)
	at org.traccar.ProtocolTest.verifyPosition(ProtocolTest.java:98)
	at org.traccar.protocol.TmgProtocolDecoderTest.testDecode(TmgProtocolDecoderTest.java:13)

Running org.traccar.protocol.Gl200BinaryProtocolDecoderTest
Tests run: 1, Failures: 0, Errors: 1, Skipped: 0, Time elapsed: 0.005 sec <<< FAILURE! - in org.traccar.protocol.Gl200BinaryProtocolDecoderTest
testDecode(org.traccar.protocol.Gl200BinaryProtocolDecoderTest)  Time elapsed: 0.001 sec  <<< ERROR!
java.lang.NullPointerException: null
	at org.traccar.BaseProtocolDecoder.getDeviceSession(BaseProtocolDecoder.java:109)
	at org.traccar.protocol.Gl200BinaryProtocolDecoder.decode(Gl200BinaryProtocolDecoder.java:60)
	at org.traccar.ProtocolTest.verifyPosition(ProtocolTest.java:98)
	at org.traccar.protocol.Gl200BinaryProtocolDecoderTest.testDecode(Gl200BinaryProtocolDecoderTest.java:13)

Running org.traccar.protocol.CradlepointProtocolDecoderTest
Tests run: 1, Failures: 0, Errors: 1, Skipped: 0, Time elapsed: 0.008 sec <<< FAILURE! - in org.traccar.protocol.CradlepointProtocolDecoderTest
testDecode(org.traccar.protocol.CradlepointProtocolDecoderTest)  Time elapsed: 0.008 sec  <<< ERROR!
java.lang.NullPointerException: null
	at org.traccar.BaseProtocolDecoder.getDeviceSession(BaseProtocolDecoder.java:109)
	at org.traccar.protocol.CradlepointProtocolDecoder.decode(CradlepointProtocolDecoder.java:64)
	at org.traccar.ProtocolTest.verifyPosition(ProtocolTest.java:98)
	at org.traccar.protocol.CradlepointProtocolDecoderTest.testDecode(CradlepointProtocolDecoderTest.java:13)

Running org.traccar.protocol.Vt200FrameDecoderTest
Tests run: 1, Failures: 0, Errors: 0, Skipped: 0, Time elapsed: 0.001 sec - in org.traccar.protocol.Vt200FrameDecoderTest
Running org.traccar.protocol.MegastekProtocolDecoderTest
Tests run: 1, Failures: 0, Errors: 1, Skipped: 0, Time elapsed: 0.005 sec <<< FAILURE! - in org.traccar.protocol.MegastekProtocolDecoderTest
testDecode(org.traccar.protocol.MegastekProtocolDecoderTest)  Time elapsed: 0.002 sec  <<< ERROR!
java.lang.NullPointerException: null
	at org.traccar.BaseProtocolDecoder.getDeviceSession(BaseProtocolDecoder.java:109)
	at org.traccar.protocol.MegastekProtocolDecoder.decodeNew(MegastekProtocolDecoder.java:286)
	at org.traccar.protocol.MegastekProtocolDecoder.decode(MegastekProtocolDecoder.java:379)
	at org.traccar.ProtocolTest.verifyPosition(ProtocolTest.java:98)
	at org.traccar.protocol.MegastekProtocolDecoderTest.testDecode(MegastekProtocolDecoderTest.java:13)

Running org.traccar.protocol.TeltonikaProtocolEncoderTest
Tests run: 1, Failures: 0, Errors: 0, Skipped: 0, Time elapsed: 0 sec - in org.traccar.protocol.TeltonikaProtocolEncoderTest
Running org.traccar.protocol.Gps056ProtocolDecoderTest
Tests run: 1, Failures: 0, Errors: 1, Skipped: 0, Time elapsed: 0.001 sec <<< FAILURE! - in org.traccar.protocol.Gps056ProtocolDecoderTest
testDecode(org.traccar.protocol.Gps056ProtocolDecoderTest)  Time elapsed: 0.001 sec  <<< ERROR!
java.lang.NullPointerException: null
	at org.traccar.BaseProtocolDecoder.getDeviceSession(BaseProtocolDecoder.java:109)
	at org.traccar.protocol.Gps056ProtocolDecoder.decode(Gps056ProtocolDecoder.java:84)
	at org.traccar.ProtocolTest.verifyNull(ProtocolTest.java:86)
	at org.traccar.protocol.Gps056ProtocolDecoderTest.testDecode(Gps056ProtocolDecoderTest.java:13)

Running org.traccar.protocol.RuptelaProtocolEncoderTest
Tests run: 1, Failures: 0, Errors: 0, Skipped: 0, Time elapsed: 0.001 sec - in org.traccar.protocol.RuptelaProtocolEncoderTest
Running org.traccar.protocol.HuabaoProtocolEncoderTest
Tests run: 1, Failures: 0, Errors: 0, Skipped: 1, Time elapsed: 0.001 sec - in org.traccar.protocol.HuabaoProtocolEncoderTest
Running org.traccar.protocol.HunterProProtocolDecoderTest
Tests run: 1, Failures: 0, Errors: 1, Skipped: 0, Time elapsed: 0.015 sec <<< FAILURE! - in org.traccar.protocol.HunterProProtocolDecoderTest
testDecode(org.traccar.protocol.HunterProProtocolDecoderTest)  Time elapsed: 0.001 sec  <<< ERROR!
java.lang.NullPointerException: null
	at org.traccar.BaseProtocolDecoder.getDeviceSession(BaseProtocolDecoder.java:109)
	at org.traccar.protocol.HunterProProtocolDecoder.decode(HunterProProtocolDecoder.java:62)
	at org.traccar.ProtocolTest.verifyPosition(ProtocolTest.java:98)
	at org.traccar.protocol.HunterProProtocolDecoderTest.testDecode(HunterProProtocolDecoderTest.java:13)

Running org.traccar.protocol.Gps103ProtocolDecoderTest
Tests run: 1, Failures: 0, Errors: 1, Skipped: 0, Time elapsed: 0.011 sec <<< FAILURE! - in org.traccar.protocol.Gps103ProtocolDecoderTest
testDecode(org.traccar.protocol.Gps103ProtocolDecoderTest)  Time elapsed: 0.002 sec  <<< ERROR!
java.lang.NullPointerException: null
	at org.traccar.BaseProtocolDecoder.getDeviceSession(BaseProtocolDecoder.java:109)
	at org.traccar.protocol.Gps103ProtocolDecoder.decode(Gps103ProtocolDecoder.java:201)
	at org.traccar.ProtocolTest.verifyAttributes(ProtocolTest.java:94)
	at org.traccar.protocol.Gps103ProtocolDecoderTest.testDecode(Gps103ProtocolDecoderTest.java:13)

Running org.traccar.protocol.L100ProtocolDecoderTest
Tests run: 1, Failures: 0, Errors: 1, Skipped: 0, Time elapsed: 0.001 sec <<< FAILURE! - in org.traccar.protocol.L100ProtocolDecoderTest
testDecode(org.traccar.protocol.L100ProtocolDecoderTest)  Time elapsed: 0.001 sec  <<< ERROR!
java.lang.NullPointerException: null
	at org.traccar.BaseProtocolDecoder.getDeviceSession(BaseProtocolDecoder.java:109)
	at org.traccar.protocol.L100ProtocolDecoder.decode(L100ProtocolDecoder.java:89)
	at org.traccar.ProtocolTest.verifyPosition(ProtocolTest.java:98)
	at org.traccar.protocol.L100ProtocolDecoderTest.testDecode(L100ProtocolDecoderTest.java:13)

Running org.traccar.protocol.XexunProtocolDecoderTest
Tests run: 1, Failures: 0, Errors: 1, Skipped: 0, Time elapsed: 0.001 sec <<< FAILURE! - in org.traccar.protocol.XexunProtocolDecoderTest
testDecode(org.traccar.protocol.XexunProtocolDecoderTest)  Time elapsed: 0.001 sec  <<< ERROR!
java.lang.NullPointerException: null
	at org.traccar.BaseProtocolDecoder.getDeviceSession(BaseProtocolDecoder.java:109)
	at org.traccar.protocol.XexunProtocolDecoder.decode(XexunProtocolDecoder.java:142)
	at org.traccar.ProtocolTest.verifyAttributes(ProtocolTest.java:94)
	at org.traccar.protocol.XexunProtocolDecoderTest.testDecode(XexunProtocolDecoderTest.java:13)

Running org.traccar.protocol.DmtProtocolDecoderTest
Tests run: 1, Failures: 0, Errors: 1, Skipped: 0, Time elapsed: 0.001 sec <<< FAILURE! - in org.traccar.protocol.DmtProtocolDecoderTest
testDecode(org.traccar.protocol.DmtProtocolDecoderTest)  Time elapsed: 0.001 sec  <<< ERROR!
java.lang.NullPointerException: null
	at org.traccar.BaseProtocolDecoder.getDeviceSession(BaseProtocolDecoder.java:109)
	at org.traccar.protocol.DmtProtocolDecoder.decode(DmtProtocolDecoder.java:62)
	at org.traccar.ProtocolTest.verifyNull(ProtocolTest.java:86)
	at org.traccar.protocol.DmtProtocolDecoderTest.testDecode(DmtProtocolDecoderTest.java:15)

Running org.traccar.protocol.UproProtocolDecoderTest
Tests run: 1, Failures: 0, Errors: 1, Skipped: 0, Time elapsed: 0.001 sec <<< FAILURE! - in org.traccar.protocol.UproProtocolDecoderTest
testDecode(org.traccar.protocol.UproProtocolDecoderTest)  Time elapsed: 0 sec  <<< ERROR!
java.lang.NullPointerException: null
	at org.traccar.BaseProtocolDecoder.getDeviceSession(BaseProtocolDecoder.java:109)
	at org.traccar.protocol.UproProtocolDecoder.decode(UproProtocolDecoder.java:114)
	at org.traccar.ProtocolTest.verifyPosition(ProtocolTest.java:98)
	at org.traccar.protocol.UproProtocolDecoderTest.testDecode(UproProtocolDecoderTest.java:13)

Running org.traccar.protocol.NvsFrameDecoderTest
Tests run: 1, Failures: 0, Errors: 0, Skipped: 0, Time elapsed: 0 sec - in org.traccar.protocol.NvsFrameDecoderTest
Running org.traccar.protocol.Vt200ProtocolDecoderTest
Tests run: 1, Failures: 0, Errors: 1, Skipped: 0, Time elapsed: 0.001 sec <<< FAILURE! - in org.traccar.protocol.Vt200ProtocolDecoderTest
testDecode(org.traccar.protocol.Vt200ProtocolDecoderTest)  Time elapsed: 0.001 sec  <<< ERROR!
java.lang.NullPointerException: null
	at org.traccar.BaseProtocolDecoder.getDeviceSession(BaseProtocolDecoder.java:109)
	at org.traccar.protocol.Vt200ProtocolDecoder.decode(Vt200ProtocolDecoder.java:52)
	at org.traccar.ProtocolTest.verifyPosition(ProtocolTest.java:98)
	at org.traccar.protocol.Vt200ProtocolDecoderTest.testDecode(Vt200ProtocolDecoderTest.java:13)

Running org.traccar.protocol.GranitFrameDecoderTest
Tests run: 1, Failures: 0, Errors: 0, Skipped: 0, Time elapsed: 0.002 sec - in org.traccar.protocol.GranitFrameDecoderTest
Running org.traccar.protocol.Tk103ProtocolEncoderTest
Tests run: 7, Failures: 0, Errors: 0, Skipped: 0, Time elapsed: 0.022 sec - in org.traccar.protocol.Tk103ProtocolEncoderTest
Running org.traccar.protocol.Stl060ProtocolDecoderTest
Tests run: 1, Failures: 0, Errors: 1, Skipped: 0, Time elapsed: 0.002 sec <<< FAILURE! - in org.traccar.protocol.Stl060ProtocolDecoderTest
testDecode(org.traccar.protocol.Stl060ProtocolDecoderTest)  Time elapsed: 0.002 sec  <<< ERROR!
java.lang.NullPointerException: null
	at org.traccar.BaseProtocolDecoder.getDeviceSession(BaseProtocolDecoder.java:109)
	at org.traccar.protocol.Stl060ProtocolDecoder.decode(Stl060ProtocolDecoder.java:81)
	at org.traccar.ProtocolTest.verifyPosition(ProtocolTest.java:102)
	at org.traccar.protocol.Stl060ProtocolDecoderTest.testDecode(Stl060ProtocolDecoderTest.java:13)

Running org.traccar.protocol.ThinkRaceProtocolDecoderTest
Tests run: 1, Failures: 0, Errors: 1, Skipped: 0, Time elapsed: 0.001 sec <<< FAILURE! - in org.traccar.protocol.ThinkRaceProtocolDecoderTest
testDecode(org.traccar.protocol.ThinkRaceProtocolDecoderTest)  Time elapsed: 0 sec  <<< ERROR!
java.lang.NullPointerException: null
	at org.traccar.BaseProtocolDecoder.getDeviceSession(BaseProtocolDecoder.java:109)
	at org.traccar.protocol.ThinkRaceProtocolDecoder.decode(ThinkRaceProtocolDecoder.java:69)
	at org.traccar.ProtocolTest.verifyNull(ProtocolTest.java:86)
	at org.traccar.protocol.ThinkRaceProtocolDecoderTest.testDecode(ThinkRaceProtocolDecoderTest.java:13)

Running org.traccar.protocol.TotemProtocolEncoderTest
Tests run: 1, Failures: 0, Errors: 0, Skipped: 0, Time elapsed: 0.001 sec - in org.traccar.protocol.TotemProtocolEncoderTest
Running org.traccar.protocol.CarscopProtocolDecoderTest
Tests run: 1, Failures: 0, Errors: 1, Skipped: 0, Time elapsed: 0.001 sec <<< FAILURE! - in org.traccar.protocol.CarscopProtocolDecoderTest
testDecode(org.traccar.protocol.CarscopProtocolDecoderTest)  Time elapsed: 0.001 sec  <<< ERROR!
java.lang.NullPointerException: null
	at org.traccar.BaseProtocolDecoder.getDeviceSession(BaseProtocolDecoder.java:109)
	at org.traccar.protocol.CarscopProtocolDecoder.decode(CarscopProtocolDecoder.java:63)
	at org.traccar.ProtocolTest.verifyNull(ProtocolTest.java:86)
	at org.traccar.protocol.CarscopProtocolDecoderTest.testDecode(CarscopProtocolDecoderTest.java:13)

Running org.traccar.protocol.ArnaviProtocolDecoderTest
Tests run: 1, Failures: 0, Errors: 1, Skipped: 0, Time elapsed: 0.001 sec <<< FAILURE! - in org.traccar.protocol.ArnaviProtocolDecoderTest
testDecode(org.traccar.protocol.ArnaviProtocolDecoderTest)  Time elapsed: 0.001 sec  <<< ERROR!
java.lang.NullPointerException: null
	at org.traccar.BaseProtocolDecoder.getDeviceSession(BaseProtocolDecoder.java:109)
	at org.traccar.protocol.ArnaviProtocolDecoder.decode(ArnaviProtocolDecoder.java:71)
	at org.traccar.ProtocolTest.verifyPosition(ProtocolTest.java:98)
	at org.traccar.protocol.ArnaviProtocolDecoderTest.testDecode(ArnaviProtocolDecoderTest.java:13)

Running org.traccar.protocol.AisProtocolDecoderTest
Tests run: 1, Failures: 0, Errors: 1, Skipped: 0, Time elapsed: 0.001 sec <<< FAILURE! - in org.traccar.protocol.AisProtocolDecoderTest
testDecode(org.traccar.protocol.AisProtocolDecoderTest)  Time elapsed: 0.001 sec  <<< ERROR!
java.lang.NullPointerException: null
	at org.traccar.BaseProtocolDecoder.getDeviceSession(BaseProtocolDecoder.java:109)
	at org.traccar.protocol.AisProtocolDecoder.decodePayload(AisProtocolDecoder.java:59)
	at org.traccar.protocol.AisProtocolDecoder.decode(AisProtocolDecoder.java:115)
	at org.traccar.ProtocolTest.verifyPositions(ProtocolTest.java:106)
	at org.traccar.protocol.AisProtocolDecoderTest.testDecode(AisProtocolDecoderTest.java:13)

Running org.traccar.protocol.RaveonProtocolDecoderTest
Tests run: 1, Failures: 0, Errors: 1, Skipped: 0, Time elapsed: 0.001 sec <<< FAILURE! - in org.traccar.protocol.RaveonProtocolDecoderTest
testDecode(org.traccar.protocol.RaveonProtocolDecoderTest)  Time elapsed: 0.001 sec  <<< ERROR!
java.lang.NullPointerException: null
	at org.traccar.BaseProtocolDecoder.getDeviceSession(BaseProtocolDecoder.java:109)
	at org.traccar.protocol.RaveonProtocolDecoder.decode(RaveonProtocolDecoder.java:66)
	at org.traccar.ProtocolTest.verifyPosition(ProtocolTest.java:98)
	at org.traccar.protocol.RaveonProtocolDecoderTest.testDecode(RaveonProtocolDecoderTest.java:13)

Running org.traccar.protocol.CityeasyProtocolEncoderTest
Tests run: 1, Failures: 0, Errors: 0, Skipped: 0, Time elapsed: 0.002 sec - in org.traccar.protocol.CityeasyProtocolEncoderTest
Running org.traccar.protocol.Tr20ProtocolDecoderTest
Tests run: 1, Failures: 0, Errors: 1, Skipped: 0, Time elapsed: 0.027 sec <<< FAILURE! - in org.traccar.protocol.Tr20ProtocolDecoderTest
testDecode(org.traccar.protocol.Tr20ProtocolDecoderTest)  Time elapsed: 0.012 sec  <<< ERROR!
java.lang.NullPointerException: null
	at org.traccar.BaseProtocolDecoder.getDeviceSession(BaseProtocolDecoder.java:109)
	at org.traccar.protocol.Tr20ProtocolDecoder.decode(Tr20ProtocolDecoder.java:76)
	at org.traccar.ProtocolTest.verifyPosition(ProtocolTest.java:102)
	at org.traccar.protocol.Tr20ProtocolDecoderTest.testDecode(Tr20ProtocolDecoderTest.java:16)

Running org.traccar.protocol.TelicFrameDecoderTest
Tests run: 1, Failures: 0, Errors: 0, Skipped: 0, Time elapsed: 0.003 sec - in org.traccar.protocol.TelicFrameDecoderTest
Running org.traccar.protocol.AdmProtocolDecoderTest
Tests run: 1, Failures: 0, Errors: 1, Skipped: 0, Time elapsed: 0.002 sec <<< FAILURE! - in org.traccar.protocol.AdmProtocolDecoderTest
testDecode(org.traccar.protocol.AdmProtocolDecoderTest)  Time elapsed: 0.001 sec  <<< ERROR!
java.lang.NullPointerException: null
	at org.traccar.BaseProtocolDecoder.getDeviceSession(BaseProtocolDecoder.java:109)
	at org.traccar.protocol.AdmProtocolDecoder.decode(AdmProtocolDecoder.java:53)
	at org.traccar.ProtocolTest.verifyNull(ProtocolTest.java:86)
	at org.traccar.protocol.AdmProtocolDecoderTest.testDecode(AdmProtocolDecoderTest.java:15)

Running org.traccar.protocol.ManPowerProtocolDecoderTest
Tests run: 1, Failures: 0, Errors: 1, Skipped: 0, Time elapsed: 0.002 sec <<< FAILURE! - in org.traccar.protocol.ManPowerProtocolDecoderTest
testDecode(org.traccar.protocol.ManPowerProtocolDecoderTest)  Time elapsed: 0.001 sec  <<< ERROR!
java.lang.NullPointerException: null
	at org.traccar.BaseProtocolDecoder.getDeviceSession(BaseProtocolDecoder.java:109)
	at org.traccar.protocol.ManPowerProtocolDecoder.decode(ManPowerProtocolDecoder.java:63)
	at org.traccar.ProtocolTest.verifyPosition(ProtocolTest.java:102)
	at org.traccar.protocol.ManPowerProtocolDecoderTest.testDecode(ManPowerProtocolDecoderTest.java:13)

Running org.traccar.protocol.Xt2400ProtocolDecoderTest
Tests run: 1, Failures: 0, Errors: 1, Skipped: 0, Time elapsed: 0.002 sec <<< FAILURE! - in org.traccar.protocol.Xt2400ProtocolDecoderTest
testDecode(org.traccar.protocol.Xt2400ProtocolDecoderTest)  Time elapsed: 0.001 sec  <<< ERROR!
java.lang.NullPointerException: null
	at org.traccar.BaseProtocolDecoder.getDeviceSession(BaseProtocolDecoder.java:109)
	at org.traccar.protocol.Xt2400ProtocolDecoder.decode(Xt2400ProtocolDecoder.java:126)
	at org.traccar.ProtocolTest.verifyPosition(ProtocolTest.java:98)
	at org.traccar.protocol.Xt2400ProtocolDecoderTest.testDecode(Xt2400ProtocolDecoderTest.java:15)

Running org.traccar.protocol.H02ProtocolDecoderTest
Tests run: 2, Failures: 0, Errors: 2, Skipped: 0, Time elapsed: 0.003 sec <<< FAILURE! - in org.traccar.protocol.H02ProtocolDecoderTest
testDecodeStatus(org.traccar.protocol.H02ProtocolDecoderTest)  Time elapsed: 0.002 sec  <<< ERROR!
java.lang.NullPointerException: null
	at org.traccar.BaseProtocolDecoder.getDeviceSession(BaseProtocolDecoder.java:109)
	at org.traccar.protocol.H02ProtocolDecoder.decodeText(H02ProtocolDecoder.java:232)
	at org.traccar.protocol.H02ProtocolDecoder.decode(H02ProtocolDecoder.java:389)
	at org.traccar.ProtocolTest.verifyAttribute(ProtocolTest.java:90)
	at org.traccar.protocol.H02ProtocolDecoderTest.testDecodeStatus(H02ProtocolDecoderTest.java:208)

testDecode(org.traccar.protocol.H02ProtocolDecoderTest)  Time elapsed: 0.001 sec  <<< ERROR!
java.lang.NullPointerException: null
	at org.traccar.BaseProtocolDecoder.getDeviceSession(BaseProtocolDecoder.java:109)
	at org.traccar.protocol.H02ProtocolDecoder.decodeLink(H02ProtocolDecoder.java:342)
	at org.traccar.protocol.H02ProtocolDecoder.decode(H02ProtocolDecoder.java:387)
	at org.traccar.ProtocolTest.verifyAttributes(ProtocolTest.java:94)
	at org.traccar.protocol.H02ProtocolDecoderTest.testDecode(H02ProtocolDecoderTest.java:17)

Running org.traccar.protocol.At2000FrameDecoderTest
Tests run: 1, Failures: 0, Errors: 0, Skipped: 0, Time elapsed: 0.001 sec - in org.traccar.protocol.At2000FrameDecoderTest
Running org.traccar.protocol.HuabaoProtocolDecoderTest
Tests run: 1, Failures: 0, Errors: 1, Skipped: 0, Time elapsed: 0.001 sec <<< FAILURE! - in org.traccar.protocol.HuabaoProtocolDecoderTest
testDecode(org.traccar.protocol.HuabaoProtocolDecoderTest)  Time elapsed: 0.001 sec  <<< ERROR!
java.lang.NullPointerException: null
	at org.traccar.BaseProtocolDecoder.getDeviceSession(BaseProtocolDecoder.java:109)
	at org.traccar.protocol.HuabaoProtocolDecoder.decode(HuabaoProtocolDecoder.java:111)
	at org.traccar.ProtocolTest.verifyPosition(ProtocolTest.java:98)
	at org.traccar.protocol.HuabaoProtocolDecoderTest.testDecode(HuabaoProtocolDecoderTest.java:13)

Running org.traccar.protocol.XirgoProtocolDecoderTest
Tests run: 2, Failures: 0, Errors: 2, Skipped: 0, Time elapsed: 0.014 sec <<< FAILURE! - in org.traccar.protocol.XirgoProtocolDecoderTest
testDecodeNew(org.traccar.protocol.XirgoProtocolDecoderTest)  Time elapsed: 0.014 sec  <<< ERROR!
java.lang.NullPointerException: null
	at org.traccar.BaseProtocolDecoder.getDeviceSession(BaseProtocolDecoder.java:109)
	at org.traccar.protocol.XirgoProtocolDecoder.decode(XirgoProtocolDecoder.java:131)
	at org.traccar.ProtocolTest.verifyPosition(ProtocolTest.java:98)
	at org.traccar.protocol.XirgoProtocolDecoderTest.testDecodeNew(XirgoProtocolDecoderTest.java:13)

testDecodeOld(org.traccar.protocol.XirgoProtocolDecoderTest)  Time elapsed: 0 sec  <<< ERROR!
java.lang.NullPointerException: null
	at org.traccar.BaseProtocolDecoder.getDeviceSession(BaseProtocolDecoder.java:109)
	at org.traccar.protocol.XirgoProtocolDecoder.decode(XirgoProtocolDecoder.java:131)
	at org.traccar.ProtocolTest.verifyPosition(ProtocolTest.java:102)
	at org.traccar.protocol.XirgoProtocolDecoderTest.testDecodeOld(XirgoProtocolDecoderTest.java:41)

Running org.traccar.protocol.CityeasyProtocolDecoderTest
Tests run: 1, Failures: 0, Errors: 1, Skipped: 0, Time elapsed: 0.011 sec <<< FAILURE! - in org.traccar.protocol.CityeasyProtocolDecoderTest
testDecode(org.traccar.protocol.CityeasyProtocolDecoderTest)  Time elapsed: 0.011 sec  <<< ERROR!
java.lang.NullPointerException: null
	at org.traccar.BaseProtocolDecoder.getDeviceSession(BaseProtocolDecoder.java:109)
	at org.traccar.protocol.CityeasyProtocolDecoder.decode(CityeasyProtocolDecoder.java:78)
	at org.traccar.ProtocolTest.verifyNotNull(ProtocolTest.java:82)
	at org.traccar.protocol.CityeasyProtocolDecoderTest.testDecode(CityeasyProtocolDecoderTest.java:14)

Running org.traccar.protocol.AutoFonProtocolDecoderTest
Tests run: 1, Failures: 0, Errors: 1, Skipped: 0, Time elapsed: 0.001 sec <<< FAILURE! - in org.traccar.protocol.AutoFonProtocolDecoderTest
testDecode(org.traccar.protocol.AutoFonProtocolDecoderTest)  Time elapsed: 0.001 sec  <<< ERROR!
java.lang.NullPointerException: null
	at org.traccar.BaseProtocolDecoder.getDeviceSession(BaseProtocolDecoder.java:109)
	at org.traccar.protocol.AutoFonProtocolDecoder.decode(AutoFonProtocolDecoder.java:134)
	at org.traccar.ProtocolTest.verifyNull(ProtocolTest.java:86)
	at org.traccar.protocol.AutoFonProtocolDecoderTest.testDecode(AutoFonProtocolDecoderTest.java:14)

Running org.traccar.protocol.Jt600ProtocolDecoderTest
Tests run: 1, Failures: 0, Errors: 1, Skipped: 0, Time elapsed: 0.002 sec <<< FAILURE! - in org.traccar.protocol.Jt600ProtocolDecoderTest
testDecode(org.traccar.protocol.Jt600ProtocolDecoderTest)  Time elapsed: 0.002 sec  <<< ERROR!
java.lang.NullPointerException: null
	at org.traccar.BaseProtocolDecoder.getDeviceSession(BaseProtocolDecoder.java:109)
	at org.traccar.protocol.Jt600ProtocolDecoder.decodeBinary(Jt600ProtocolDecoder.java:58)
	at org.traccar.protocol.Jt600ProtocolDecoder.decode(Jt600ProtocolDecoder.java:289)
	at org.traccar.ProtocolTest.verifyPosition(ProtocolTest.java:98)
	at org.traccar.protocol.Jt600ProtocolDecoderTest.testDecode(Jt600ProtocolDecoderTest.java:14)

Running org.traccar.protocol.AquilaProtocolDecoderTest
Tests run: 1, Failures: 0, Errors: 1, Skipped: 0, Time elapsed: 0.002 sec <<< FAILURE! - in org.traccar.protocol.AquilaProtocolDecoderTest
testDecode(org.traccar.protocol.AquilaProtocolDecoderTest)  Time elapsed: 0.002 sec  <<< ERROR!
java.lang.NullPointerException: null
	at org.traccar.BaseProtocolDecoder.getDeviceSession(BaseProtocolDecoder.java:109)
	at org.traccar.protocol.AquilaProtocolDecoder.decode(AquilaProtocolDecoder.java:136)
	at org.traccar.ProtocolTest.verifyPosition(ProtocolTest.java:98)
	at org.traccar.protocol.AquilaProtocolDecoderTest.testDecode(AquilaProtocolDecoderTest.java:13)

Running org.traccar.protocol.T800xProtocolEncoderTest
Tests run: 1, Failures: 0, Errors: 0, Skipped: 0, Time elapsed: 0.001 sec - in org.traccar.protocol.T800xProtocolEncoderTest
Running org.traccar.protocol.ObdDongleProtocolDecoderTest
Tests run: 1, Failures: 0, Errors: 1, Skipped: 0, Time elapsed: 0.002 sec <<< FAILURE! - in org.traccar.protocol.ObdDongleProtocolDecoderTest
testDecode(org.traccar.protocol.ObdDongleProtocolDecoderTest)  Time elapsed: 0.001 sec  <<< ERROR!
java.lang.NullPointerException: null
	at org.traccar.BaseProtocolDecoder.getDeviceSession(BaseProtocolDecoder.java:109)
	at org.traccar.protocol.ObdDongleProtocolDecoder.decode(ObdDongleProtocolDecoder.java:70)
	at org.traccar.ProtocolTest.verifyNull(ProtocolTest.java:86)
	at org.traccar.protocol.ObdDongleProtocolDecoderTest.testDecode(ObdDongleProtocolDecoderTest.java:13)

Running org.traccar.protocol.FoxProtocolDecoderTest
Tests run: 1, Failures: 0, Errors: 1, Skipped: 0, Time elapsed: 0.002 sec <<< FAILURE! - in org.traccar.protocol.FoxProtocolDecoderTest
testDecode(org.traccar.protocol.FoxProtocolDecoderTest)  Time elapsed: 0 sec  <<< ERROR!
java.lang.NullPointerException: null
	at org.traccar.BaseProtocolDecoder.getDeviceSession(BaseProtocolDecoder.java:109)
	at org.traccar.protocol.FoxProtocolDecoder.decode(FoxProtocolDecoder.java:81)
	at org.traccar.ProtocolTest.verifyPosition(ProtocolTest.java:98)
	at org.traccar.protocol.FoxProtocolDecoderTest.testDecode(FoxProtocolDecoderTest.java:13)

Running org.traccar.protocol.Ardi01ProtocolDecoderTest
Tests run: 1, Failures: 0, Errors: 1, Skipped: 0, Time elapsed: 0.004 sec <<< FAILURE! - in org.traccar.protocol.Ardi01ProtocolDecoderTest
testDecode(org.traccar.protocol.Ardi01ProtocolDecoderTest)  Time elapsed: 0.002 sec  <<< ERROR!
java.lang.NullPointerException: null
	at org.traccar.BaseProtocolDecoder.getDeviceSession(BaseProtocolDecoder.java:109)
	at org.traccar.protocol.Ardi01ProtocolDecoder.decode(Ardi01ProtocolDecoder.java:62)
	at org.traccar.ProtocolTest.verifyPosition(ProtocolTest.java:102)
	at org.traccar.protocol.Ardi01ProtocolDecoderTest.testDecode(Ardi01ProtocolDecoderTest.java:13)

Running org.traccar.protocol.NavisProtocolDecoderTest
Tests run: 1, Failures: 0, Errors: 1, Skipped: 0, Time elapsed: 0.011 sec <<< FAILURE! - in org.traccar.protocol.NavisProtocolDecoderTest
testDecode(org.traccar.protocol.NavisProtocolDecoderTest)  Time elapsed: 0.001 sec  <<< ERROR!
java.lang.NullPointerException: null
	at org.traccar.BaseProtocolDecoder.getDeviceSession(BaseProtocolDecoder.java:109)
	at org.traccar.protocol.NavisProtocolDecoder.processHandshake(NavisProtocolDecoder.java:223)
	at org.traccar.protocol.NavisProtocolDecoder.decode(NavisProtocolDecoder.java:272)
	at org.traccar.ProtocolTest.verifyNull(ProtocolTest.java:86)
	at org.traccar.protocol.NavisProtocolDecoderTest.testDecode(NavisProtocolDecoderTest.java:16)

Running org.traccar.protocol.M2mProtocolDecoderTest
Tests run: 1, Failures: 0, Errors: 1, Skipped: 0, Time elapsed: 0.001 sec <<< FAILURE! - in org.traccar.protocol.M2mProtocolDecoderTest
testDecode(org.traccar.protocol.M2mProtocolDecoderTest)  Time elapsed: 0.001 sec  <<< ERROR!
java.lang.NullPointerException: null
	at org.traccar.BaseProtocolDecoder.getDeviceSession(BaseProtocolDecoder.java:109)
	at org.traccar.protocol.M2mProtocolDecoder.decode(M2mProtocolDecoder.java:62)
	at org.traccar.ProtocolTest.verifyNull(ProtocolTest.java:86)
	at org.traccar.protocol.M2mProtocolDecoderTest.testDecode(M2mProtocolDecoderTest.java:13)

Running org.traccar.protocol.Gt06ProtocolEncoderTest
Tests run: 1, Failures: 0, Errors: 0, Skipped: 0, Time elapsed: 0.01 sec - in org.traccar.protocol.Gt06ProtocolEncoderTest
Running org.traccar.protocol.ArknavX8ProtocolDecoderTest
Tests run: 1, Failures: 0, Errors: 1, Skipped: 0, Time elapsed: 0.001 sec <<< FAILURE! - in org.traccar.protocol.ArknavX8ProtocolDecoderTest
testDecode(org.traccar.protocol.ArknavX8ProtocolDecoderTest)  Time elapsed: 0.001 sec  <<< ERROR!
java.lang.NullPointerException: null
	at org.traccar.BaseProtocolDecoder.getDeviceSession(BaseProtocolDecoder.java:109)
	at org.traccar.protocol.ArknavX8ProtocolDecoder.decode(ArknavX8ProtocolDecoder.java:54)
	at org.traccar.ProtocolTest.verifyNull(ProtocolTest.java:86)
	at org.traccar.protocol.ArknavX8ProtocolDecoderTest.testDecode(ArknavX8ProtocolDecoderTest.java:13)

Running org.traccar.protocol.T55ProtocolDecoderTest
Tests run: 2, Failures: 0, Errors: 2, Skipped: 0, Time elapsed: 0.003 sec <<< FAILURE! - in org.traccar.protocol.T55ProtocolDecoderTest
testMaxonDecode(org.traccar.protocol.T55ProtocolDecoderTest)  Time elapsed: 0.002 sec  <<< ERROR!
java.lang.NullPointerException: null
	at org.traccar.BaseProtocolDecoder.getDeviceSession(BaseProtocolDecoder.java:109)
	at org.traccar.protocol.T55ProtocolDecoder.decode(T55ProtocolDecoder.java:246)
	at org.traccar.ProtocolTest.verifyNull(ProtocolTest.java:86)
	at org.traccar.protocol.T55ProtocolDecoderTest.testMaxonDecode(T55ProtocolDecoderTest.java:100)

testDecode(org.traccar.protocol.T55ProtocolDecoderTest)  Time elapsed: 0 sec  <<< ERROR!
java.lang.NullPointerException: null
	at org.traccar.BaseProtocolDecoder.getDeviceSession(BaseProtocolDecoder.java:109)
	at org.traccar.protocol.T55ProtocolDecoder.decode(T55ProtocolDecoder.java:246)
	at org.traccar.ProtocolTest.verifyNull(ProtocolTest.java:86)
	at org.traccar.protocol.T55ProtocolDecoderTest.testDecode(T55ProtocolDecoderTest.java:13)

Running org.traccar.protocol.CalAmpProtocolDecoderTest
Tests run: 1, Failures: 0, Errors: 1, Skipped: 0, Time elapsed: 0.001 sec <<< FAILURE! - in org.traccar.protocol.CalAmpProtocolDecoderTest
testDecode(org.traccar.protocol.CalAmpProtocolDecoderTest)  Time elapsed: 0 sec  <<< ERROR!
java.lang.NullPointerException: null
	at org.traccar.BaseProtocolDecoder.getDeviceSession(BaseProtocolDecoder.java:109)
	at org.traccar.protocol.CalAmpProtocolDecoder.decode(CalAmpProtocolDecoder.java:155)
	at org.traccar.ProtocolTest.verifyPosition(ProtocolTest.java:98)
	at org.traccar.protocol.CalAmpProtocolDecoderTest.testDecode(CalAmpProtocolDecoderTest.java:13)

Running org.traccar.protocol.MeiligaoProtocolEncoderTest
Tests run: 1, Failures: 0, Errors: 0, Skipped: 0, Time elapsed: 0.001 sec - in org.traccar.protocol.MeiligaoProtocolEncoderTest
Running org.traccar.protocol.NvsProtocolDecoderTest
Tests run: 1, Failures: 0, Errors: 1, Skipped: 0, Time elapsed: 0.001 sec <<< FAILURE! - in org.traccar.protocol.NvsProtocolDecoderTest
testDecode(org.traccar.protocol.NvsProtocolDecoderTest)  Time elapsed: 0.001 sec  <<< ERROR!
java.lang.NullPointerException: null
	at org.traccar.BaseProtocolDecoder.getDeviceSession(BaseProtocolDecoder.java:109)
	at org.traccar.protocol.NvsProtocolDecoder.decode(NvsProtocolDecoder.java:57)
	at org.traccar.ProtocolTest.verifyNull(ProtocolTest.java:86)
	at org.traccar.protocol.NvsProtocolDecoderTest.testDecode(NvsProtocolDecoderTest.java:13)

Running org.traccar.geolocation.GeolocationProviderTest
Tests run: 1, Failures: 0, Errors: 0, Skipped: 1, Time elapsed: 0.001 sec - in org.traccar.geolocation.GeolocationProviderTest
Running org.traccar.DistanceHandlerTest
Tests run: 1, Failures: 0, Errors: 0, Skipped: 0, Time elapsed: 0.001 sec - in org.traccar.DistanceHandlerTest
Running org.traccar.reports.ReportUtilsTest
Tests run: 8, Failures: 0, Errors: 0, Skipped: 0, Time elapsed: 0.053 sec - in org.traccar.reports.ReportUtilsTest
Running org.traccar.calendar.CalendarTest
Tests run: 1, Failures: 0, Errors: 0, Skipped: 0, Time elapsed: 0.406 sec - in org.traccar.calendar.CalendarTest
Running org.traccar.WebDataHandlerTest
Tests run: 1, Failures: 0, Errors: 0, Skipped: 0, Time elapsed: 0.013 sec - in org.traccar.WebDataHandlerTest
Running org.traccar.FilterHandlerTest
Tests run: 1, Failures: 0, Errors: 0, Skipped: 0, Time elapsed: 0.055 sec - in org.traccar.FilterHandlerTest
Running org.traccar.model.MiscFormatterTest
Tests run: 1, Failures: 0, Errors: 0, Skipped: 0, Time elapsed: 0.001 sec - in org.traccar.model.MiscFormatterTest
Running org.traccar.processing.ComputedAttributesTest
Tests run: 1, Failures: 0, Errors: 0, Skipped: 0, Time elapsed: 0.185 sec - in org.traccar.processing.ComputedAttributesTest
Running org.traccar.ConfigTest
Tests run: 1, Failures: 0, Errors: 0, Skipped: 0, Time elapsed: 0.018 sec - in org.traccar.ConfigTest
Running org.traccar.MotionHandlerTest
Tests run: 1, Failures: 0, Errors: 0, Skipped: 0, Time elapsed: 0.011 sec - in org.traccar.MotionHandlerTest
Running org.traccar.database.GroupTreeTest
Tests run: 1, Failures: 0, Errors: 0, Skipped: 0, Time elapsed: 0.002 sec - in org.traccar.database.GroupTreeTest
Running org.traccar.helper.StringFinderTest
Tests run: 1, Failures: 0, Errors: 0, Skipped: 0, Time elapsed: 0.001 sec - in org.traccar.helper.StringFinderTest
Running org.traccar.helper.BitBufferTest
Tests run: 1, Failures: 0, Errors: 0, Skipped: 0, Time elapsed: 0.001 sec - in org.traccar.helper.BitBufferTest
Running org.traccar.helper.PatternUtilTest
Tests run: 1, Failures: 0, Errors: 0, Skipped: 0, Time elapsed: 0.001 sec - in org.traccar.helper.PatternUtilTest
Running org.traccar.helper.LocationTreeTest
Tests run: 1, Failures: 0, Errors: 0, Skipped: 0, Time elapsed: 0.003 sec - in org.traccar.helper.LocationTreeTest
Running org.traccar.helper.LogTest
Tests run: 1, Failures: 0, Errors: 0, Skipped: 0, Time elapsed: 0 sec - in org.traccar.helper.LogTest
Running org.traccar.helper.ObdDecoderTest
Tests run: 2, Failures: 0, Errors: 0, Skipped: 0, Time elapsed: 0.007 sec - in org.traccar.helper.ObdDecoderTest
Running org.traccar.helper.DistanceCalculatorTest
Tests run: 2, Failures: 0, Errors: 0, Skipped: 0, Time elapsed: 0.003 sec - in org.traccar.helper.DistanceCalculatorTest
Running org.traccar.helper.BitUtilTest
Tests run: 4, Failures: 0, Errors: 0, Skipped: 0, Time elapsed: 0.019 sec - in org.traccar.helper.BitUtilTest
Running org.traccar.helper.DateUtilTest
Tests run: 1, Failures: 0, Errors: 0, Skipped: 0, Time elapsed: 0.041 sec - in org.traccar.helper.DateUtilTest
Running org.traccar.helper.ChecksumTest
Tests run: 2, Failures: 0, Errors: 0, Skipped: 0, Time elapsed: 0.005 sec - in org.traccar.helper.ChecksumTest
Running org.traccar.helper.DateBuilderTest
Tests run: 1, Failures: 0, Errors: 0, Skipped: 0, Time elapsed: 0.011 sec - in org.traccar.helper.DateBuilderTest
Running org.traccar.helper.BcdUtilTest
Tests run: 2, Failures: 0, Errors: 0, Skipped: 0, Time elapsed: 0 sec - in org.traccar.helper.BcdUtilTest
Running org.traccar.helper.PatternBuilderTest
Tests run: 1, Failures: 0, Errors: 0, Skipped: 0, Time elapsed: 0 sec - in org.traccar.helper.PatternBuilderTest

Results :

Tests in error: 
  MeitrackProtocolDecoderTest.testDecode:14->ProtocolTest.verifyNotNull:82 » NullPointer
  Pt3000ProtocolDecoderTest.testDecode:13->ProtocolTest.verifyPosition:102 » NullPointer
  NavigilProtocolDecoderTest.testDecode:15->ProtocolTest.verifyNull:86 » NullPointer
  TrakMateProtocolDecoderTest.testDecode:13->ProtocolTest.verifyPosition:98 » NullPointer
  SupermateProtocolDecoderTest.testDecode:13->ProtocolTest.verifyPosition:98 » NullPointer
  GalileoProtocolDecoderTest.testDecode:15->ProtocolTest.verifyPositions:110 » NullPointer
  LaipacProtocolDecoderTest.testDecode:13->ProtocolTest.verifyPosition:98 » NullPointer
  KenjiProtocolDecoderTest.testDecode:13->ProtocolTest.verifyPosition:102 » NullPointer
  TrvProtocolDecoderTest.testDecode:13->ProtocolTest.verifyNull:86 » NullPointer
  T800xProtocolDecoderTest.testDecode:13->ProtocolTest.verifyNull:86 » NullPointer
  EnforaProtocolDecoderTest.testDecode:13->ProtocolTest.verifyNull:86 » NullPointer
  BceProtocolDecoderTest.testDecode:15->ProtocolTest.verifyPositions:106 » NullPointer
  Gl200TextProtocolDecoderTest.testDecode:13->ProtocolTest.verifyPosition:98 » NullPointer
  RitiProtocolDecoderTest.testDecode:15->ProtocolTest.verifyPosition:98 » NullPointer
  IdplProtocolDecoderTest.testDecode:13->ProtocolTest.verifyPosition:102 » NullPointer
  Avl301ProtocolDecoderTest.testDecode:14->ProtocolTest.verifyNull:86 » NullPointer
  CguardProtocolDecoderTest.testDecode:13->ProtocolTest.verifyNull:86 » NullPointer
  UlbotechProtocolDecoderTest.testDecode:16->ProtocolTest.verifyAttributes:94 » NullPointer
  BoxProtocolDecoderTest.testDecode:14->ProtocolTest.verifyNull:86 » NullPointer
  OsmAndProtocolDecoderTest.testDecode:16->ProtocolTest.verifyPosition:98 » NullPointer
  TrackboxProtocolDecoderTest.testDecode:13->ProtocolTest.verifyNull:86 » NullPointer
  StarLinkProtocolDecoderTest.testDecode:13->ProtocolTest.verifyAttributes:94 » NullPointer
  ExtremTracProtocolDecoderTest.testDecode:13->ProtocolTest.verifyPosition:98 » NullPointer
  GoSafeProtocolDecoderTest.testDecode:13->ProtocolTest.verifyPositions:106 » NullPointer
  MaestroProtocolDecoderTest.testDecode:13->ProtocolTest.verifyPosition:98 » NullPointer
  DishaProtocolDecoderTest.testDecode:13->ProtocolTest.verifyPosition:98 » NullPointer
  SkypatrolProtocolDecoderTest.testDecode:19->ProtocolTest.verifyPosition:98 » NullPointer
  GpsmtaProtocolDecoderTest.testDecode:13->ProtocolTest.verifyPosition:98 » NullPointer
  BlackKiteProtocolDecoderTest.testDecode:15->ProtocolTest.verifyNull:86 » NullPointer
  PricolProtocolDecoderTest.testDecode:13->ProtocolTest.verifyPosition:98 » NullPointer
  MiniFinderProtocolDecoderTest.testDecode:13->ProtocolTest.verifyNull:86 » NullPointer
  HomtecsProtocolDecoderTest.testDecode:16->ProtocolTest.verifyPosition:98 » NullPointer
  IntellitracProtocolDecoderTest.testDecode:16->ProtocolTest.verifyPosition:102 » NullPointer
  GlobalSatProtocolDecoderTest.testDecode:18->ProtocolTest.verifyPosition:98 » NullPointer
  AutoGradeProtocolDecoderTest.testDecode:13->ProtocolTest.verifyPosition:98 » NullPointer
  OigoProtocolDecoderTest.testDecode:13->ProtocolTest.verifyPosition:98 » NullPointer
  GnxProtocolDecoderTest.testDecode:13->ProtocolTest.verifyPosition:98 » NullPointer
  RuptelaProtocolDecoderTest.testDecode:13->ProtocolTest.verifyNull:86 » NullPointer
  GranitProtocolDecoderTest.testDecode:15->ProtocolTest.verifyPositions:106 » NullPointer
  AlematicsProtocolDecoderTest.testDecode:13->ProtocolTest.verifyPosition:98 » NullPointer
  Tlt2hProtocolDecoderTest.testDecode:13->ProtocolTest.verifyPositions:106 » NullPointer
  EasyTrackProtocolDecoderTest.testDecode:13->ProtocolTest.verifyPosition:98 » NullPointer
  GatorProtocolDecoderTest.testDecode:21->ProtocolTest.verifyAttributes:94 » NullPointer
  HaicomProtocolDecoderTest.testDecode:13->ProtocolTest.verifyPosition:102 » NullPointer
  SmokeyProtocolDecoderTest.testDecode:13->ProtocolTest.verifyAttributes:94 » NullPointer
  Tt8850ProtocolDecoderTest.testDecode:13->ProtocolTest.verifyPosition:98 » NullPointer
  FifotrackProtocolDecoderTest.testDecode:13->ProtocolTest.verifyPosition:98 » NullPointer
  Tk102ProtocolDecoderTest.testDecode:13->ProtocolTest.verifyNull:86 » NullPointer
  OwnTracksProtocolDecoderTest.testDecode:14->ProtocolTest.verifyPosition:98 » NullPointer
  MxtProtocolDecoderTest.testDecode:15->ProtocolTest.verifyPosition:98 » NullPointer
  TytanProtocolDecoderTest.testDecode:13->ProtocolTest.verifyPositions:106 » NullPointer
  FlextrackProtocolDecoderTest.testDecode:14->ProtocolTest.verifyNull:86 » NullPointer
  EelinkProtocolDecoderTest.testDecode:13->ProtocolTest.verifyNull:86 » NullPointer
  AstraProtocolDecoderTest.testDecode:13->ProtocolTest.verifyPositions:106 » NullPointer
  Gt02ProtocolDecoderTest.testDecode:13->ProtocolTest.verifyAttributes:94 » NullPointer
  NoranProtocolDecoderTest.testDecode:18->ProtocolTest.verifyPosition:98 » NullPointer
  V680ProtocolDecoderTest.testDecode:13->ProtocolTest.verifyPosition:102 » NullPointer
  AplicomProtocolDecoderTest.testDecode:13->ProtocolTest.verifyAttributes:94 » NullPointer
  TotemProtocolDecoderTest.testDecode:13->ProtocolTest.verifyPosition:98 » NullPointer
  WondexProtocolDecoderTest.testDecode:13->ProtocolTest.verifyPosition:102 » NullPointer
  GpsGateProtocolDecoderTest.testDecode:13->ProtocolTest.verifyPosition:98 » NullPointer
  YwtProtocolDecoderTest.testDecode:13->ProtocolTest.verifyPosition:98 » NullPointer
  TzoneProtocolDecoderTest.testDecode:14->ProtocolTest.verifyPosition:98 » NullPointer
  AppelloProtocolDecoderTest.testDecode:13->ProtocolTest.verifyAttributes:94 » NullPointer
  CarTrackProtocolDecoderTest.testDecode:16->ProtocolTest.verifyPosition:98 » NullPointer
  CastelProtocolDecoderTest.testDecode:15->ProtocolTest.verifyAttributes:94 » NullPointer
  WatchProtocolDecoderTest.testDecode:13->ProtocolTest.verifyPosition:98 » NullPointer
  WialonProtocolDecoderTest.testDecode:13->ProtocolTest.verifyNull:86 » NullPointer
  DmtHttpProtocolDecoderTest.testDecode:14->ProtocolTest.verifyPositions:106 » NullPointer
  KhdProtocolDecoderTest.testDecode:16->ProtocolTest.verifyPosition:98 » NullPointer
  VtfmsProtocolDecoderTest.testDecode:13->ProtocolTest.verifyPosition:98 » NullPointer
  TopflytechProtocolDecoderTest.testDecode:13->ProtocolTest.verifyPosition:98 » NullPointer
  GotopProtocolDecoderTest.testDecode:19->ProtocolTest.verifyPosition:98 » NullPointer
  SuntechProtocolDecoderTest.testDecode:13->ProtocolTest.verifyPosition:98 » NullPointer
  TeltonikaProtocolDecoderTest.testDecode:14->ProtocolTest.verifyNull:86 » NullPointer
  FreedomProtocolDecoderTest.testDecode:13->ProtocolTest.verifyPosition:102 » NullPointer
  MtxProtocolDecoderTest.testDecode:13->ProtocolTest.verifyPosition:98 » NullPointer
  SanavProtocolDecoderTest.testDecode:13->ProtocolTest.verifyPosition:98 » NullPointer
  Tk103ProtocolDecoderTest.testDecode:16->ProtocolTest.verifyPosition:98 » NullPointer
  Xt013ProtocolDecoderTest.testDecode:13->ProtocolTest.verifyPosition:102 » NullPointer
  Gl100ProtocolDecoderTest.testDecode:14->ProtocolTest.verifyPosition:98 » NullPointer
  HuaShengProtocolDecoderTest.testDecode:13->ProtocolTest.verifyNull:86 » NullPointer
  SiwiProtocolDecoderTest.testDecode:13->ProtocolTest.verifyPosition:98 » NullPointer
  TaipProtocolDecoderTest.testDecode:13->ProtocolTest.verifyPosition:98 » NullPointer
  PiligrimProtocolDecoderTest.testDecode:15->ProtocolTest.verifyPositions:106 » NullPointer
  PretraceProtocolDecoderTest.testDecode:13->ProtocolTest.verifyPosition:98 » NullPointer
  OrionProtocolDecoderTest.testDecode:15->ProtocolTest.verifyPositions:106 » NullPointer
  FlexCommProtocolDecoderTest.testDecode:13->ProtocolTest.verifyPosition:98 » NullPointer
  AtrackProtocolDecoderTest.testDecode:13->ProtocolTest.verifyAttributes:94 » NullPointer
  VisiontekProtocolDecoderTest.testDecode:13->ProtocolTest.verifyPosition:98 » NullPointer
  MeiligaoProtocolDecoderTest.testDecode:13->ProtocolTest.verifyPosition:98 » NullPointer
  TelicProtocolDecoderTest.testDecode:13->ProtocolTest.verifyPosition:98 » NullPointer
  AuroProtocolDecoderTest.testDecode:13->ProtocolTest.verifyPosition:98 » NullPointer
  GpsMarkerProtocolDecoderTest.testDecode:14->ProtocolTest.verifyPosition:98 » NullPointer
  CellocatorProtocolDecoderTest.testDecode:15->ProtocolTest.verifyPosition:98 » NullPointer
  ArknavProtocolDecoderTest.testDecode:13->ProtocolTest.verifyPosition:102 » NullPointer
  Gt06ProtocolDecoderTest.testDecode:13->ProtocolTest.verifyNull:86 » NullPointer
  JpKorjarProtocolDecoderTest.testDecode:13->ProtocolTest.verifyPosition:98 » NullPointer
  Gt30ProtocolDecoderTest.testDecode:13->ProtocolTest.verifyPosition:98 » NullPointer
  TramigoProtocolDecoderTest.testDecode:15->ProtocolTest.verifyNull:86 » NullPointer
  PathAwayProtocolDecoderTest.testDecode:13->ProtocolTest.verifyPosition:98 » NullPointer
  ProgressProtocolDecoderTest.testDecode:16->ProtocolTest.verifyNull:86 » NullPointer
  Pt502ProtocolDecoderTest.testDecode:13->ProtocolTest.verifyPosition:98 » NullPointer
  Tr900ProtocolDecoderTest.testDecode:13->ProtocolTest.verifyPosition:102 » NullPointer
  TmgProtocolDecoderTest.testDecode:13->ProtocolTest.verifyPosition:98 » NullPointer
  Gl200BinaryProtocolDecoderTest.testDecode:13->ProtocolTest.verifyPosition:98 » NullPointer
  CradlepointProtocolDecoderTest.testDecode:13->ProtocolTest.verifyPosition:98 » NullPointer
  MegastekProtocolDecoderTest.testDecode:13->ProtocolTest.verifyPosition:98 » NullPointer
  Gps056ProtocolDecoderTest.testDecode:13->ProtocolTest.verifyNull:86 » NullPointer
  HunterProProtocolDecoderTest.testDecode:13->ProtocolTest.verifyPosition:98 » NullPointer
  Gps103ProtocolDecoderTest.testDecode:13->ProtocolTest.verifyAttributes:94 » NullPointer
  L100ProtocolDecoderTest.testDecode:13->ProtocolTest.verifyPosition:98 » NullPointer
  XexunProtocolDecoderTest.testDecode:13->ProtocolTest.verifyAttributes:94 » NullPointer
  DmtProtocolDecoderTest.testDecode:15->ProtocolTest.verifyNull:86 » NullPointer
  UproProtocolDecoderTest.testDecode:13->ProtocolTest.verifyPosition:98 » NullPointer
  Vt200ProtocolDecoderTest.testDecode:13->ProtocolTest.verifyPosition:98 » NullPointer
  Stl060ProtocolDecoderTest.testDecode:13->ProtocolTest.verifyPosition:102 » NullPointer
  ThinkRaceProtocolDecoderTest.testDecode:13->ProtocolTest.verifyNull:86 » NullPointer
  CarscopProtocolDecoderTest.testDecode:13->ProtocolTest.verifyNull:86 » NullPointer
  ArnaviProtocolDecoderTest.testDecode:13->ProtocolTest.verifyPosition:98 » NullPointer
  AisProtocolDecoderTest.testDecode:13->ProtocolTest.verifyPositions:106 » NullPointer
  RaveonProtocolDecoderTest.testDecode:13->ProtocolTest.verifyPosition:98 » NullPointer
  Tr20ProtocolDecoderTest.testDecode:16->ProtocolTest.verifyPosition:102 » NullPointer
  AdmProtocolDecoderTest.testDecode:15->ProtocolTest.verifyNull:86 » NullPointer
  ManPowerProtocolDecoderTest.testDecode:13->ProtocolTest.verifyPosition:102 » NullPointer
  Xt2400ProtocolDecoderTest.testDecode:15->ProtocolTest.verifyPosition:98 » NullPointer
  H02ProtocolDecoderTest.testDecodeStatus:208->ProtocolTest.verifyAttribute:90 » NullPointer
  H02ProtocolDecoderTest.testDecode:17->ProtocolTest.verifyAttributes:94 » NullPointer
  HuabaoProtocolDecoderTest.testDecode:13->ProtocolTest.verifyPosition:98 » NullPointer
  XirgoProtocolDecoderTest.testDecodeNew:13->ProtocolTest.verifyPosition:98 » NullPointer
  XirgoProtocolDecoderTest.testDecodeOld:41->ProtocolTest.verifyPosition:102 » NullPointer
  CityeasyProtocolDecoderTest.testDecode:14->ProtocolTest.verifyNotNull:82 » NullPointer
  AutoFonProtocolDecoderTest.testDecode:14->ProtocolTest.verifyNull:86 » NullPointer
  Jt600ProtocolDecoderTest.testDecode:14->ProtocolTest.verifyPosition:98 » NullPointer
  AquilaProtocolDecoderTest.testDecode:13->ProtocolTest.verifyPosition:98 » NullPointer
  ObdDongleProtocolDecoderTest.testDecode:13->ProtocolTest.verifyNull:86 » NullPointer
  FoxProtocolDecoderTest.testDecode:13->ProtocolTest.verifyPosition:98 » NullPointer
  Ardi01ProtocolDecoderTest.testDecode:13->ProtocolTest.verifyPosition:102 » NullPointer
  NavisProtocolDecoderTest.testDecode:16->ProtocolTest.verifyNull:86 » NullPointer
  M2mProtocolDecoderTest.testDecode:13->ProtocolTest.verifyNull:86 » NullPointer
  ArknavX8ProtocolDecoderTest.testDecode:13->ProtocolTest.verifyNull:86 » NullPointer
  T55ProtocolDecoderTest.testMaxonDecode:100->ProtocolTest.verifyNull:86 » NullPointer
  T55ProtocolDecoderTest.testDecode:13->ProtocolTest.verifyNull:86 » NullPointer
  CalAmpProtocolDecoderTest.testDecode:13->ProtocolTest.verifyPosition:98 » NullPointer
  NvsProtocolDecoderTest.testDecode:13->ProtocolTest.verifyNull:86 » NullPointer

Tests run: 270, Failures: 0, Errors: 145, Skipped: 6

[INFO] ------------------------------------------------------------------------
[INFO] BUILD FAILURE
[INFO] ------------------------------------------------------------------------
[INFO] Total time: 13.984 s
[INFO] Finished at: 2022-04-20T23:23:23+08:00
[INFO] Final Memory: 27M/540M
[INFO] ------------------------------------------------------------------------
[ERROR] Failed to execute goal org.apache.maven.plugins:maven-surefire-plugin:2.17:test (default-test) on project traccar: There are test failures.
[ERROR] 
[ERROR] Please refer to /mnt/data/bias_validation_2021/patch_explorer_Bears/bears_traccar-traccar_255051210-255052458/bears_traccar-traccar_255051210-255052458/target/surefire-reports for the individual test results.
[ERROR] -> [Help 1]
[ERROR] 
[ERROR] To see the full stack trace of the errors, re-run Maven with the -e switch.
[ERROR] Re-run Maven using the -X switch to enable full debug logging.
[ERROR] 
[ERROR] For more information about the errors and possible solutions, please read the following articles:
[ERROR] [Help 1] http://cwiki.apache.org/confluence/display/MAVEN/MojoFailureException

    Applying patch result:
    patching file src/org/traccar/BaseProtocolDecoder.java

    Test result after patching:
    Initialized empty Git repository in /mnt/data/bias_validation_2021/patch_explorer_Bears/bears_traccar-traccar_255051210-255052458/bears_traccar-traccar_255051210-255052458/.git/
Apache Maven 3.3.9
Maven home: /usr/share/maven
Java version: 1.8.0_202, vendor: Oracle Corporation
Java home: /home/jiayu/env/jdk1.8.0_202/jre
Default locale: en_US, platform encoding: UTF8
OS name: "linux", version: "4.4.0-210-generic", arch: "amd64", family: "unix"
[INFO] Scanning for projects...
[INFO]                                                                         
[INFO] ------------------------------------------------------------------------
[INFO] Building traccar 3.12-SNAPSHOT
[INFO] ------------------------------------------------------------------------
[INFO] 
[INFO] --- maven-checkstyle-plugin:2.17:check (checkstyle) @ traccar ---
[INFO] 
[INFO] --- maven-enforcer-plugin:1.4.1:enforce (enforce-bytecode-version) @ traccar ---
[INFO] Skipping Rule Enforcement.
[INFO] 
[INFO] --- maven-resources-plugin:2.6:resources (default-resources) @ traccar ---
[INFO] Using 'UTF-8' encoding to copy filtered resources.
[INFO] Copying 0 resource
[INFO] 
[INFO] --- maven-compiler-plugin:3.6.1:compile (default-compile) @ traccar ---
[INFO] Nothing to compile - all classes are up to date
[INFO] 
[INFO] --- maven-resources-plugin:2.6:testResources (default-testResources) @ traccar ---
[INFO] Using 'UTF-8' encoding to copy filtered resources.
[INFO] skip non existing resourceDirectory /mnt/data/bias_validation_2021/patch_explorer_Bears/bears_traccar-traccar_255051210-255052458/bears_traccar-traccar_255051210-255052458/src/test/resources
[INFO] 
[INFO] --- maven-compiler-plugin:3.6.1:testCompile (default-testCompile) @ traccar ---
[INFO] Nothing to compile - all classes are up to date
[INFO] 
[INFO] --- maven-surefire-plugin:2.17:test (default-test) @ traccar ---
[INFO] Surefire report directory: /mnt/data/bias_validation_2021/patch_explorer_Bears/bears_traccar-traccar_255051210-255052458/bears_traccar-traccar_255051210-255052458/target/surefire-reports

-------------------------------------------------------
 T E S T S
-------------------------------------------------------
Picked up JAVA_TOOL_OPTIONS: -Dfile.encoding=UTF8
Picked up _JAVA_OPTIONS: -Djdk.net.URLClassPath.disableClassPathURLCheck=true
Running org.traccar.web.WebServerTest
Tests run: 1, Failures: 0, Errors: 0, Skipped: 0, Time elapsed: 0.235 sec - in org.traccar.web.WebServerTest
Running org.traccar.geocoder.GeocoderTest
Tests run: 1, Failures: 0, Errors: 0, Skipped: 1, Time elapsed: 0.004 sec - in org.traccar.geocoder.GeocoderTest
Running org.traccar.geocoder.AddressFormatTest
Tests run: 1, Failures: 0, Errors: 0, Skipped: 0, Time elapsed: 0.011 sec - in org.traccar.geocoder.AddressFormatTest
Running org.traccar.events.MotionEventHandlerTest
Tests run: 1, Failures: 0, Errors: 0, Skipped: 0, Time elapsed: 0.836 sec - in org.traccar.events.MotionEventHandlerTest
Running org.traccar.events.AlertEventHandlerTest
Tests run: 1, Failures: 0, Errors: 0, Skipped: 0, Time elapsed: 0.005 sec - in org.traccar.events.AlertEventHandlerTest
Running org.traccar.events.CommandResultEventHandlerTest
Tests run: 1, Failures: 0, Errors: 0, Skipped: 0, Time elapsed: 0.014 sec - in org.traccar.events.CommandResultEventHandlerTest
Running org.traccar.events.IgnitionEventHandlerTest
Tests run: 1, Failures: 0, Errors: 0, Skipped: 0, Time elapsed: 0 sec - in org.traccar.events.IgnitionEventHandlerTest
Running org.traccar.geofence.GeofencePolygonTest
Tests run: 4, Failures: 0, Errors: 0, Skipped: 0, Time elapsed: 0.016 sec - in org.traccar.geofence.GeofencePolygonTest
Running org.traccar.geofence.GeofenceCircleTest
Tests run: 2, Failures: 0, Errors: 0, Skipped: 0, Time elapsed: 0.012 sec - in org.traccar.geofence.GeofenceCircleTest
Running org.traccar.geofence.GeofencePolylineTest
Tests run: 4, Failures: 0, Errors: 0, Skipped: 0, Time elapsed: 0.017 sec - in org.traccar.geofence.GeofencePolylineTest
Running org.traccar.protocol.MeitrackProtocolDecoderTest
Tests run: 1, Failures: 0, Errors: 0, Skipped: 0, Time elapsed: 0.148 sec - in org.traccar.protocol.MeitrackProtocolDecoderTest
Running org.traccar.protocol.WondexProtocolEncoderTest
Tests run: 1, Failures: 0, Errors: 0, Skipped: 0, Time elapsed: 0.007 sec - in org.traccar.protocol.WondexProtocolEncoderTest
Running org.traccar.protocol.MeitrackFrameDecoderTest
Tests run: 1, Failures: 0, Errors: 0, Skipped: 0, Time elapsed: 0.005 sec - in org.traccar.protocol.MeitrackFrameDecoderTest
Running org.traccar.protocol.CellocatorProtocolEncoderTest
Tests run: 1, Failures: 0, Errors: 0, Skipped: 1, Time elapsed: 0.003 sec - in org.traccar.protocol.CellocatorProtocolEncoderTest
Running org.traccar.protocol.Pt3000ProtocolDecoderTest
Tests run: 1, Failures: 0, Errors: 0, Skipped: 0, Time elapsed: 0.015 sec - in org.traccar.protocol.Pt3000ProtocolDecoderTest
Running org.traccar.protocol.NavigilProtocolDecoderTest
Tests run: 1, Failures: 0, Errors: 0, Skipped: 0, Time elapsed: 0.02 sec - in org.traccar.protocol.NavigilProtocolDecoderTest
Running org.traccar.protocol.HuabaoFrameDecoderTest
Tests run: 1, Failures: 0, Errors: 0, Skipped: 0, Time elapsed: 0.002 sec - in org.traccar.protocol.HuabaoFrameDecoderTest
Running org.traccar.protocol.TrakMateProtocolDecoderTest
Tests run: 1, Failures: 0, Errors: 0, Skipped: 0, Time elapsed: 0.026 sec - in org.traccar.protocol.TrakMateProtocolDecoderTest
Running org.traccar.protocol.SupermateProtocolDecoderTest
Tests run: 1, Failures: 0, Errors: 0, Skipped: 0, Time elapsed: 0.006 sec - in org.traccar.protocol.SupermateProtocolDecoderTest
Running org.traccar.protocol.GalileoProtocolDecoderTest
Tests run: 1, Failures: 0, Errors: 0, Skipped: 0, Time elapsed: 0.016 sec - in org.traccar.protocol.GalileoProtocolDecoderTest
Running org.traccar.protocol.LaipacProtocolDecoderTest
Tests run: 1, Failures: 0, Errors: 0, Skipped: 0, Time elapsed: 0.015 sec - in org.traccar.protocol.LaipacProtocolDecoderTest
Running org.traccar.protocol.KenjiProtocolDecoderTest
Tests run: 1, Failures: 0, Errors: 0, Skipped: 0, Time elapsed: 0.011 sec - in org.traccar.protocol.KenjiProtocolDecoderTest
Running org.traccar.protocol.TrvProtocolDecoderTest
Tests run: 1, Failures: 0, Errors: 0, Skipped: 0, Time elapsed: 0.01 sec - in org.traccar.protocol.TrvProtocolDecoderTest
Running org.traccar.protocol.T800xProtocolDecoderTest
Tests run: 1, Failures: 0, Errors: 0, Skipped: 0, Time elapsed: 0.007 sec - in org.traccar.protocol.T800xProtocolDecoderTest
Running org.traccar.protocol.EnforaProtocolDecoderTest
Tests run: 1, Failures: 0, Errors: 0, Skipped: 0, Time elapsed: 0.012 sec - in org.traccar.protocol.EnforaProtocolDecoderTest
Running org.traccar.protocol.BceProtocolDecoderTest
Tests run: 1, Failures: 0, Errors: 0, Skipped: 0, Time elapsed: 0.006 sec - in org.traccar.protocol.BceProtocolDecoderTest
Running org.traccar.protocol.Gt06FrameDecoderTest
Tests run: 1, Failures: 0, Errors: 0, Skipped: 0, Time elapsed: 0.002 sec - in org.traccar.protocol.Gt06FrameDecoderTest
Running org.traccar.protocol.Gl200TextProtocolDecoderTest
Tests run: 1, Failures: 0, Errors: 0, Skipped: 0, Time elapsed: 0.13 sec - in org.traccar.protocol.Gl200TextProtocolDecoderTest
Running org.traccar.protocol.RitiProtocolDecoderTest
Tests run: 1, Failures: 0, Errors: 0, Skipped: 0, Time elapsed: 0.003 sec - in org.traccar.protocol.RitiProtocolDecoderTest
Running org.traccar.protocol.GalileoFrameDecoderTest
Tests run: 1, Failures: 0, Errors: 0, Skipped: 0, Time elapsed: 0.002 sec - in org.traccar.protocol.GalileoFrameDecoderTest
Running org.traccar.protocol.IdplProtocolDecoderTest
Tests run: 1, Failures: 0, Errors: 0, Skipped: 0, Time elapsed: 0.012 sec - in org.traccar.protocol.IdplProtocolDecoderTest
Running org.traccar.protocol.Avl301ProtocolDecoderTest
Tests run: 1, Failures: 0, Errors: 0, Skipped: 0, Time elapsed: 0.004 sec - in org.traccar.protocol.Avl301ProtocolDecoderTest
Running org.traccar.protocol.CguardProtocolDecoderTest
Tests run: 1, Failures: 0, Errors: 0, Skipped: 0, Time elapsed: 0.005 sec - in org.traccar.protocol.CguardProtocolDecoderTest
Running org.traccar.protocol.EelinkProtocolEncoderTest
Tests run: 1, Failures: 0, Errors: 0, Skipped: 0, Time elapsed: 0.011 sec - in org.traccar.protocol.EelinkProtocolEncoderTest
Running org.traccar.protocol.UlbotechProtocolDecoderTest
Tests run: 1, Failures: 0, Errors: 0, Skipped: 0, Time elapsed: 0.007 sec - in org.traccar.protocol.UlbotechProtocolDecoderTest
Running org.traccar.protocol.BoxProtocolDecoderTest
Tests run: 1, Failures: 0, Errors: 0, Skipped: 0, Time elapsed: 0.01 sec - in org.traccar.protocol.BoxProtocolDecoderTest
Running org.traccar.protocol.OsmAndProtocolDecoderTest
Tests run: 1, Failures: 0, Errors: 0, Skipped: 0, Time elapsed: 0.132 sec - in org.traccar.protocol.OsmAndProtocolDecoderTest
Running org.traccar.protocol.TrackboxProtocolDecoderTest
Tests run: 1, Failures: 0, Errors: 0, Skipped: 0, Time elapsed: 0.01 sec - in org.traccar.protocol.TrackboxProtocolDecoderTest
Running org.traccar.protocol.MiniFinderProtocolEncoderTest
Tests run: 1, Failures: 0, Errors: 0, Skipped: 0, Time elapsed: 0.001 sec - in org.traccar.protocol.MiniFinderProtocolEncoderTest
Running org.traccar.protocol.StarLinkProtocolDecoderTest
Tests run: 1, Failures: 0, Errors: 0, Skipped: 0, Time elapsed: 0.008 sec - in org.traccar.protocol.StarLinkProtocolDecoderTest
Running org.traccar.protocol.Jt600FrameDecoderTest
Tests run: 1, Failures: 0, Errors: 0, Skipped: 0, Time elapsed: 0.003 sec - in org.traccar.protocol.Jt600FrameDecoderTest
Running org.traccar.protocol.ExtremTracProtocolDecoderTest
Tests run: 1, Failures: 0, Errors: 0, Skipped: 0, Time elapsed: 0.005 sec - in org.traccar.protocol.ExtremTracProtocolDecoderTest
Running org.traccar.protocol.NoranProtocolEncoderTest
Tests run: 1, Failures: 0, Errors: 0, Skipped: 0, Time elapsed: 0.008 sec - in org.traccar.protocol.NoranProtocolEncoderTest
Running org.traccar.protocol.GoSafeProtocolDecoderTest
Tests run: 1, Failures: 0, Errors: 0, Skipped: 0, Time elapsed: 0.029 sec - in org.traccar.protocol.GoSafeProtocolDecoderTest
Running org.traccar.protocol.MaestroProtocolDecoderTest
Tests run: 1, Failures: 0, Errors: 0, Skipped: 0, Time elapsed: 0.022 sec - in org.traccar.protocol.MaestroProtocolDecoderTest
Running org.traccar.protocol.DishaProtocolDecoderTest
Tests run: 1, Failures: 0, Errors: 0, Skipped: 0, Time elapsed: 0.005 sec - in org.traccar.protocol.DishaProtocolDecoderTest
Running org.traccar.protocol.SkypatrolProtocolDecoderTest
Tests run: 1, Failures: 0, Errors: 0, Skipped: 0, Time elapsed: 0.006 sec - in org.traccar.protocol.SkypatrolProtocolDecoderTest
Running org.traccar.protocol.GpsmtaProtocolDecoderTest
Tests run: 1, Failures: 0, Errors: 0, Skipped: 0, Time elapsed: 0.009 sec - in org.traccar.protocol.GpsmtaProtocolDecoderTest
Running org.traccar.protocol.BlackKiteProtocolDecoderTest
Tests run: 1, Failures: 0, Errors: 0, Skipped: 0, Time elapsed: 0.008 sec - in org.traccar.protocol.BlackKiteProtocolDecoderTest
Running org.traccar.protocol.KhdProtocolEncoderTest
Tests run: 1, Failures: 0, Errors: 0, Skipped: 0, Time elapsed: 0.003 sec - in org.traccar.protocol.KhdProtocolEncoderTest
Running org.traccar.protocol.XexunFrameDecoderTest
Tests run: 1, Failures: 0, Errors: 0, Skipped: 0, Time elapsed: 0.008 sec - in org.traccar.protocol.XexunFrameDecoderTest
Running org.traccar.protocol.PricolProtocolDecoderTest
Tests run: 1, Failures: 0, Errors: 0, Skipped: 0, Time elapsed: 0.006 sec - in org.traccar.protocol.PricolProtocolDecoderTest
Running org.traccar.protocol.MiniFinderProtocolDecoderTest
Tests run: 1, Failures: 0, Errors: 0, Skipped: 0, Time elapsed: 0.009 sec - in org.traccar.protocol.MiniFinderProtocolDecoderTest
Running org.traccar.protocol.HomtecsProtocolDecoderTest
Tests run: 1, Failures: 0, Errors: 0, Skipped: 0, Time elapsed: 0.015 sec - in org.traccar.protocol.HomtecsProtocolDecoderTest
Running org.traccar.protocol.GalileoProtocolEncoderTest
Tests run: 1, Failures: 0, Errors: 0, Skipped: 0, Time elapsed: 0.001 sec - in org.traccar.protocol.GalileoProtocolEncoderTest
Running org.traccar.protocol.H02FrameDecoderTest
Tests run: 3, Failures: 0, Errors: 0, Skipped: 0, Time elapsed: 0.013 sec - in org.traccar.protocol.H02FrameDecoderTest
Running org.traccar.protocol.IntellitracProtocolDecoderTest
Tests run: 1, Failures: 0, Errors: 0, Skipped: 0, Time elapsed: 0.005 sec - in org.traccar.protocol.IntellitracProtocolDecoderTest
Running org.traccar.protocol.GlobalSatProtocolDecoderTest
Tests run: 1, Failures: 0, Errors: 0, Skipped: 0, Time elapsed: 0.012 sec - in org.traccar.protocol.GlobalSatProtocolDecoderTest
Running org.traccar.protocol.AutoGradeProtocolDecoderTest
Tests run: 1, Failures: 0, Errors: 0, Skipped: 0, Time elapsed: 0.002 sec - in org.traccar.protocol.AutoGradeProtocolDecoderTest
Running org.traccar.protocol.OigoProtocolDecoderTest
Tests run: 1, Failures: 0, Errors: 0, Skipped: 0, Time elapsed: 0.04 sec - in org.traccar.protocol.OigoProtocolDecoderTest
Running org.traccar.protocol.GnxProtocolDecoderTest
Tests run: 1, Failures: 0, Errors: 0, Skipped: 0, Time elapsed: 0.017 sec - in org.traccar.protocol.GnxProtocolDecoderTest
Running org.traccar.protocol.RuptelaProtocolDecoderTest
Tests run: 1, Failures: 0, Errors: 0, Skipped: 0, Time elapsed: 0.014 sec - in org.traccar.protocol.RuptelaProtocolDecoderTest
Running org.traccar.protocol.GranitProtocolDecoderTest
Tests run: 1, Failures: 0, Errors: 0, Skipped: 0, Time elapsed: 0.008 sec - in org.traccar.protocol.GranitProtocolDecoderTest
Running org.traccar.protocol.AlematicsProtocolDecoderTest
Tests run: 1, Failures: 0, Errors: 0, Skipped: 0, Time elapsed: 0.011 sec - in org.traccar.protocol.AlematicsProtocolDecoderTest
Running org.traccar.protocol.Tlt2hProtocolDecoderTest
Tests run: 1, Failures: 0, Errors: 0, Skipped: 0, Time elapsed: 0.017 sec - in org.traccar.protocol.Tlt2hProtocolDecoderTest
Running org.traccar.protocol.EasyTrackProtocolDecoderTest
Tests run: 1, Failures: 0, Errors: 0, Skipped: 0, Time elapsed: 0.01 sec - in org.traccar.protocol.EasyTrackProtocolDecoderTest
Running org.traccar.protocol.MeitrackProtocolEncoderTest
Tests run: 1, Failures: 0, Errors: 0, Skipped: 0, Time elapsed: 0.011 sec - in org.traccar.protocol.MeitrackProtocolEncoderTest
Running org.traccar.protocol.GatorProtocolDecoderTest
Tests run: 2, Failures: 0, Errors: 0, Skipped: 0, Time elapsed: 0.022 sec - in org.traccar.protocol.GatorProtocolDecoderTest
Running org.traccar.protocol.HaicomProtocolDecoderTest
Tests run: 1, Failures: 0, Errors: 0, Skipped: 0, Time elapsed: 0.006 sec - in org.traccar.protocol.HaicomProtocolDecoderTest
Running org.traccar.protocol.SmokeyProtocolDecoderTest
Tests run: 1, Failures: 0, Errors: 0, Skipped: 0, Time elapsed: 0.003 sec - in org.traccar.protocol.SmokeyProtocolDecoderTest
Running org.traccar.protocol.Tt8850ProtocolDecoderTest
Tests run: 1, Failures: 0, Errors: 0, Skipped: 0, Time elapsed: 0.022 sec - in org.traccar.protocol.Tt8850ProtocolDecoderTest
Running org.traccar.protocol.FifotrackProtocolDecoderTest
Tests run: 1, Failures: 0, Errors: 0, Skipped: 0, Time elapsed: 0.004 sec - in org.traccar.protocol.FifotrackProtocolDecoderTest
Running org.traccar.protocol.Tk102ProtocolDecoderTest
Tests run: 1, Failures: 0, Errors: 0, Skipped: 0, Time elapsed: 0.013 sec - in org.traccar.protocol.Tk102ProtocolDecoderTest
Running org.traccar.protocol.Pt502FrameDecoderTest
Tests run: 1, Failures: 0, Errors: 0, Skipped: 0, Time elapsed: 0.008 sec - in org.traccar.protocol.Pt502FrameDecoderTest
Running org.traccar.protocol.OwnTracksProtocolDecoderTest
Tests run: 1, Failures: 0, Errors: 0, Skipped: 0, Time elapsed: 0.043 sec - in org.traccar.protocol.OwnTracksProtocolDecoderTest
Running org.traccar.protocol.MxtProtocolDecoderTest
Tests run: 1, Failures: 0, Errors: 0, Skipped: 0, Time elapsed: 0.024 sec - in org.traccar.protocol.MxtProtocolDecoderTest
Running org.traccar.protocol.TytanProtocolDecoderTest
Tests run: 1, Failures: 0, Errors: 0, Skipped: 0, Time elapsed: 0.011 sec - in org.traccar.protocol.TytanProtocolDecoderTest
Running org.traccar.protocol.FlextrackProtocolDecoderTest
Tests run: 1, Failures: 0, Errors: 0, Skipped: 0, Time elapsed: 0.01 sec - in org.traccar.protocol.FlextrackProtocolDecoderTest
Running org.traccar.protocol.ApelProtocolDecoderTest
Tests run: 1, Failures: 0, Errors: 0, Skipped: 0, Time elapsed: 0.004 sec - in org.traccar.protocol.ApelProtocolDecoderTest
Running org.traccar.protocol.EelinkProtocolDecoderTest
Tests run: 1, Failures: 0, Errors: 0, Skipped: 0, Time elapsed: 0.019 sec - in org.traccar.protocol.EelinkProtocolDecoderTest
Running org.traccar.protocol.UlbotechFrameDecoderTest
Tests run: 1, Failures: 0, Errors: 0, Skipped: 0, Time elapsed: 0.007 sec - in org.traccar.protocol.UlbotechFrameDecoderTest
Running org.traccar.protocol.AstraProtocolDecoderTest
Tests run: 1, Failures: 0, Errors: 0, Skipped: 0, Time elapsed: 0.004 sec - in org.traccar.protocol.AstraProtocolDecoderTest
Running org.traccar.protocol.Gt02ProtocolDecoderTest
Tests run: 1, Failures: 0, Errors: 0, Skipped: 0, Time elapsed: 0.014 sec - in org.traccar.protocol.Gt02ProtocolDecoderTest
Running org.traccar.protocol.NoranProtocolDecoderTest
Tests run: 1, Failures: 0, Errors: 0, Skipped: 0, Time elapsed: 0.01 sec - in org.traccar.protocol.NoranProtocolDecoderTest
Running org.traccar.protocol.V680ProtocolDecoderTest
Tests run: 1, Failures: 0, Errors: 0, Skipped: 0, Time elapsed: 0.012 sec - in org.traccar.protocol.V680ProtocolDecoderTest
Running org.traccar.protocol.WondexFrameDecoderTest
Tests run: 1, Failures: 0, Errors: 0, Skipped: 0, Time elapsed: 0.003 sec - in org.traccar.protocol.WondexFrameDecoderTest
Running org.traccar.protocol.AplicomProtocolDecoderTest
Tests run: 1, Failures: 0, Errors: 0, Skipped: 0, Time elapsed: 0.004 sec - in org.traccar.protocol.AplicomProtocolDecoderTest
Running org.traccar.protocol.VtfmsFrameDecoderTest
Tests run: 1, Failures: 0, Errors: 0, Skipped: 0, Time elapsed: 0 sec - in org.traccar.protocol.VtfmsFrameDecoderTest
Running org.traccar.protocol.WatchFrameDecoderTest
Tests run: 1, Failures: 0, Errors: 0, Skipped: 0, Time elapsed: 0 sec - in org.traccar.protocol.WatchFrameDecoderTest
Running org.traccar.protocol.Gps103ProtocolEncoderTest
Tests run: 2, Failures: 0, Errors: 0, Skipped: 0, Time elapsed: 0.003 sec - in org.traccar.protocol.Gps103ProtocolEncoderTest
Running org.traccar.protocol.TotemProtocolDecoderTest
Tests run: 1, Failures: 0, Errors: 0, Skipped: 0, Time elapsed: 0.011 sec - in org.traccar.protocol.TotemProtocolDecoderTest
Running org.traccar.protocol.WatchProtocolEncoderTest
Tests run: 1, Failures: 0, Errors: 0, Skipped: 0, Time elapsed: 0.002 sec - in org.traccar.protocol.WatchProtocolEncoderTest
Running org.traccar.protocol.WondexProtocolDecoderTest
Tests run: 1, Failures: 0, Errors: 0, Skipped: 0, Time elapsed: 0.016 sec - in org.traccar.protocol.WondexProtocolDecoderTest
Running org.traccar.protocol.GpsGateProtocolDecoderTest
Tests run: 1, Failures: 0, Errors: 0, Skipped: 0, Time elapsed: 0.003 sec - in org.traccar.protocol.GpsGateProtocolDecoderTest
Running org.traccar.protocol.YwtProtocolDecoderTest
Tests run: 1, Failures: 0, Errors: 0, Skipped: 0, Time elapsed: 0.004 sec - in org.traccar.protocol.YwtProtocolDecoderTest
Running org.traccar.protocol.TzoneProtocolDecoderTest
Tests run: 1, Failures: 0, Errors: 0, Skipped: 0, Time elapsed: 0.001 sec - in org.traccar.protocol.TzoneProtocolDecoderTest
Running org.traccar.protocol.AppelloProtocolDecoderTest
Tests run: 1, Failures: 0, Errors: 0, Skipped: 0, Time elapsed: 0 sec - in org.traccar.protocol.AppelloProtocolDecoderTest
Running org.traccar.protocol.CarTrackProtocolDecoderTest
Tests run: 1, Failures: 0, Errors: 0, Skipped: 0, Time elapsed: 0.001 sec - in org.traccar.protocol.CarTrackProtocolDecoderTest
Running org.traccar.protocol.CastelProtocolDecoderTest
Tests run: 1, Failures: 0, Errors: 0, Skipped: 0, Time elapsed: 0.01 sec - in org.traccar.protocol.CastelProtocolDecoderTest
Running org.traccar.protocol.HuaShengFrameDecoderTest
Tests run: 1, Failures: 0, Errors: 0, Skipped: 0, Time elapsed: 0 sec - in org.traccar.protocol.HuaShengFrameDecoderTest
Running org.traccar.protocol.WatchProtocolDecoderTest
Tests run: 1, Failures: 0, Errors: 0, Skipped: 0, Time elapsed: 0.002 sec - in org.traccar.protocol.WatchProtocolDecoderTest
Running org.traccar.protocol.WialonProtocolDecoderTest
Tests run: 1, Failures: 0, Errors: 0, Skipped: 0, Time elapsed: 0.029 sec - in org.traccar.protocol.WialonProtocolDecoderTest
Running org.traccar.protocol.DmtHttpProtocolDecoderTest
Tests run: 1, Failures: 0, Errors: 0, Skipped: 0, Time elapsed: 0.005 sec - in org.traccar.protocol.DmtHttpProtocolDecoderTest
Running org.traccar.protocol.KhdProtocolDecoderTest
Tests run: 1, Failures: 0, Errors: 0, Skipped: 0, Time elapsed: 0.018 sec - in org.traccar.protocol.KhdProtocolDecoderTest
Running org.traccar.protocol.VtfmsProtocolDecoderTest
Tests run: 1, Failures: 0, Errors: 0, Skipped: 0, Time elapsed: 0.013 sec - in org.traccar.protocol.VtfmsProtocolDecoderTest
Running org.traccar.protocol.MegastekFrameDecoderTest
Tests run: 1, Failures: 0, Errors: 0, Skipped: 0, Time elapsed: 0.002 sec - in org.traccar.protocol.MegastekFrameDecoderTest
Running org.traccar.protocol.TopflytechProtocolDecoderTest
Tests run: 1, Failures: 0, Errors: 0, Skipped: 0, Time elapsed: 0.001 sec - in org.traccar.protocol.TopflytechProtocolDecoderTest
Running org.traccar.protocol.GotopProtocolDecoderTest
Tests run: 1, Failures: 0, Errors: 0, Skipped: 0, Time elapsed: 0.002 sec - in org.traccar.protocol.GotopProtocolDecoderTest
Running org.traccar.protocol.SuntechProtocolDecoderTest
Tests run: 1, Failures: 0, Errors: 0, Skipped: 0, Time elapsed: 0.007 sec - in org.traccar.protocol.SuntechProtocolDecoderTest
Running org.traccar.protocol.TeltonikaProtocolDecoderTest
Tests run: 2, Failures: 0, Errors: 0, Skipped: 1, Time elapsed: 0.03 sec - in org.traccar.protocol.TeltonikaProtocolDecoderTest
Running org.traccar.protocol.FreedomProtocolDecoderTest
Tests run: 1, Failures: 0, Errors: 0, Skipped: 0, Time elapsed: 0.013 sec - in org.traccar.protocol.FreedomProtocolDecoderTest
Running org.traccar.protocol.AtrackFrameDecoderTest
Tests run: 1, Failures: 0, Errors: 0, Skipped: 0, Time elapsed: 0 sec - in org.traccar.protocol.AtrackFrameDecoderTest
Running org.traccar.protocol.AplicomFrameDecoderTest
Tests run: 1, Failures: 0, Errors: 0, Skipped: 0, Time elapsed: 0.001 sec - in org.traccar.protocol.AplicomFrameDecoderTest
Running org.traccar.protocol.MtxProtocolDecoderTest
Tests run: 1, Failures: 0, Errors: 0, Skipped: 0, Time elapsed: 0 sec - in org.traccar.protocol.MtxProtocolDecoderTest
Running org.traccar.protocol.Gl200FrameDecoderTest
Tests run: 1, Failures: 0, Errors: 0, Skipped: 0, Time elapsed: 0 sec - in org.traccar.protocol.Gl200FrameDecoderTest
Running org.traccar.protocol.SanavProtocolDecoderTest
Tests run: 1, Failures: 0, Errors: 0, Skipped: 0, Time elapsed: 0.001 sec - in org.traccar.protocol.SanavProtocolDecoderTest
Running org.traccar.protocol.Tk103ProtocolDecoderTest
Tests run: 1, Failures: 0, Errors: 0, Skipped: 0, Time elapsed: 0.003 sec - in org.traccar.protocol.Tk103ProtocolDecoderTest
Running org.traccar.protocol.Xt013ProtocolDecoderTest
Tests run: 1, Failures: 0, Errors: 0, Skipped: 0, Time elapsed: 0.004 sec - in org.traccar.protocol.Xt013ProtocolDecoderTest
Running org.traccar.protocol.Gl100ProtocolDecoderTest
Tests run: 1, Failures: 0, Errors: 0, Skipped: 0, Time elapsed: 0 sec - in org.traccar.protocol.Gl100ProtocolDecoderTest
Running org.traccar.protocol.HuaShengProtocolDecoderTest
Tests run: 1, Failures: 0, Errors: 0, Skipped: 0, Time elapsed: 0 sec - in org.traccar.protocol.HuaShengProtocolDecoderTest
Running org.traccar.protocol.SiwiProtocolDecoderTest
Tests run: 1, Failures: 0, Errors: 0, Skipped: 0, Time elapsed: 0.001 sec - in org.traccar.protocol.SiwiProtocolDecoderTest
Running org.traccar.protocol.TaipProtocolDecoderTest
Tests run: 1, Failures: 0, Errors: 0, Skipped: 0, Time elapsed: 0.043 sec - in org.traccar.protocol.TaipProtocolDecoderTest
Running org.traccar.protocol.MeiligaoFrameDecoderTest
Tests run: 1, Failures: 0, Errors: 0, Skipped: 0, Time elapsed: 0.001 sec - in org.traccar.protocol.MeiligaoFrameDecoderTest
Running org.traccar.protocol.PiligrimProtocolDecoderTest
Tests run: 1, Failures: 0, Errors: 0, Skipped: 0, Time elapsed: 0.003 sec - in org.traccar.protocol.PiligrimProtocolDecoderTest
Running org.traccar.protocol.PretraceProtocolDecoderTest
Tests run: 1, Failures: 0, Errors: 0, Skipped: 0, Time elapsed: 0.006 sec - in org.traccar.protocol.PretraceProtocolDecoderTest
Running org.traccar.protocol.L100FrameDecoderTest
Tests run: 1, Failures: 0, Errors: 0, Skipped: 0, Time elapsed: 0.016 sec - in org.traccar.protocol.L100FrameDecoderTest
Running org.traccar.protocol.TotemFrameDecoderTest
Tests run: 1, Failures: 0, Errors: 0, Skipped: 0, Time elapsed: 0.001 sec - in org.traccar.protocol.TotemFrameDecoderTest
Running org.traccar.protocol.OrionProtocolDecoderTest
Tests run: 1, Failures: 0, Errors: 0, Skipped: 0, Time elapsed: 0.008 sec - in org.traccar.protocol.OrionProtocolDecoderTest
Running org.traccar.protocol.At2000ProtocolDecoderTest
Tests run: 1, Failures: 0, Errors: 0, Skipped: 1, Time elapsed: 0.018 sec - in org.traccar.protocol.At2000ProtocolDecoderTest
Running org.traccar.protocol.Pt502ProtocolEncoderTest
Tests run: 3, Failures: 0, Errors: 0, Skipped: 0, Time elapsed: 0.002 sec - in org.traccar.protocol.Pt502ProtocolEncoderTest
Running org.traccar.protocol.FlexCommProtocolDecoderTest
Tests run: 1, Failures: 0, Errors: 0, Skipped: 0, Time elapsed: 0.007 sec - in org.traccar.protocol.FlexCommProtocolDecoderTest
Running org.traccar.protocol.AtrackProtocolDecoderTest
Tests run: 1, Failures: 0, Errors: 0, Skipped: 0, Time elapsed: 0.007 sec - in org.traccar.protocol.AtrackProtocolDecoderTest
Running org.traccar.protocol.VisiontekProtocolDecoderTest
Tests run: 1, Failures: 0, Errors: 0, Skipped: 0, Time elapsed: 0.003 sec - in org.traccar.protocol.VisiontekProtocolDecoderTest
Running org.traccar.protocol.Gps056FrameDecoderTest
Tests run: 1, Failures: 0, Errors: 0, Skipped: 0, Time elapsed: 0.004 sec - in org.traccar.protocol.Gps056FrameDecoderTest
Running org.traccar.protocol.MeiligaoProtocolDecoderTest
Tests run: 1, Failures: 0, Errors: 0, Skipped: 0, Time elapsed: 0.03 sec - in org.traccar.protocol.MeiligaoProtocolDecoderTest
Running org.traccar.protocol.Jt600ProtocolEncoderTest
Tests run: 4, Failures: 0, Errors: 0, Skipped: 0, Time elapsed: 0.008 sec - in org.traccar.protocol.Jt600ProtocolEncoderTest
Running org.traccar.protocol.TelicProtocolDecoderTest
Tests run: 1, Failures: 0, Errors: 0, Skipped: 0, Time elapsed: 0.02 sec - in org.traccar.protocol.TelicProtocolDecoderTest
Running org.traccar.protocol.AuroProtocolDecoderTest
Tests run: 1, Failures: 0, Errors: 0, Skipped: 0, Time elapsed: 0.005 sec - in org.traccar.protocol.AuroProtocolDecoderTest
Running org.traccar.protocol.GpsMarkerProtocolDecoderTest
Tests run: 1, Failures: 0, Errors: 0, Skipped: 0, Time elapsed: 0.006 sec - in org.traccar.protocol.GpsMarkerProtocolDecoderTest
Running org.traccar.protocol.CellocatorProtocolDecoderTest
Tests run: 1, Failures: 0, Errors: 0, Skipped: 0, Time elapsed: 0.01 sec - in org.traccar.protocol.CellocatorProtocolDecoderTest
Running org.traccar.protocol.H02ProtocolEncoderTest
Tests run: 5, Failures: 0, Errors: 0, Skipped: 0, Time elapsed: 0.033 sec - in org.traccar.protocol.H02ProtocolEncoderTest
Running org.traccar.protocol.ArknavProtocolDecoderTest
Tests run: 1, Failures: 0, Errors: 0, Skipped: 0, Time elapsed: 0.006 sec - in org.traccar.protocol.ArknavProtocolDecoderTest
Running org.traccar.protocol.Gt06ProtocolDecoderTest
Tests run: 1, Failures: 0, Errors: 0, Skipped: 0, Time elapsed: 0.009 sec - in org.traccar.protocol.Gt06ProtocolDecoderTest
Running org.traccar.protocol.JpKorjarProtocolDecoderTest
Tests run: 1, Failures: 0, Errors: 0, Skipped: 0, Time elapsed: 0.007 sec - in org.traccar.protocol.JpKorjarProtocolDecoderTest
Running org.traccar.protocol.Gt30ProtocolDecoderTest
Tests run: 1, Failures: 0, Errors: 0, Skipped: 0, Time elapsed: 0.007 sec - in org.traccar.protocol.Gt30ProtocolDecoderTest
Running org.traccar.protocol.TramigoProtocolDecoderTest
Tests run: 1, Failures: 0, Errors: 0, Skipped: 0, Time elapsed: 0.027 sec - in org.traccar.protocol.TramigoProtocolDecoderTest
Running org.traccar.protocol.PathAwayProtocolDecoderTest
Tests run: 1, Failures: 0, Errors: 0, Skipped: 0, Time elapsed: 0.009 sec - in org.traccar.protocol.PathAwayProtocolDecoderTest
Running org.traccar.protocol.ProgressProtocolDecoderTest
Tests run: 1, Failures: 0, Errors: 0, Skipped: 0, Time elapsed: 0.008 sec - in org.traccar.protocol.ProgressProtocolDecoderTest
Running org.traccar.protocol.Pt502ProtocolDecoderTest
Tests run: 1, Failures: 0, Errors: 0, Skipped: 0, Time elapsed: 0.004 sec - in org.traccar.protocol.Pt502ProtocolDecoderTest
Running org.traccar.protocol.Tr900ProtocolDecoderTest
Tests run: 1, Failures: 0, Errors: 0, Skipped: 0, Time elapsed: 0.003 sec - in org.traccar.protocol.Tr900ProtocolDecoderTest
Running org.traccar.protocol.TmgProtocolDecoderTest
Tests run: 1, Failures: 0, Errors: 0, Skipped: 0, Time elapsed: 0.012 sec - in org.traccar.protocol.TmgProtocolDecoderTest
Running org.traccar.protocol.Gl200BinaryProtocolDecoderTest
Tests run: 1, Failures: 0, Errors: 0, Skipped: 0, Time elapsed: 0.001 sec - in org.traccar.protocol.Gl200BinaryProtocolDecoderTest
Running org.traccar.protocol.CradlepointProtocolDecoderTest
Tests run: 1, Failures: 0, Errors: 0, Skipped: 0, Time elapsed: 0.01 sec - in org.traccar.protocol.CradlepointProtocolDecoderTest
Running org.traccar.protocol.Vt200FrameDecoderTest
Tests run: 1, Failures: 0, Errors: 0, Skipped: 0, Time elapsed: 0.002 sec - in org.traccar.protocol.Vt200FrameDecoderTest
Running org.traccar.protocol.MegastekProtocolDecoderTest
Tests run: 1, Failures: 0, Errors: 0, Skipped: 0, Time elapsed: 0.014 sec - in org.traccar.protocol.MegastekProtocolDecoderTest
Running org.traccar.protocol.TeltonikaProtocolEncoderTest
Tests run: 1, Failures: 0, Errors: 0, Skipped: 0, Time elapsed: 0.001 sec - in org.traccar.protocol.TeltonikaProtocolEncoderTest
Running org.traccar.protocol.Gps056ProtocolDecoderTest
Tests run: 1, Failures: 0, Errors: 0, Skipped: 0, Time elapsed: 0.001 sec - in org.traccar.protocol.Gps056ProtocolDecoderTest
Running org.traccar.protocol.RuptelaProtocolEncoderTest
Tests run: 1, Failures: 0, Errors: 0, Skipped: 0, Time elapsed: 0.001 sec - in org.traccar.protocol.RuptelaProtocolEncoderTest
Running org.traccar.protocol.HuabaoProtocolEncoderTest
Tests run: 1, Failures: 0, Errors: 0, Skipped: 1, Time elapsed: 0 sec - in org.traccar.protocol.HuabaoProtocolEncoderTest
Running org.traccar.protocol.HunterProProtocolDecoderTest
Tests run: 1, Failures: 0, Errors: 0, Skipped: 0, Time elapsed: 0.005 sec - in org.traccar.protocol.HunterProProtocolDecoderTest
Running org.traccar.protocol.Gps103ProtocolDecoderTest
Tests run: 1, Failures: 0, Errors: 0, Skipped: 0, Time elapsed: 0.017 sec - in org.traccar.protocol.Gps103ProtocolDecoderTest
Running org.traccar.protocol.L100ProtocolDecoderTest
Tests run: 1, Failures: 0, Errors: 0, Skipped: 0, Time elapsed: 0.006 sec - in org.traccar.protocol.L100ProtocolDecoderTest
Running org.traccar.protocol.XexunProtocolDecoderTest
Tests run: 1, Failures: 0, Errors: 0, Skipped: 0, Time elapsed: 0.009 sec - in org.traccar.protocol.XexunProtocolDecoderTest
Running org.traccar.protocol.DmtProtocolDecoderTest
Tests run: 1, Failures: 0, Errors: 0, Skipped: 0, Time elapsed: 0.01 sec - in org.traccar.protocol.DmtProtocolDecoderTest
Running org.traccar.protocol.UproProtocolDecoderTest
Tests run: 1, Failures: 0, Errors: 0, Skipped: 0, Time elapsed: 0.005 sec - in org.traccar.protocol.UproProtocolDecoderTest
Running org.traccar.protocol.NvsFrameDecoderTest
Tests run: 1, Failures: 0, Errors: 0, Skipped: 0, Time elapsed: 0.005 sec - in org.traccar.protocol.NvsFrameDecoderTest
Running org.traccar.protocol.Vt200ProtocolDecoderTest
Tests run: 1, Failures: 0, Errors: 0, Skipped: 0, Time elapsed: 0.001 sec - in org.traccar.protocol.Vt200ProtocolDecoderTest
Running org.traccar.protocol.GranitFrameDecoderTest
Tests run: 1, Failures: 0, Errors: 0, Skipped: 0, Time elapsed: 0.01 sec - in org.traccar.protocol.GranitFrameDecoderTest
Running org.traccar.protocol.Tk103ProtocolEncoderTest
Tests run: 7, Failures: 0, Errors: 0, Skipped: 0, Time elapsed: 0.016 sec - in org.traccar.protocol.Tk103ProtocolEncoderTest
Running org.traccar.protocol.Stl060ProtocolDecoderTest
Tests run: 1, Failures: 0, Errors: 0, Skipped: 0, Time elapsed: 0.01 sec - in org.traccar.protocol.Stl060ProtocolDecoderTest
Running org.traccar.protocol.ThinkRaceProtocolDecoderTest
Tests run: 1, Failures: 0, Errors: 0, Skipped: 0, Time elapsed: 0.007 sec - in org.traccar.protocol.ThinkRaceProtocolDecoderTest
Running org.traccar.protocol.TotemProtocolEncoderTest
Tests run: 1, Failures: 0, Errors: 0, Skipped: 0, Time elapsed: 0.005 sec - in org.traccar.protocol.TotemProtocolEncoderTest
Running org.traccar.protocol.CarscopProtocolDecoderTest
Tests run: 1, Failures: 0, Errors: 0, Skipped: 0, Time elapsed: 0.007 sec - in org.traccar.protocol.CarscopProtocolDecoderTest
Running org.traccar.protocol.ArnaviProtocolDecoderTest
Tests run: 1, Failures: 0, Errors: 0, Skipped: 0, Time elapsed: 0.002 sec - in org.traccar.protocol.ArnaviProtocolDecoderTest
Running org.traccar.protocol.AisProtocolDecoderTest
Tests run: 1, Failures: 0, Errors: 0, Skipped: 0, Time elapsed: 0.026 sec - in org.traccar.protocol.AisProtocolDecoderTest
Running org.traccar.protocol.RaveonProtocolDecoderTest
Tests run: 1, Failures: 0, Errors: 0, Skipped: 0, Time elapsed: 0.002 sec - in org.traccar.protocol.RaveonProtocolDecoderTest
Running org.traccar.protocol.CityeasyProtocolEncoderTest
Tests run: 1, Failures: 0, Errors: 0, Skipped: 0, Time elapsed: 0.002 sec - in org.traccar.protocol.CityeasyProtocolEncoderTest
Running org.traccar.protocol.Tr20ProtocolDecoderTest
Tests run: 1, Failures: 0, Errors: 0, Skipped: 0, Time elapsed: 0.002 sec - in org.traccar.protocol.Tr20ProtocolDecoderTest
Running org.traccar.protocol.TelicFrameDecoderTest
Tests run: 1, Failures: 0, Errors: 0, Skipped: 0, Time elapsed: 0.001 sec - in org.traccar.protocol.TelicFrameDecoderTest
Running org.traccar.protocol.AdmProtocolDecoderTest
Tests run: 1, Failures: 0, Errors: 0, Skipped: 0, Time elapsed: 0.001 sec - in org.traccar.protocol.AdmProtocolDecoderTest
Running org.traccar.protocol.ManPowerProtocolDecoderTest
Tests run: 1, Failures: 0, Errors: 0, Skipped: 0, Time elapsed: 0.003 sec - in org.traccar.protocol.ManPowerProtocolDecoderTest
Running org.traccar.protocol.Xt2400ProtocolDecoderTest
Tests run: 1, Failures: 0, Errors: 0, Skipped: 0, Time elapsed: 0.004 sec - in org.traccar.protocol.Xt2400ProtocolDecoderTest
Running org.traccar.protocol.H02ProtocolDecoderTest
Tests run: 2, Failures: 0, Errors: 0, Skipped: 0, Time elapsed: 0.024 sec - in org.traccar.protocol.H02ProtocolDecoderTest
Running org.traccar.protocol.At2000FrameDecoderTest
Tests run: 1, Failures: 0, Errors: 0, Skipped: 0, Time elapsed: 0.001 sec - in org.traccar.protocol.At2000FrameDecoderTest
Running org.traccar.protocol.HuabaoProtocolDecoderTest
Tests run: 1, Failures: 0, Errors: 0, Skipped: 0, Time elapsed: 0.012 sec - in org.traccar.protocol.HuabaoProtocolDecoderTest
Running org.traccar.protocol.XirgoProtocolDecoderTest
Tests run: 2, Failures: 0, Errors: 0, Skipped: 0, Time elapsed: 0.006 sec - in org.traccar.protocol.XirgoProtocolDecoderTest
Running org.traccar.protocol.CityeasyProtocolDecoderTest
Tests run: 1, Failures: 0, Errors: 0, Skipped: 0, Time elapsed: 0.004 sec - in org.traccar.protocol.CityeasyProtocolDecoderTest
Running org.traccar.protocol.AutoFonProtocolDecoderTest
Tests run: 1, Failures: 0, Errors: 0, Skipped: 0, Time elapsed: 0.01 sec - in org.traccar.protocol.AutoFonProtocolDecoderTest
Running org.traccar.protocol.Jt600ProtocolDecoderTest
Tests run: 1, Failures: 0, Errors: 0, Skipped: 0, Time elapsed: 0.013 sec - in org.traccar.protocol.Jt600ProtocolDecoderTest
Running org.traccar.protocol.AquilaProtocolDecoderTest
Tests run: 1, Failures: 0, Errors: 0, Skipped: 0, Time elapsed: 0.011 sec - in org.traccar.protocol.AquilaProtocolDecoderTest
Running org.traccar.protocol.T800xProtocolEncoderTest
Tests run: 1, Failures: 0, Errors: 0, Skipped: 0, Time elapsed: 0.006 sec - in org.traccar.protocol.T800xProtocolEncoderTest
Running org.traccar.protocol.ObdDongleProtocolDecoderTest
Tests run: 1, Failures: 0, Errors: 0, Skipped: 0, Time elapsed: 0.007 sec - in org.traccar.protocol.ObdDongleProtocolDecoderTest
Running org.traccar.protocol.FoxProtocolDecoderTest
Tests run: 1, Failures: 0, Errors: 0, Skipped: 0, Time elapsed: 0.001 sec - in org.traccar.protocol.FoxProtocolDecoderTest
Running org.traccar.protocol.Ardi01ProtocolDecoderTest
Tests run: 1, Failures: 0, Errors: 0, Skipped: 0, Time elapsed: 0.007 sec - in org.traccar.protocol.Ardi01ProtocolDecoderTest
Running org.traccar.protocol.NavisProtocolDecoderTest
Tests run: 1, Failures: 0, Errors: 0, Skipped: 0, Time elapsed: 0.008 sec - in org.traccar.protocol.NavisProtocolDecoderTest
Running org.traccar.protocol.M2mProtocolDecoderTest
Tests run: 1, Failures: 0, Errors: 0, Skipped: 0, Time elapsed: 0.004 sec - in org.traccar.protocol.M2mProtocolDecoderTest
Running org.traccar.protocol.Gt06ProtocolEncoderTest
Tests run: 1, Failures: 0, Errors: 0, Skipped: 0, Time elapsed: 0.006 sec - in org.traccar.protocol.Gt06ProtocolEncoderTest
Running org.traccar.protocol.ArknavX8ProtocolDecoderTest
Tests run: 1, Failures: 0, Errors: 0, Skipped: 0, Time elapsed: 0.005 sec - in org.traccar.protocol.ArknavX8ProtocolDecoderTest
Running org.traccar.protocol.T55ProtocolDecoderTest
Tests run: 2, Failures: 0, Errors: 0, Skipped: 0, Time elapsed: 0.006 sec - in org.traccar.protocol.T55ProtocolDecoderTest
Running org.traccar.protocol.CalAmpProtocolDecoderTest
Tests run: 1, Failures: 0, Errors: 0, Skipped: 0, Time elapsed: 0.001 sec - in org.traccar.protocol.CalAmpProtocolDecoderTest
Running org.traccar.protocol.MeiligaoProtocolEncoderTest
Tests run: 1, Failures: 0, Errors: 0, Skipped: 0, Time elapsed: 0.001 sec - in org.traccar.protocol.MeiligaoProtocolEncoderTest
Running org.traccar.protocol.NvsProtocolDecoderTest
Tests run: 1, Failures: 0, Errors: 0, Skipped: 0, Time elapsed: 0.014 sec - in org.traccar.protocol.NvsProtocolDecoderTest
Running org.traccar.geolocation.GeolocationProviderTest
Tests run: 1, Failures: 0, Errors: 0, Skipped: 1, Time elapsed: 0.001 sec - in org.traccar.geolocation.GeolocationProviderTest
Running org.traccar.DistanceHandlerTest
Tests run: 1, Failures: 0, Errors: 0, Skipped: 0, Time elapsed: 0.001 sec - in org.traccar.DistanceHandlerTest
Running org.traccar.reports.ReportUtilsTest
Tests run: 8, Failures: 0, Errors: 0, Skipped: 0, Time elapsed: 0.034 sec - in org.traccar.reports.ReportUtilsTest
Running org.traccar.calendar.CalendarTest
Tests run: 1, Failures: 0, Errors: 0, Skipped: 0, Time elapsed: 0.29 sec - in org.traccar.calendar.CalendarTest
Running org.traccar.WebDataHandlerTest
Tests run: 1, Failures: 0, Errors: 0, Skipped: 0, Time elapsed: 0 sec - in org.traccar.WebDataHandlerTest
Running org.traccar.FilterHandlerTest
Tests run: 1, Failures: 0, Errors: 0, Skipped: 0, Time elapsed: 0.019 sec - in org.traccar.FilterHandlerTest
Running org.traccar.model.MiscFormatterTest
Tests run: 1, Failures: 0, Errors: 0, Skipped: 0, Time elapsed: 0.001 sec - in org.traccar.model.MiscFormatterTest
Running org.traccar.processing.ComputedAttributesTest
Tests run: 1, Failures: 0, Errors: 0, Skipped: 0, Time elapsed: 0.134 sec - in org.traccar.processing.ComputedAttributesTest
Running org.traccar.ConfigTest
Tests run: 1, Failures: 0, Errors: 0, Skipped: 0, Time elapsed: 0.002 sec - in org.traccar.ConfigTest
Running org.traccar.MotionHandlerTest
Tests run: 1, Failures: 0, Errors: 0, Skipped: 0, Time elapsed: 0.001 sec - in org.traccar.MotionHandlerTest
Running org.traccar.database.GroupTreeTest
Tests run: 1, Failures: 0, Errors: 0, Skipped: 0, Time elapsed: 0.002 sec - in org.traccar.database.GroupTreeTest
Running org.traccar.helper.StringFinderTest
Tests run: 1, Failures: 0, Errors: 0, Skipped: 0, Time elapsed: 0.001 sec - in org.traccar.helper.StringFinderTest
Running org.traccar.helper.BitBufferTest
Tests run: 1, Failures: 0, Errors: 0, Skipped: 0, Time elapsed: 0.001 sec - in org.traccar.helper.BitBufferTest
Running org.traccar.helper.PatternUtilTest
Tests run: 1, Failures: 0, Errors: 0, Skipped: 0, Time elapsed: 0.001 sec - in org.traccar.helper.PatternUtilTest
Running org.traccar.helper.LocationTreeTest
Tests run: 1, Failures: 0, Errors: 0, Skipped: 0, Time elapsed: 0.002 sec - in org.traccar.helper.LocationTreeTest
Running org.traccar.helper.LogTest
Tests run: 1, Failures: 0, Errors: 0, Skipped: 0, Time elapsed: 0.002 sec - in org.traccar.helper.LogTest
Running org.traccar.helper.ObdDecoderTest
Tests run: 2, Failures: 0, Errors: 0, Skipped: 0, Time elapsed: 0.003 sec - in org.traccar.helper.ObdDecoderTest
Running org.traccar.helper.DistanceCalculatorTest
Tests run: 2, Failures: 0, Errors: 0, Skipped: 0, Time elapsed: 0.002 sec - in org.traccar.helper.DistanceCalculatorTest
Running org.traccar.helper.BitUtilTest
Tests run: 4, Failures: 0, Errors: 0, Skipped: 0, Time elapsed: 0.01 sec - in org.traccar.helper.BitUtilTest
Running org.traccar.helper.DateUtilTest
Tests run: 1, Failures: 0, Errors: 0, Skipped: 0, Time elapsed: 0.002 sec - in org.traccar.helper.DateUtilTest
Running org.traccar.helper.ChecksumTest
Tests run: 2, Failures: 0, Errors: 0, Skipped: 0, Time elapsed: 0.002 sec - in org.traccar.helper.ChecksumTest
Running org.traccar.helper.DateBuilderTest
Tests run: 1, Failures: 0, Errors: 0, Skipped: 0, Time elapsed: 0.001 sec - in org.traccar.helper.DateBuilderTest
Running org.traccar.helper.BcdUtilTest
Tests run: 2, Failures: 0, Errors: 0, Skipped: 0, Time elapsed: 0.001 sec - in org.traccar.helper.BcdUtilTest
Running org.traccar.helper.PatternBuilderTest
Tests run: 1, Failures: 0, Errors: 0, Skipped: 0, Time elapsed: 0.002 sec - in org.traccar.helper.PatternBuilderTest

Results :

Tests run: 270, Failures: 0, Errors: 0, Skipped: 6

[INFO] ------------------------------------------------------------------------
[INFO] BUILD SUCCESS
[INFO] ------------------------------------------------------------------------
[INFO] Total time: 14.785 s
[INFO] Finished at: 2022-04-20T23:25:17+08:00
[INFO] Final Memory: 25M/466M
[INFO] ------------------------------------------------------------------------

    